# command: build/aclab --patterns data/patterns_et_32.txt --input data/enron_skew_uniform.txt --searcher pthread_chunked_v2 --threads 12 --warmup 1 --iters 3 --per-thread
# started: 2026-07-02T05:18:08-03:00
# phase:   H_skew
# label:   patterns_et_32__enron_skew_uniform__pthread_chunked_v2__T12_rep03_perthread

# Aho-Corasick laboratory
# git:        172ee0f
# patterns:   44678 (max len 128, min len 5)
# automaton:  508896 states, 506.78 MiB
# input:      4294967296 bytes (4096.00 MiB) via mmap
# build time: 456.212 ms
# warmup=1 iters=3 threads=12 tasks_per_thread=4

searcher                thr        bytes        min(ms)       mean(ms)        max(ms)         MB/s    matches     median(ms)      cv%       Gbps    wrk
pthread_chunked_v2       12   4294967296      13932.829      16516.235      20918.882       248.00  141136256      14696.994    23.20     2.0804     12
#   iter_ms: 13932.829 20918.882 14696.994
#   workers=12  median_MB/s=278.70  ns/byte=3.8455  stdev_ms=3831.901
    [t00] 16787.541 ms  357913942 bytes  11581339 matches  20.33 MB/s  cpu=5
    [t01] 18198.074 ms  357914069 bytes  11846304 matches  18.76 MB/s  cpu=2
    [t02] 16984.303 ms  357914069 bytes  11856421 matches  20.10 MB/s  cpu=3
    [t03] 17597.773 ms  357914069 bytes  11581339 matches  19.40 MB/s  cpu=0
    [t04] 14545.621 ms  357914069 bytes  11846304 matches  23.47 MB/s  cpu=3
    [t05] 17462.503 ms  357914069 bytes  11856421 matches  19.55 MB/s  cpu=6
    [t06] 18372.652 ms  357914069 bytes  11581339 matches  18.58 MB/s  cpu=2
    [t07] 14191.420 ms  357914069 bytes  11846304 matches  24.05 MB/s  cpu=1
    [t08] 15027.340 ms  357914069 bytes  11856421 matches  22.71 MB/s  cpu=10
    [t09] 16770.909 ms  357914069 bytes  11581339 matches  20.35 MB/s  cpu=7
    [t10] 18278.293 ms  357914069 bytes  11846304 matches  18.67 MB/s  cpu=0
    [t11] 14413.353 ms  357914061 bytes  11856421 matches  23.68 MB/s  cpu=10

# finished:        2026-07-02T05:19:38-03:00
# elapsed_seconds: 90
# exit_code:       0
