# command: build/aclab --patterns data/patterns_snort.txt --input data/enron_skew_clustered.txt --searcher pthread_dynamic_flat --threads 12 --warmup 1 --iters 3 --per-thread
# started: 2026-07-02T05:12:46-03:00
# phase:   H_skew
# label:   patterns_snort__enron_skew_clustered__pthread_dynamic_flat__T12_rep03_perthread

# Aho-Corasick laboratory
# git:        172ee0f
# patterns:   4188 (max len 470, min len 4)
# automaton:  55479 states, 55.23 MiB
# input:      4294967296 bytes (4096.00 MiB) via mmap
# build time: 43.928 ms
# warmup=1 iters=3 threads=12 tasks_per_thread=4

searcher                thr        bytes        min(ms)       mean(ms)        max(ms)         MB/s    matches     median(ms)      cv%       Gbps    wrk
pthread_dynamic_flat     12   4294967296       7666.704       8839.697      10862.168       463.36   94304128       7990.220    19.90     3.8870     12
#   iter_ms: 10862.168 7666.704 7990.220
#   workers=12  median_MB/s=512.63  ns/byte=2.0582  stdev_ms=1758.964
    [t00] 11471.410 ms  357913944 bytes  7858760 matches  29.76 MB/s  cpu=2
    [t01] 11545.331 ms  178956972 bytes  5823724 matches  14.78 MB/s  cpu=10
    [t02] 10772.809 ms  268435458 bytes  6844729 matches  23.76 MB/s  cpu=7
    [t03] 11577.290 ms  178956972 bytes  5815711 matches  14.74 MB/s  cpu=11
    [t04] 11153.881 ms  536870916 bytes  9894593 matches  45.90 MB/s  cpu=5
    [t05] 10833.381 ms  268435458 bytes  6846819 matches  23.63 MB/s  cpu=5
    [t06] 11550.654 ms  178956972 bytes  5813744 matches  14.78 MB/s  cpu=2
    [t07] 11385.034 ms  626349402 bytes  10916386 matches  52.47 MB/s  cpu=1
    [t08] 11089.757 ms  536870916 bytes  9902607 matches  46.17 MB/s  cpu=3
    [t09] 11593.913 ms  357913944 bytes  7848656 matches  29.44 MB/s  cpu=0
    [t10] 11566.752 ms  626349402 bytes  10915466 matches  51.64 MB/s  cpu=0
    [t11] 11509.885 ms  178956972 bytes  5822933 matches  14.83 MB/s  cpu=0

# finished:        2026-07-02T05:13:35-03:00
# elapsed_seconds: 50
# exit_code:       0
