# command: build/aclab --patterns data/patterns_snort.txt --input data/enron_skew_uniform.txt --searcher pthread_chunked_flat --threads 12 --warmup 1 --iters 3 --per-thread
# started: 2026-07-02T04:39:01-03:00
# phase:   H_skew
# label:   patterns_snort__enron_skew_uniform__pthread_chunked_flat__T12_rep02_perthread

# Aho-Corasick laboratory
# git:        172ee0f
# patterns:   4188 (max len 470, min len 4)
# automaton:  55479 states, 55.23 MiB
# input:      4294967296 bytes (4096.00 MiB) via mmap
# build time: 42.680 ms
# warmup=1 iters=3 threads=12 tasks_per_thread=4

searcher                thr        bytes        min(ms)       mean(ms)        max(ms)         MB/s    matches     median(ms)      cv%       Gbps    wrk
pthread_chunked_flat     12   4294967296       7440.019       8525.258      10571.389       480.45   94304128       7564.366    20.80     4.0303     12
#   iter_ms: 10571.389 7440.019 7564.366
#   workers=12  median_MB/s=541.49  ns/byte=1.9849  stdev_ms=1773.092
    [t00] 7822.906 ms  357913942 bytes  7625349 matches  43.63 MB/s  cpu=10
    [t01] 8105.176 ms  357914411 bytes  7979872 matches  42.11 MB/s  cpu=3
    [t02] 7995.813 ms  357914411 bytes  7970811 matches  42.69 MB/s  cpu=0
    [t03] 7673.556 ms  357914411 bytes  7625349 matches  44.48 MB/s  cpu=1
    [t04] 6886.765 ms  357914411 bytes  7979872 matches  49.56 MB/s  cpu=2
    [t05] 8054.915 ms  357914411 bytes  7970811 matches  42.38 MB/s  cpu=8
    [t06] 7739.338 ms  357914411 bytes  7625349 matches  44.10 MB/s  cpu=2
    [t07] 6676.192 ms  357914411 bytes  7979872 matches  51.13 MB/s  cpu=0
    [t08] 6855.413 ms  357914411 bytes  7970811 matches  49.79 MB/s  cpu=3
    [t09] 7822.822 ms  357914411 bytes  7625349 matches  43.63 MB/s  cpu=11
    [t10] 8154.581 ms  357914411 bytes  7979872 matches  41.86 MB/s  cpu=0
    [t11] 6655.695 ms  357914403 bytes  7970811 matches  51.28 MB/s  cpu=1

# finished:        2026-07-02T04:39:46-03:00
# elapsed_seconds: 45
# exit_code:       0
