# command: build/aclab --patterns data/patterns_snort.txt --input data/enron_skew_uniform.txt --searcher pthread_chunked_v2 --threads 12 --warmup 1 --iters 3 --per-thread
# started: 2026-07-02T04:31:22-03:00
# phase:   H_skew
# label:   patterns_snort__enron_skew_uniform__pthread_chunked_v2__T12_rep03_perthread

# Aho-Corasick laboratory
# git:        172ee0f
# patterns:   4188 (max len 470, min len 4)
# automaton:  55479 states, 55.23 MiB
# input:      4294967296 bytes (4096.00 MiB) via mmap
# build time: 45.864 ms
# warmup=1 iters=3 threads=12 tasks_per_thread=4

searcher                thr        bytes        min(ms)       mean(ms)        max(ms)         MB/s    matches     median(ms)      cv%       Gbps    wrk
pthread_chunked_v2       12   4294967296       8335.648       9175.337      10518.978       446.41   94304128       8671.386    12.81     3.7448     12
#   iter_ms: 8335.648 8671.386 10518.978
#   workers=12  median_MB/s=472.36  ns/byte=2.1363  stdev_ms=1175.673
    [t00] 10427.315 ms  357913942 bytes  7625349 matches  32.73 MB/s  cpu=2
    [t01] 10670.751 ms  357914411 bytes  7979872 matches  31.99 MB/s  cpu=8
    [t02] 10816.193 ms  357914411 bytes  7970811 matches  31.56 MB/s  cpu=0
    [t03] 10803.009 ms  357914411 bytes  7625349 matches  31.60 MB/s  cpu=11
    [t04] 9833.220 ms  357914411 bytes  7979872 matches  34.71 MB/s  cpu=3
    [t05] 10816.176 ms  357914411 bytes  7970811 matches  31.56 MB/s  cpu=3
    [t06] 10802.988 ms  357914411 bytes  7625349 matches  31.60 MB/s  cpu=10
    [t07] 9698.037 ms  357914411 bytes  7979872 matches  35.20 MB/s  cpu=1
    [t08] 9889.753 ms  357914411 bytes  7970811 matches  34.51 MB/s  cpu=2
    [t09] 10635.362 ms  357914411 bytes  7625349 matches  32.09 MB/s  cpu=7
    [t10] 10919.106 ms  357914411 bytes  7979872 matches  31.26 MB/s  cpu=0
    [t11] 9706.338 ms  357914403 bytes  7970811 matches  35.17 MB/s  cpu=0

# finished:        2026-07-02T04:32:11-03:00
# elapsed_seconds: 49
# exit_code:       0
