# command: build/aclab --patterns data/patterns_snort.txt --input data/enron_skew_uniform.txt --searcher pthread_chunked_v2 --threads 12 --warmup 1 --iters 3 --per-thread
# started: 2026-07-02T04:32:58-03:00
# phase:   H_skew
# label:   patterns_snort__enron_skew_uniform__pthread_chunked_v2__T12_rep05_perthread

# Aho-Corasick laboratory
# git:        172ee0f
# patterns:   4188 (max len 470, min len 4)
# automaton:  55479 states, 55.23 MiB
# input:      4294967296 bytes (4096.00 MiB) via mmap
# build time: 42.740 ms
# warmup=1 iters=3 threads=12 tasks_per_thread=4

searcher                thr        bytes        min(ms)       mean(ms)        max(ms)         MB/s    matches     median(ms)      cv%       Gbps    wrk
pthread_chunked_v2       12   4294967296       8485.272       9860.647      11693.297       415.39   94304128       9403.371    16.76     3.4845     12
#   iter_ms: 11693.297 9403.371 8485.272
#   workers=12  median_MB/s=435.59  ns/byte=2.2959  stdev_ms=1652.175
    [t00] 8229.809 ms  357913942 bytes  7625349 matches  41.48 MB/s  cpu=3
    [t01] 8707.809 ms  357914411 bytes  7979872 matches  39.20 MB/s  cpu=2
    [t02] 8500.361 ms  357914411 bytes  7970811 matches  40.16 MB/s  cpu=0
    [t03] 8606.467 ms  357914411 bytes  7625349 matches  39.66 MB/s  cpu=11
    [t04] 7330.227 ms  357914411 bytes  7979872 matches  46.57 MB/s  cpu=1
    [t05] 8734.264 ms  357914411 bytes  7970811 matches  39.08 MB/s  cpu=0
    [t06] 8606.446 ms  357914411 bytes  7625349 matches  39.66 MB/s  cpu=10
    [t07] 7367.314 ms  357914411 bytes  7979872 matches  46.33 MB/s  cpu=3
    [t08] 7318.900 ms  357914411 bytes  7970811 matches  46.64 MB/s  cpu=0
    [t09] 8521.268 ms  357914411 bytes  7625349 matches  40.06 MB/s  cpu=0
    [t10] 8791.365 ms  357914411 bytes  7979872 matches  38.83 MB/s  cpu=2
    [t11] 7322.653 ms  357914403 bytes  7970811 matches  46.61 MB/s  cpu=2

# finished:        2026-07-02T04:33:45-03:00
# elapsed_seconds: 47
# exit_code:       0
