# command: build/aclab --patterns data/patterns_snort.txt --input data/enron_skew_clustered.txt --searcher pthread_dynamic --threads 12 --warmup 1 --iters 3 --per-thread
# started: 2026-07-02T05:08:45-03:00
# phase:   H_skew
# label:   patterns_snort__enron_skew_clustered__pthread_dynamic__T12_rep03_perthread

# Aho-Corasick laboratory
# git:        172ee0f
# patterns:   4188 (max len 470, min len 4)
# automaton:  55479 states, 55.23 MiB
# input:      4294967296 bytes (4096.00 MiB) via mmap
# build time: 46.209 ms
# warmup=1 iters=3 threads=12 tasks_per_thread=4

searcher                thr        bytes        min(ms)       mean(ms)        max(ms)         MB/s    matches     median(ms)      cv%       Gbps    wrk
pthread_dynamic          12   4294967296       8273.209       8596.559       9209.355       476.47   94304128       8307.113     6.18     3.9969     12
#   iter_ms: 8273.209 8307.113 9209.355
#   workers=12  median_MB/s=493.07  ns/byte=2.0015  stdev_ms=530.967
    [t00] 11475.696 ms  357913944 bytes  7850493 matches  29.74 MB/s  cpu=2
    [t01] 11254.531 ms  268435458 bytes  6826607 matches  22.75 MB/s  cpu=6
    [t02] 10639.178 ms  268435458 bytes  6827524 matches  24.06 MB/s  cpu=10
    [t03] 11331.695 ms  268435458 bytes  6846949 matches  22.59 MB/s  cpu=2
    [t04] 11475.080 ms  536870916 bytes  9910877 matches  44.62 MB/s  cpu=0
    [t05] 11523.421 ms  357913944 bytes  7859808 matches  29.62 MB/s  cpu=2
    [t06] 11256.555 ms  268435458 bytes  6844853 matches  22.74 MB/s  cpu=7
    [t07] 10919.969 ms  447392430 bytes  8871494 matches  39.07 MB/s  cpu=3
    [t08] 11328.087 ms  536870916 bytes  9894464 matches  45.20 MB/s  cpu=1
    [t09] 10620.691 ms  268435458 bytes  6845648 matches  24.10 MB/s  cpu=9
    [t10] 11290.605 ms  268435458 bytes  6845646 matches  22.67 MB/s  cpu=2
    [t11] 11035.040 ms  447392430 bytes  8879765 matches  38.66 MB/s  cpu=10

# finished:        2026-07-02T05:09:35-03:00
# elapsed_seconds: 50
# exit_code:       0
