# command: build/aclab --patterns data/patterns_et_32.txt --input data/enron_skew_uniform.txt --searcher pthread_chunked_v2 --threads 12 --warmup 1 --iters 3 --per-thread
# started: 2026-07-02T05:15:09-03:00
# phase:   H_skew
# label:   patterns_et_32__enron_skew_uniform__pthread_chunked_v2__T12_rep01_perthread

# Aho-Corasick laboratory
# git:        172ee0f
# patterns:   44678 (max len 128, min len 5)
# automaton:  508896 states, 506.78 MiB
# input:      4294967296 bytes (4096.00 MiB) via mmap
# build time: 449.085 ms
# warmup=1 iters=3 threads=12 tasks_per_thread=4

searcher                thr        bytes        min(ms)       mean(ms)        max(ms)         MB/s    matches     median(ms)      cv%       Gbps    wrk
pthread_chunked_v2       12   4294967296      13802.537      19265.852      22228.441       212.60  141136256      21766.579    24.59     1.7835     12
#   iter_ms: 22228.441 13802.537 21766.579
#   workers=12  median_MB/s=188.18  ns/byte=4.4857  stdev_ms=4737.002
    [t00] 13341.631 ms  357913942 bytes  11581339 matches  25.58 MB/s  cpu=2
    [t01] 14042.238 ms  357914069 bytes  11846304 matches  24.31 MB/s  cpu=2
    [t02] 13697.485 ms  357914069 bytes  11856421 matches  24.92 MB/s  cpu=0
    [t03] 14143.878 ms  357914069 bytes  11581339 matches  24.13 MB/s  cpu=2
    [t04] 12277.304 ms  357914069 bytes  11846304 matches  27.80 MB/s  cpu=4
    [t05] 13998.520 ms  357914069 bytes  11856421 matches  24.38 MB/s  cpu=6
    [t06] 14170.401 ms  357914069 bytes  11581339 matches  24.09 MB/s  cpu=2
    [t07] 12114.612 ms  357914069 bytes  11846304 matches  28.18 MB/s  cpu=0
    [t08] 12373.021 ms  357914069 bytes  11856421 matches  27.59 MB/s  cpu=3
    [t09] 13578.331 ms  357914069 bytes  11581339 matches  25.14 MB/s  cpu=7
    [t10] 14161.373 ms  357914069 bytes  11846304 matches  24.10 MB/s  cpu=0
    [t11] 12110.214 ms  357914061 bytes  11856421 matches  28.19 MB/s  cpu=1

# finished:        2026-07-02T05:16:37-03:00
# elapsed_seconds: 88
# exit_code:       0
