# command: build/aclab --patterns data/patterns_snort.txt --input data/enron_skew_uniform.txt --searcher pthread_chunked_flat --threads 12 --warmup 1 --iters 3 --per-thread
# started: 2026-07-02T04:41:23-03:00
# phase:   H_skew
# label:   patterns_snort__enron_skew_uniform__pthread_chunked_flat__T12_rep05_perthread

# Aho-Corasick laboratory
# git:        172ee0f
# patterns:   4188 (max len 470, min len 4)
# automaton:  55479 states, 55.23 MiB
# input:      4294967296 bytes (4096.00 MiB) via mmap
# build time: 43.775 ms
# warmup=1 iters=3 threads=12 tasks_per_thread=4

searcher                thr        bytes        min(ms)       mean(ms)        max(ms)         MB/s    matches     median(ms)      cv%       Gbps    wrk
pthread_chunked_flat     12   4294967296       7489.452       9036.341      11023.906       453.28   94304128       8595.665    20.01     3.8024     12
#   iter_ms: 7489.452 8595.665 11023.906
#   workers=12  median_MB/s=476.52  ns/byte=2.1039  stdev_ms=1807.965
    [t00] 8906.919 ms  357913942 bytes  7625349 matches  38.32 MB/s  cpu=6
    [t01] 9143.316 ms  357914411 bytes  7979872 matches  37.33 MB/s  cpu=0
    [t02] 8955.862 ms  357914411 bytes  7970811 matches  38.11 MB/s  cpu=0
    [t03] 8966.009 ms  357914411 bytes  7625349 matches  38.07 MB/s  cpu=11
    [t04] 7944.516 ms  357914411 bytes  7979872 matches  42.96 MB/s  cpu=1
    [t05] 8923.279 ms  357914411 bytes  7970811 matches  38.25 MB/s  cpu=0
    [t06] 8935.102 ms  357914411 bytes  7625349 matches  38.20 MB/s  cpu=2
    [t07] 8015.130 ms  357914411 bytes  7979872 matches  42.59 MB/s  cpu=3
    [t08] 7935.905 ms  357914411 bytes  7970811 matches  43.01 MB/s  cpu=0
    [t09] 8906.844 ms  357914411 bytes  7625349 matches  38.32 MB/s  cpu=7
    [t10] 9143.120 ms  357914411 bytes  7979872 matches  37.33 MB/s  cpu=2
    [t11] 8072.620 ms  357914403 bytes  7970811 matches  42.28 MB/s  cpu=2

# finished:        2026-07-02T04:42:09-03:00
# elapsed_seconds: 45
# exit_code:       0
