# command: build/aclab --patterns data/patterns_et_32.txt --input data/enron_skew_uniform.txt --searcher pthread_chunked_flat --threads 12 --warmup 1 --iters 3 --per-thread
# started: 2026-07-02T05:35:12-03:00
# phase:   H_skew
# label:   patterns_et_32__enron_skew_uniform__pthread_chunked_flat__T12_rep04_perthread

# Aho-Corasick laboratory
# git:        172ee0f
# patterns:   44678 (max len 128, min len 5)
# automaton:  508896 states, 506.78 MiB
# input:      4294967296 bytes (4096.00 MiB) via mmap
# build time: 457.921 ms
# warmup=1 iters=3 threads=12 tasks_per_thread=4

searcher                thr        bytes        min(ms)       mean(ms)        max(ms)         MB/s    matches     median(ms)      cv%       Gbps    wrk
pthread_chunked_flat     12   4294967296      11437.647      14233.492      18791.437       287.77  141136256      12471.392    27.97     2.4140     12
#   iter_ms: 18791.437 11437.647 12471.392
#   workers=12  median_MB/s=328.43  ns/byte=3.3140  stdev_ms=3980.993
    [t00] 17334.086 ms  357913942 bytes  11581339 matches  19.69 MB/s  cpu=0
    [t01] 18224.586 ms  357914069 bytes  11846304 matches  18.73 MB/s  cpu=0
    [t02] 17564.599 ms  357914069 bytes  11856421 matches  19.43 MB/s  cpu=3
    [t03] 18352.812 ms  357914069 bytes  11581339 matches  18.60 MB/s  cpu=2
    [t04] 16533.038 ms  357914069 bytes  11846304 matches  20.65 MB/s  cpu=1
    [t05] 17782.634 ms  357914069 bytes  11856421 matches  19.19 MB/s  cpu=2
    [t06] 18338.050 ms  357914069 bytes  11581339 matches  18.61 MB/s  cpu=1
    [t07] 16533.106 ms  357914069 bytes  11846304 matches  20.65 MB/s  cpu=3
    [t08] 16520.801 ms  357914069 bytes  11856421 matches  20.66 MB/s  cpu=0
    [t09] 17598.365 ms  357914069 bytes  11581339 matches  19.40 MB/s  cpu=2
    [t10] 18286.426 ms  357914069 bytes  11846304 matches  18.67 MB/s  cpu=2
    [t11] 16520.457 ms  357914061 bytes  11856421 matches  20.66 MB/s  cpu=2

# finished:        2026-07-02T05:36:27-03:00
# elapsed_seconds: 75
# exit_code:       0
