# command: build/aclab --patterns data/patterns_snort.txt --input data/enron_skew_uniform.txt --searcher pthread_chunked_v2 --threads 12 --warmup 1 --iters 3 --per-thread
# started: 2026-07-02T04:30:35-03:00
# phase:   H_skew
# label:   patterns_snort__enron_skew_uniform__pthread_chunked_v2__T12_rep02_perthread

# Aho-Corasick laboratory
# git:        172ee0f
# patterns:   4188 (max len 470, min len 4)
# automaton:  55479 states, 55.23 MiB
# input:      4294967296 bytes (4096.00 MiB) via mmap
# build time: 46.931 ms
# warmup=1 iters=3 threads=12 tasks_per_thread=4

searcher                thr        bytes        min(ms)       mean(ms)        max(ms)         MB/s    matches     median(ms)      cv%       Gbps    wrk
pthread_chunked_v2       12   4294967296       8092.043       8318.162       8491.483       492.42   94304128       8370.960     2.46     4.1307     12
#   iter_ms: 8092.043 8370.960 8491.483
#   workers=12  median_MB/s=489.31  ns/byte=1.9367  stdev_ms=204.887
    [t00] 10885.086 ms  357913942 bytes  7625349 matches  31.36 MB/s  cpu=4
    [t01] 11186.564 ms  357914411 bytes  7979872 matches  30.51 MB/s  cpu=2
    [t02] 11323.298 ms  357914411 bytes  7970811 matches  30.14 MB/s  cpu=11
    [t03] 11329.261 ms  357914411 bytes  7625349 matches  30.13 MB/s  cpu=0
    [t04] 9592.153 ms  357914411 bytes  7979872 matches  35.58 MB/s  cpu=4
    [t05] 11323.295 ms  357914411 bytes  7970811 matches  30.14 MB/s  cpu=4
    [t06] 9080.094 ms  357914411 bytes  7625349 matches  37.59 MB/s  cpu=0
    [t07] 9463.840 ms  357914411 bytes  7979872 matches  36.07 MB/s  cpu=1
    [t08] 9631.534 ms  357914411 bytes  7970811 matches  35.44 MB/s  cpu=3
    [t09] 10863.986 ms  357914411 bytes  7625349 matches  31.42 MB/s  cpu=9
    [t10] 11126.807 ms  357914411 bytes  7979872 matches  30.68 MB/s  cpu=1
    [t11] 11396.433 ms  357914403 bytes  7970811 matches  29.95 MB/s  cpu=2

# finished:        2026-07-02T04:31:22-03:00
# elapsed_seconds: 48
# exit_code:       0
