# command: build/aclab --patterns data/patterns_et_32.txt --input data/enron_skew_clustered.txt --searcher pthread_dynamic --threads 12 --warmup 1 --iters 3 --per-thread
# started: 2026-07-02T06:17:40-03:00
# phase:   H_skew
# label:   patterns_et_32__enron_skew_clustered__pthread_dynamic__T12_rep01_perthread

# Aho-Corasick laboratory
# git:        172ee0f
# patterns:   44678 (max len 128, min len 5)
# automaton:  508896 states, 506.78 MiB
# input:      4294967296 bytes (4096.00 MiB) via mmap
# build time: 454.471 ms
# warmup=1 iters=3 threads=12 tasks_per_thread=4

searcher                thr        bytes        min(ms)       mean(ms)        max(ms)         MB/s    matches     median(ms)      cv%       Gbps    wrk
pthread_dynamic          12   4294967296      13872.059      15643.379      17954.004       261.84  141136256      15104.074    13.38     2.1964     12
#   iter_ms: 13872.059 17954.004 15104.074
#   workers=12  median_MB/s=271.19  ns/byte=3.6423  stdev_ms=2093.730
    [t00] 15366.785 ms  357913944 bytes  11774015 matches  22.21 MB/s  cpu=2
    [t01] 13811.370 ms  268435458 bytes  9551390 matches  18.54 MB/s  cpu=11
    [t02] 15240.160 ms  357913944 bytes  11750754 matches  22.40 MB/s  cpu=0
    [t03] 13804.732 ms  268435458 bytes  9540261 matches  18.54 MB/s  cpu=8
    [t04] 14723.171 ms  447392430 bytes  13988215 matches  28.98 MB/s  cpu=1
    [t05] 15380.585 ms  357913944 bytes  11769413 matches  22.19 MB/s  cpu=0
    [t06] 13923.073 ms  268435458 bytes  9554535 matches  18.39 MB/s  cpu=9
    [t07] 14929.060 ms  447392430 bytes  13978893 matches  28.58 MB/s  cpu=3
    [t08] 15042.055 ms  447392430 bytes  13970348 matches  28.36 MB/s  cpu=4
    [t09] 15304.136 ms  357913944 bytes  11748499 matches  22.30 MB/s  cpu=2
    [t10] 13869.906 ms  268435458 bytes  9529466 matches  18.46 MB/s  cpu=10
    [t11] 15142.723 ms  447392430 bytes  13980467 matches  28.18 MB/s  cpu=10

# finished:        2026-07-02T06:19:04-03:00
# elapsed_seconds: 84
# exit_code:       0
