# command: build/aclab --patterns data/patterns_snort.txt --input data/enron_skew_uniform.txt --searcher pthread_chunked_flat --threads 12 --warmup 1 --iters 3 --per-thread
# started: 2026-07-02T04:38:18-03:00
# phase:   H_skew
# label:   patterns_snort__enron_skew_uniform__pthread_chunked_flat__T12_rep01_perthread

# Aho-Corasick laboratory
# git:        172ee0f
# patterns:   4188 (max len 470, min len 4)
# automaton:  55479 states, 55.23 MiB
# input:      4294967296 bytes (4096.00 MiB) via mmap
# build time: 42.568 ms
# warmup=1 iters=3 threads=12 tasks_per_thread=4

searcher                thr        bytes        min(ms)       mean(ms)        max(ms)         MB/s    matches     median(ms)      cv%       Gbps    wrk
pthread_chunked_flat     12   4294967296       7344.896       9273.038      10545.039       441.71   94304128       9929.178    18.31     3.7053     12
#   iter_ms: 10545.039 9929.178 7344.896
#   workers=12  median_MB/s=412.52  ns/byte=2.1590  stdev_ms=1697.975
    [t00] 7319.302 ms  357913942 bytes  7625349 matches  46.63 MB/s  cpu=0
    [t01] 7425.186 ms  357914411 bytes  7979872 matches  45.97 MB/s  cpu=2
    [t02] 7583.092 ms  357914411 bytes  7970811 matches  45.01 MB/s  cpu=2
    [t03] 7231.492 ms  357914411 bytes  7625349 matches  47.20 MB/s  cpu=0
    [t04] 6400.762 ms  357914411 bytes  7979872 matches  53.33 MB/s  cpu=1
    [t05] 7583.081 ms  357914411 bytes  7970811 matches  45.01 MB/s  cpu=11
    [t06] 7508.143 ms  357914411 bytes  7625349 matches  45.46 MB/s  cpu=7
    [t07] 6426.227 ms  357914411 bytes  7979872 matches  53.12 MB/s  cpu=3
    [t08] 6381.520 ms  357914411 bytes  7970811 matches  53.49 MB/s  cpu=0
    [t09] 7366.101 ms  357914411 bytes  7625349 matches  46.34 MB/s  cpu=10
    [t10] 7616.580 ms  357914411 bytes  7979872 matches  44.81 MB/s  cpu=1
    [t11] 6417.539 ms  357914403 bytes  7970811 matches  53.19 MB/s  cpu=4

# finished:        2026-07-02T04:39:01-03:00
# elapsed_seconds: 43
# exit_code:       0
