# command: build/aclab --patterns data/patterns_snort.txt --input data/enron_skew_clustered.txt --searcher pthread_dynamic --threads 12 --warmup 1 --iters 3 --per-thread
# started: 2026-07-02T05:09:35-03:00
# phase:   H_skew
# label:   patterns_snort__enron_skew_clustered__pthread_dynamic__T12_rep04_perthread

# Aho-Corasick laboratory
# git:        172ee0f
# patterns:   4188 (max len 470, min len 4)
# automaton:  55479 states, 55.23 MiB
# input:      4294967296 bytes (4096.00 MiB) via mmap
# build time: 46.946 ms
# warmup=1 iters=3 threads=12 tasks_per_thread=4

searcher                thr        bytes        min(ms)       mean(ms)        max(ms)         MB/s    matches     median(ms)      cv%       Gbps    wrk
pthread_dynamic          12   4294967296       8261.605       9243.620      11124.782       443.12   94304128       8344.473    17.63     3.7171     12
#   iter_ms: 8344.473 8261.605 11124.782
#   workers=12  median_MB/s=490.86  ns/byte=2.1522  stdev_ms=1629.661
    [t00] 11578.732 ms  357913944 bytes  7859682 matches  29.48 MB/s  cpu=0
    [t01] 11530.649 ms  357913944 bytes  7866903 matches  29.60 MB/s  cpu=0
    [t02] 11598.199 ms  357913944 bytes  7850496 matches  29.43 MB/s  cpu=2
    [t03] 11510.677 ms  268435458 bytes  6836712 matches  22.24 MB/s  cpu=2
    [t04] 11097.525 ms  447392430 bytes  8862434 matches  38.45 MB/s  cpu=6
    [t05] 10664.874 ms  268435458 bytes  6835667 matches  24.00 MB/s  cpu=9
    [t06] 11515.568 ms  268435458 bytes  6844727 matches  22.23 MB/s  cpu=2
    [t07] 11293.086 ms  536870916 bytes  9902733 matches  45.34 MB/s  cpu=1
    [t08] 11033.117 ms  447392430 bytes  8890919 matches  38.67 MB/s  cpu=3
    [t09] 11472.271 ms  536870916 bytes  9893419 matches  44.63 MB/s  cpu=4
    [t10] 10714.119 ms  178956972 bytes  5824771 matches  15.93 MB/s  cpu=6
    [t11] 11380.035 ms  268435458 bytes  6835665 matches  22.50 MB/s  cpu=2

# finished:        2026-07-02T05:10:25-03:00
# elapsed_seconds: 50
# exit_code:       0
