# command: build/aclab --patterns data/patterns_et_32.txt --input data/enron_skew_clustered.txt --searcher pthread_dynamic_flat --threads 12 --warmup 1 --iters 3 --per-thread
# started: 2026-07-02T06:28:56-03:00
# phase:   H_skew
# label:   patterns_et_32__enron_skew_clustered__pthread_dynamic_flat__T12_rep05_perthread

# Aho-Corasick laboratory
# git:        172ee0f
# patterns:   44678 (max len 128, min len 5)
# automaton:  508896 states, 506.78 MiB
# input:      4294967296 bytes (4096.00 MiB) via mmap
# build time: 462.152 ms
# warmup=1 iters=3 threads=12 tasks_per_thread=4

searcher                thr        bytes        min(ms)       mean(ms)        max(ms)         MB/s    matches     median(ms)      cv%       Gbps    wrk
pthread_dynamic_flat     12   4294967296      10399.007      13021.705      15602.176       314.55  141136256      13063.931    19.98     2.6387     12
#   iter_ms: 13063.931 15602.176 10399.007
#   workers=12  median_MB/s=313.54  ns/byte=3.0319  stdev_ms=2601.842
    [t00] 12414.251 ms  357913944 bytes  11759179 matches  27.50 MB/s  cpu=1
    [t01] 10946.340 ms  268435458 bytes  9551390 matches  23.39 MB/s  cpu=5
    [t02] 12412.459 ms  357913944 bytes  11769414 matches  27.50 MB/s  cpu=2
    [t03] 11010.604 ms  268435458 bytes  9545097 matches  23.25 MB/s  cpu=4
    [t04] 11951.287 ms  447392430 bytes  13970351 matches  35.70 MB/s  cpu=2
    [t05] 12379.900 ms  357913944 bytes  11745353 matches  27.57 MB/s  cpu=0
    [t06] 12278.845 ms  447392430 bytes  13978776 matches  34.75 MB/s  cpu=0
    [t07] 11185.499 ms  268435458 bytes  9529465 matches  22.89 MB/s  cpu=6
    [t08] 12085.778 ms  447392430 bytes  13998448 matches  35.30 MB/s  cpu=2
    [t09] 12365.540 ms  357913944 bytes  11763899 matches  27.60 MB/s  cpu=2
    [t10] 11325.130 ms  268435458 bytes  9549817 matches  22.60 MB/s  cpu=7
    [t11] 11832.638 ms  447392430 bytes  13975067 matches  36.06 MB/s  cpu=0

# finished:        2026-07-02T06:30:00-03:00
# elapsed_seconds: 64
# exit_code:       0
