# command: build/aclab --patterns data/patterns_snort.txt --input data/enron_skew_uniform.txt --searcher pthread_dynamic --threads 12 --warmup 1 --iters 3 --per-thread
# started: 2026-07-02T04:42:09-03:00
# phase:   H_skew
# label:   patterns_snort__enron_skew_uniform__pthread_dynamic__T12_rep01_perthread

# Aho-Corasick laboratory
# git:        172ee0f
# patterns:   4188 (max len 470, min len 4)
# automaton:  55479 states, 55.23 MiB
# input:      4294967296 bytes (4096.00 MiB) via mmap
# build time: 43.745 ms
# warmup=1 iters=3 threads=12 tasks_per_thread=4

searcher                thr        bytes        min(ms)       mean(ms)        max(ms)         MB/s    matches     median(ms)      cv%       Gbps    wrk
pthread_dynamic          12   4294967296       9026.407      11008.650      12462.132       372.07   94304128      11537.411    16.15     3.1212     12
#   iter_ms: 12462.132 11537.411 9026.407
#   workers=12  median_MB/s=355.02  ns/byte=2.5632  stdev_ms=1777.848
    [t00] 9564.241 ms  268435458 bytes  6257591 matches  26.77 MB/s  cpu=11
    [t01] 9053.179 ms  268435458 bytes  6248530 matches  28.28 MB/s  cpu=4
    [t02] 11398.785 ms  357913944 bytes  7970811 matches  29.94 MB/s  cpu=1
    [t03] 11092.812 ms  357913944 bytes  7979874 matches  30.77 MB/s  cpu=0
    [t04] 11173.557 ms  447392430 bytes  9693092 matches  38.19 MB/s  cpu=4
    [t05] 9358.114 ms  268435458 bytes  5903067 matches  27.36 MB/s  cpu=9
    [t06] 11289.345 ms  357913944 bytes  8307209 matches  30.23 MB/s  cpu=2
    [t07] 10679.982 ms  447392430 bytes  9711215 matches  39.95 MB/s  cpu=3
    [t08] 10386.559 ms  447392430 bytes  9356693 matches  41.08 MB/s  cpu=1
    [t09] 9028.521 ms  268435458 bytes  5894007 matches  28.35 MB/s  cpu=8
    [t10] 11258.354 ms  357913944 bytes  7970810 matches  30.32 MB/s  cpu=0
    [t11] 10374.165 ms  447392430 bytes  9011229 matches  41.13 MB/s  cpu=9

# finished:        2026-07-02T04:43:03-03:00
# elapsed_seconds: 54
# exit_code:       0
