# command: build/aclab --patterns data/patterns_et_32.txt --input data/enron_skew_uniform.txt --searcher pthread_chunked_flat --threads 12 --warmup 1 --iters 3 --per-thread
# started: 2026-07-02T05:32:40-03:00
# phase:   H_skew
# label:   patterns_et_32__enron_skew_uniform__pthread_chunked_flat__T12_rep02_perthread

# Aho-Corasick laboratory
# git:        172ee0f
# patterns:   44678 (max len 128, min len 5)
# automaton:  508896 states, 506.78 MiB
# input:      4294967296 bytes (4096.00 MiB) via mmap
# build time: 455.484 ms
# warmup=1 iters=3 threads=12 tasks_per_thread=4

searcher                thr        bytes        min(ms)       mean(ms)        max(ms)         MB/s    matches     median(ms)      cv%       Gbps    wrk
pthread_chunked_flat     12   4294967296      13846.601      16378.087      18391.465       250.09  141136256      16896.195    14.14     2.0979     12
#   iter_ms: 16896.195 13846.601 18391.465
#   workers=12  median_MB/s=242.42  ns/byte=3.8133  stdev_ms=2316.306
    [t00] 10633.848 ms  357913942 bytes  11581339 matches  32.10 MB/s  cpu=1
    [t01] 11191.142 ms  357914069 bytes  11846304 matches  30.50 MB/s  cpu=0
    [t02] 10861.226 ms  357914069 bytes  11856421 matches  31.43 MB/s  cpu=3
    [t03] 11283.498 ms  357914069 bytes  11581339 matches  30.25 MB/s  cpu=2
    [t04] 9830.364 ms  357914069 bytes  11846304 matches  34.72 MB/s  cpu=1
    [t05] 11079.233 ms  357914069 bytes  11856421 matches  30.81 MB/s  cpu=7
    [t06] 11268.148 ms  357914069 bytes  11581339 matches  30.29 MB/s  cpu=0
    [t07] 9830.436 ms  357914069 bytes  11846304 matches  34.72 MB/s  cpu=3
    [t08] 9809.558 ms  357914069 bytes  11856421 matches  34.80 MB/s  cpu=0
    [t09] 10938.882 ms  357914069 bytes  11581339 matches  31.20 MB/s  cpu=2
    [t10] 11233.641 ms  357914069 bytes  11846304 matches  30.38 MB/s  cpu=3
    [t11] 9808.639 ms  357914061 bytes  11856421 matches  34.80 MB/s  cpu=2

# finished:        2026-07-02T05:33:56-03:00
# elapsed_seconds: 76
# exit_code:       0
