# command: build/aclab --patterns data/patterns_snort.txt --input data/enron_skew_uniform.txt --searcher pthread_chunked_v2 --threads 12 --warmup 1 --iters 3 --per-thread
# started: 2026-07-02T04:32:11-03:00
# phase:   H_skew
# label:   patterns_snort__enron_skew_uniform__pthread_chunked_v2__T12_rep04_perthread

# Aho-Corasick laboratory
# git:        172ee0f
# patterns:   4188 (max len 470, min len 4)
# automaton:  55479 states, 55.23 MiB
# input:      4294967296 bytes (4096.00 MiB) via mmap
# build time: 42.226 ms
# warmup=1 iters=3 threads=12 tasks_per_thread=4

searcher                thr        bytes        min(ms)       mean(ms)        max(ms)         MB/s    matches     median(ms)      cv%       Gbps    wrk
pthread_chunked_v2       12   4294967296       8185.911       9712.060      11107.357       421.74   94304128       9842.913    15.09     3.5378     12
#   iter_ms: 8185.911 9842.913 11107.357
#   workers=12  median_MB/s=416.14  ns/byte=2.2613  stdev_ms=1465.112
    [t00] 7602.340 ms  357913942 bytes  7625349 matches  44.90 MB/s  cpu=3
    [t01] 8021.637 ms  357914411 bytes  7979872 matches  42.55 MB/s  cpu=2
    [t02] 7810.166 ms  357914411 bytes  7970811 matches  43.70 MB/s  cpu=0
    [t03] 7985.004 ms  357914411 bytes  7625349 matches  42.75 MB/s  cpu=10
    [t04] 6889.275 ms  357914411 bytes  7979872 matches  49.55 MB/s  cpu=2
    [t05] 8000.737 ms  357914411 bytes  7970811 matches  42.66 MB/s  cpu=0
    [t06] 7984.993 ms  357914411 bytes  7625349 matches  42.75 MB/s  cpu=11
    [t07] 6898.611 ms  357914411 bytes  7979872 matches  49.48 MB/s  cpu=1
    [t08] 6877.940 ms  357914411 bytes  7970811 matches  49.63 MB/s  cpu=3
    [t09] 7864.910 ms  357914411 bytes  7625349 matches  43.40 MB/s  cpu=7
    [t10] 8100.228 ms  357914411 bytes  7979872 matches  42.14 MB/s  cpu=0
    [t11] 6898.457 ms  357914403 bytes  7970811 matches  49.48 MB/s  cpu=4

# finished:        2026-07-02T04:32:58-03:00
# elapsed_seconds: 47
# exit_code:       0
