# command: build/aclab --patterns data/patterns_snort.txt --input data/enron_skew_clustered.txt --searcher pthread_dynamic_flat --threads 12 --warmup 1 --iters 3 --per-thread
# started: 2026-07-02T05:13:35-03:00
# phase:   H_skew
# label:   patterns_snort__enron_skew_clustered__pthread_dynamic_flat__T12_rep04_perthread

# Aho-Corasick laboratory
# git:        172ee0f
# patterns:   4188 (max len 470, min len 4)
# automaton:  55479 states, 55.23 MiB
# input:      4294967296 bytes (4096.00 MiB) via mmap
# build time: 46.268 ms
# warmup=1 iters=3 threads=12 tasks_per_thread=4

searcher                thr        bytes        min(ms)       mean(ms)        max(ms)         MB/s    matches     median(ms)      cv%       Gbps    wrk
pthread_dynamic_flat     12   4294967296       7054.689       8280.084      10071.986       494.68   94304128       7713.576    19.16     4.1497     12
#   iter_ms: 7054.689 7713.576 10071.986
#   workers=12  median_MB/s=531.01  ns/byte=1.9279  stdev_ms=1586.417
    [t00] 11259.326 ms  268435458 bytes  6844984 matches  22.74 MB/s  cpu=0
    [t01] 11056.729 ms  268435458 bytes  6845900 matches  23.15 MB/s  cpu=0
    [t02] 11311.204 ms  268435458 bytes  6845773 matches  22.63 MB/s  cpu=2
    [t03] 11164.711 ms  268435458 bytes  6835666 matches  22.93 MB/s  cpu=7
    [t04] 10950.046 ms  536870916 bytes  9893418 matches  46.76 MB/s  cpu=0
    [t05] 11265.904 ms  268435458 bytes  6837632 matches  22.72 MB/s  cpu=2
    [t06] 11180.586 ms  268435458 bytes  6837759 matches  22.90 MB/s  cpu=5
    [t07] 11183.899 ms  536870916 bytes  9903525 matches  45.78 MB/s  cpu=3
    [t08] 10951.426 ms  536870916 bytes  9892626 matches  46.75 MB/s  cpu=1
    [t09] 11303.528 ms  268435458 bytes  6837761 matches  22.65 MB/s  cpu=0
    [t10] 11103.536 ms  268435458 bytes  6845647 matches  23.06 MB/s  cpu=6
    [t11] 11214.021 ms  536870916 bytes  9883437 matches  45.66 MB/s  cpu=0

# finished:        2026-07-02T05:14:23-03:00
# elapsed_seconds: 48
# exit_code:       0
