# command: build/aclab --patterns data/patterns_et_32.txt --input data/enron_skew_uniform.txt --searcher pthread_dynamic_flat --threads 12 --warmup 1 --iters 3 --per-thread
# started: 2026-07-02T05:51:41-03:00
# phase:   H_skew
# label:   patterns_et_32__enron_skew_uniform__pthread_dynamic_flat__T12_rep05_perthread

# Aho-Corasick laboratory
# git:        172ee0f
# patterns:   44678 (max len 128, min len 5)
# automaton:  508896 states, 506.78 MiB
# input:      4294967296 bytes (4096.00 MiB) via mmap
# build time: 452.696 ms
# warmup=1 iters=3 threads=12 tasks_per_thread=4

searcher                thr        bytes        min(ms)       mean(ms)        max(ms)         MB/s    matches     median(ms)      cv%       Gbps    wrk
pthread_dynamic_flat     12   4294967296      13186.410      16871.575      18913.894       242.78  141136256      18514.422    18.95     2.0365     12
#   iter_ms: 18514.422 13186.410 18913.894
#   workers=12  median_MB/s=221.23  ns/byte=3.9282  stdev_ms=3197.691
    [t00] 14086.969 ms  357913944 bytes  11591457 matches  24.23 MB/s  cpu=2
    [t01] 12716.967 ms  268435458 bytes  9075864 matches  20.13 MB/s  cpu=11
    [t02] 14547.237 ms  357913944 bytes  11836188 matches  23.46 MB/s  cpu=0
    [t03] 14742.822 ms  357913944 bytes  11591456 matches  23.15 MB/s  cpu=2
    [t04] 14838.782 ms  447392430 bytes  14891826 matches  28.75 MB/s  cpu=2
    [t05] 14391.035 ms  357913944 bytes  11571221 matches  23.72 MB/s  cpu=2
    [t06] 14920.614 ms  357913944 bytes  11866538 matches  22.88 MB/s  cpu=0
    [t07] 12766.236 ms  357913944 bytes  11846304 matches  26.74 MB/s  cpu=3
    [t08] 14121.929 ms  447392430 bytes  14331544 matches  30.21 MB/s  cpu=1
    [t09] 14614.041 ms  357913944 bytes  11581339 matches  23.36 MB/s  cpu=0
    [t10] 12843.524 ms  268435458 bytes  9096098 matches  19.93 MB/s  cpu=9
    [t11] 12842.679 ms  357913944 bytes  11856421 matches  26.58 MB/s  cpu=2

# finished:        2026-07-02T05:53:04-03:00
# elapsed_seconds: 83
# exit_code:       0
