# command: build/aclab --patterns data/patterns_et_32.txt --input data/enron_skew_uniform.txt --searcher pthread_dynamic_flat --threads 12 --warmup 1 --iters 3 --per-thread
# started: 2026-07-02T05:47:32-03:00
# phase:   H_skew
# label:   patterns_et_32__enron_skew_uniform__pthread_dynamic_flat__T12_rep02_perthread

# Aho-Corasick laboratory
# git:        172ee0f
# patterns:   44678 (max len 128, min len 5)
# automaton:  508896 states, 506.78 MiB
# input:      4294967296 bytes (4096.00 MiB) via mmap
# build time: 452.717 ms
# warmup=1 iters=3 threads=12 tasks_per_thread=4

searcher                thr        bytes        min(ms)       mean(ms)        max(ms)         MB/s    matches     median(ms)      cv%       Gbps    wrk
pthread_dynamic_flat     12   4294967296      12898.938      16352.106      21028.183       250.49  141136256      15129.198    25.69     2.1012     12
#   iter_ms: 21028.183 12898.938 15129.198
#   workers=12  median_MB/s=270.73  ns/byte=3.8073  stdev_ms=4200.332
    [t00] 18363.882 ms  357913944 bytes  11856422 matches  18.59 MB/s  cpu=0
    [t01] 16590.669 ms  268435458 bytes  8810899 matches  15.43 MB/s  cpu=8
    [t02] 16251.240 ms  268435458 bytes  8821016 matches  15.75 MB/s  cpu=6
    [t03] 18476.703 ms  357913944 bytes  11856420 matches  18.47 MB/s  cpu=0
    [t04] 18252.611 ms  447392430 bytes  14616745 matches  23.38 MB/s  cpu=2
    [t05] 18100.688 ms  357913944 bytes  11856421 matches  18.86 MB/s  cpu=0
    [t06] 18381.826 ms  357913944 bytes  11306258 matches  18.57 MB/s  cpu=11
    [t07] 17715.464 ms  447392430 bytes  14331544 matches  24.08 MB/s  cpu=8
    [t08] 16480.915 ms  357913944 bytes  11866538 matches  20.71 MB/s  cpu=3
    [t09] 18391.974 ms  357913944 bytes  11591456 matches  18.56 MB/s  cpu=0
    [t10] 16520.357 ms  268435458 bytes  9085981 matches  15.50 MB/s  cpu=10
    [t11] 18538.707 ms  447392430 bytes  15136556 matches  23.01 MB/s  cpu=2

# finished:        2026-07-02T05:48:55-03:00
# elapsed_seconds: 83
# exit_code:       0
