# command: build/aclab --patterns data/patterns_et_32.txt --input data/enron_skew_uniform.txt --searcher pthread_dynamic_flat --threads 12 --warmup 1 --iters 3 --per-thread
# started: 2026-07-02T05:50:18-03:00
# phase:   H_skew
# label:   patterns_et_32__enron_skew_uniform__pthread_dynamic_flat__T12_rep04_perthread

# Aho-Corasick laboratory
# git:        172ee0f
# patterns:   44678 (max len 128, min len 5)
# automaton:  508896 states, 506.78 MiB
# input:      4294967296 bytes (4096.00 MiB) via mmap
# build time: 454.121 ms
# warmup=1 iters=3 threads=12 tasks_per_thread=4

searcher                thr        bytes        min(ms)       mean(ms)        max(ms)         MB/s    matches     median(ms)      cv%       Gbps    wrk
pthread_dynamic_flat     12   4294967296      13111.190      17788.179      20471.406       230.27  141136256      19781.942    22.85     1.9316     12
#   iter_ms: 20471.406 13111.190 19781.942
#   workers=12  median_MB/s=207.06  ns/byte=4.1416  stdev_ms=4065.035
    [t00] 13019.793 ms  357913944 bytes  11581340 matches  26.22 MB/s  cpu=2
    [t01] 13798.207 ms  357913944 bytes  11856421 matches  24.74 MB/s  cpu=0
    [t02] 13493.572 ms  357913944 bytes  11866538 matches  25.30 MB/s  cpu=2
    [t03] 13656.341 ms  357913944 bytes  11581338 matches  24.99 MB/s  cpu=2
    [t04] 11757.082 ms  357913944 bytes  11581340 matches  29.03 MB/s  cpu=9
    [t05] 13629.628 ms  357913944 bytes  12111268 matches  25.04 MB/s  cpu=0
    [t06] 11590.479 ms  268435458 bytes  9085981 matches  22.09 MB/s  cpu=9
    [t07] 13109.599 ms  447392430 bytes  14341661 matches  32.55 MB/s  cpu=1
    [t08] 11870.550 ms  357913944 bytes  11846304 matches  28.75 MB/s  cpu=3
    [t09] 13576.442 ms  357913944 bytes  11846305 matches  25.14 MB/s  cpu=7
    [t10] 13650.064 ms  357913944 bytes  11581339 matches  25.01 MB/s  cpu=2
    [t11] 11618.190 ms  357913944 bytes  11856421 matches  29.38 MB/s  cpu=9

# finished:        2026-07-02T05:51:41-03:00
# elapsed_seconds: 83
# exit_code:       0
