# command: build/aclab --patterns data/patterns_et_32.txt --input data/enron_skew_clustered.txt --searcher pthread_dynamic --threads 12 --warmup 1 --iters 3 --per-thread
# started: 2026-07-02T06:23:09-03:00
# phase:   H_skew
# label:   patterns_et_32__enron_skew_clustered__pthread_dynamic__T12_rep05_perthread

# Aho-Corasick laboratory
# git:        172ee0f
# patterns:   44678 (max len 128, min len 5)
# automaton:  508896 states, 506.78 MiB
# input:      4294967296 bytes (4096.00 MiB) via mmap
# build time: 453.282 ms
# warmup=1 iters=3 threads=12 tasks_per_thread=4

searcher                thr        bytes        min(ms)       mean(ms)        max(ms)         MB/s    matches     median(ms)      cv%       Gbps    wrk
pthread_dynamic          12   4294967296      12994.762      15609.903      19078.368       262.40  141136256      14756.578    20.05     2.2012     12
#   iter_ms: 14756.578 19078.368 12994.762
#   workers=12  median_MB/s=277.57  ns/byte=3.6345  stdev_ms=3130.285
    [t00] 18487.715 ms  357913944 bytes  11754461 matches  18.46 MB/s  cpu=0
    [t01] 17479.937 ms  268435458 bytes  9540261 matches  14.65 MB/s  cpu=11
    [t02] 18637.545 ms  357913944 bytes  11775706 matches  18.31 MB/s  cpu=0
    [t03] 17501.892 ms  268435458 bytes  9541273 matches  14.63 MB/s  cpu=10
    [t04] 18302.422 ms  447392430 bytes  13968659 matches  23.31 MB/s  cpu=8
    [t05] 18692.913 ms  357913944 bytes  11758616 matches  18.26 MB/s  cpu=2
    [t06] 17551.666 ms  268435458 bytes  9539700 matches  14.59 MB/s  cpu=9
    [t07] 17836.547 ms  447392430 bytes  13968096 matches  23.92 MB/s  cpu=1
    [t08] 18074.672 ms  447392430 bytes  13990584 matches  23.61 MB/s  cpu=3
    [t09] 18577.708 ms  357913944 bytes  11774132 matches  18.37 MB/s  cpu=2
    [t10] 17536.554 ms  268435458 bytes  9539583 matches  14.60 MB/s  cpu=8
    [t11] 17995.220 ms  447392430 bytes  13985185 matches  23.71 MB/s  cpu=10

# finished:        2026-07-02T06:24:34-03:00
# elapsed_seconds: 85
# exit_code:       0
