# command: build/aclab --patterns data/patterns_snort.txt --input data/enron_skew_clustered.txt --searcher pthread_dynamic --threads 12 --warmup 1 --iters 3 --per-thread
# started: 2026-07-02T05:10:25-03:00
# phase:   H_skew
# label:   patterns_snort__enron_skew_clustered__pthread_dynamic__T12_rep05_perthread

# Aho-Corasick laboratory
# git:        172ee0f
# patterns:   4188 (max len 470, min len 4)
# automaton:  55479 states, 55.23 MiB
# input:      4294967296 bytes (4096.00 MiB) via mmap
# build time: 45.622 ms
# warmup=1 iters=3 threads=12 tasks_per_thread=4

searcher                thr        bytes        min(ms)       mean(ms)        max(ms)         MB/s    matches     median(ms)      cv%       Gbps    wrk
pthread_dynamic          12   4294967296       8153.117       9507.648      11682.272       430.81   94304128       8687.556    20.01     3.6139     12
#   iter_ms: 8153.117 8687.556 11682.272
#   workers=12  median_MB/s=471.48  ns/byte=2.2137  stdev_ms=1902.143
    [t00] 10155.342 ms  268435458 bytes  6845775 matches  25.21 MB/s  cpu=4
    [t01] 10258.877 ms  268435458 bytes  6827524 matches  24.95 MB/s  cpu=11
    [t02] 10246.906 ms  268435458 bytes  6844858 matches  24.98 MB/s  cpu=7
    [t03] 10392.275 ms  268435458 bytes  6844727 matches  24.63 MB/s  cpu=9
    [t04] 10370.535 ms  536870916 bytes  9884356 matches  49.37 MB/s  cpu=6
    [t05] 10182.481 ms  268435458 bytes  6828572 matches  25.14 MB/s  cpu=6
    [t06] 10298.586 ms  268435458 bytes  6837761 matches  24.86 MB/s  cpu=10
    [t07] 10464.341 ms  536870916 bytes  9903524 matches  48.93 MB/s  cpu=3
    [t08] 10311.443 ms  536870916 bytes  9901815 matches  49.65 MB/s  cpu=1
    [t09] 10192.748 ms  268435458 bytes  6846819 matches  25.12 MB/s  cpu=5
    [t10] 10252.287 ms  268435458 bytes  6845772 matches  24.97 MB/s  cpu=8
    [t11] 10521.793 ms  536870916 bytes  9892625 matches  48.66 MB/s  cpu=0

# finished:        2026-07-02T05:11:13-03:00
# elapsed_seconds: 48
# exit_code:       0
