# command: build/aclab --patterns data/patterns_snort.txt --input data/enron_corpus.txt --searcher pthread_dynamic --threads 32 --warmup 1 --iters 3 --per-thread
# started: 2026-06-30T17:54:40-03:00
# phase:   G_granularity
# label:   patterns_snort__enron_corpus__pthread_dynamic__T32_tpt004_perthread

# Aho-Corasick laboratory
# git:        334311e
# patterns:   4188 (max len 470, min len 4)
# automaton:  55479 states, 55.23 MiB
# input:      1421183736 bytes (1355.35 MiB) via mmap
# build time: 29.667 ms
# warmup=1 iters=3 threads=32 tasks_per_thread=4

searcher                thr        bytes        min(ms)       mean(ms)        max(ms)         MB/s    matches     median(ms)      cv%       Gbps    wrk
pthread_dynamic          32   1421183736        186.456        187.384        189.046      7233.00   17853987        186.649     0.77    60.6748     32
#   iter_ms: 189.046 186.456 186.649
#   workers=32  median_MB/s=7261.46  ns/byte=0.1319  stdev_ms=1.443
    [t00] 164.628 ms  44411992 bytes  473943 matches  257.27 MB/s
    [t01] 157.931 ms  44411992 bytes  527044 matches  268.18 MB/s
    [t02] 163.033 ms  44411992 bytes  516191 matches  259.79 MB/s
    [t03] 149.988 ms  44411992 bytes  495481 matches  282.39 MB/s
    [t04] 162.472 ms  44411992 bytes  566852 matches  260.69 MB/s
    [t05] 159.539 ms  44411992 bytes  507219 matches  265.48 MB/s
    [t06] 165.314 ms  44411992 bytes  756766 matches  256.21 MB/s
    [t07] 157.868 ms  44411992 bytes  525633 matches  268.29 MB/s
    [t08] 162.983 ms  44411992 bytes  949755 matches  259.87 MB/s
    [t09] 156.876 ms  44411992 bytes  752606 matches  269.99 MB/s
    [t10] 162.202 ms  44411992 bytes  448957 matches  261.12 MB/s
    [t11] 155.637 ms  44411992 bytes  538017 matches  272.14 MB/s
    [t12] 164.837 ms  44411992 bytes  681290 matches  256.95 MB/s
    [t13] 159.506 ms  44411992 bytes  518709 matches  265.54 MB/s
    [t14] 162.557 ms  44411992 bytes  580774 matches  260.55 MB/s
    [t15] 158.370 ms  44411992 bytes  486322 matches  267.44 MB/s
    [t16] 166.332 ms  44411992 bytes  508830 matches  254.64 MB/s
    [t17] 156.118 ms  44411992 bytes  450501 matches  271.30 MB/s
    [t18] 163.896 ms  44411992 bytes  874591 matches  258.42 MB/s
    [t19] 159.434 ms  44411992 bytes  432739 matches  265.66 MB/s
    [t20] 166.314 ms  44411992 bytes  548813 matches  254.67 MB/s
    [t21] 160.213 ms  44411992 bytes  486232 matches  264.36 MB/s
    [t22] 164.616 ms  44411992 bytes  600768 matches  257.29 MB/s
    [t23] 155.206 ms  44411992 bytes  584169 matches  272.89 MB/s
    [t24] 165.899 ms  44411992 bytes  506882 matches  255.30 MB/s
    [t25] 160.285 ms  44411992 bytes  512002 matches  264.24 MB/s
    [t26] 164.586 ms  44411992 bytes  553274 matches  257.34 MB/s
    [t27] 160.351 ms  44411992 bytes  518943 matches  264.14 MB/s
    [t28] 162.703 ms  44411992 bytes  521727 matches  260.32 MB/s
    [t29] 157.468 ms  44411992 bytes  430275 matches  268.97 MB/s
    [t30] 160.585 ms  44411992 bytes  495817 matches  263.75 MB/s
    [t31] 158.138 ms  44411992 bytes  502865 matches  267.83 MB/s

# finished:        2026-06-30T17:54:41-03:00
# elapsed_seconds: 1
# exit_code:       0
