# command: build/aclab --patterns data/patterns_snort.txt --input data/enron_corpus.txt --searcher pthread_dynamic --threads 32 --warmup 1 --iters 3 --per-thread
# started: 2026-06-30T17:54:43-03:00
# phase:   G_granularity
# label:   patterns_snort__enron_corpus__pthread_dynamic__T32_tpt016_perthread

# Aho-Corasick laboratory
# git:        334311e
# patterns:   4188 (max len 470, min len 4)
# automaton:  55479 states, 55.23 MiB
# input:      1421183736 bytes (1355.35 MiB) via mmap
# build time: 26.792 ms
# warmup=1 iters=3 threads=32 tasks_per_thread=16

searcher                thr        bytes        min(ms)       mean(ms)        max(ms)         MB/s    matches     median(ms)      cv%       Gbps    wrk
pthread_dynamic          32   1421183736        183.308        184.445        186.151      7348.24   17853987        183.875     0.82    61.6415     32
#   iter_ms: 186.151 183.875 183.308
#   workers=32  median_MB/s=7371.01  ns/byte=0.1298  stdev_ms=1.505
    [t00] 163.419 ms  44412000 bytes  491054 matches  259.18 MB/s
    [t01] 157.145 ms  44412000 bytes  470591 matches  269.52 MB/s
    [t02] 160.553 ms  44412000 bytes  467155 matches  263.80 MB/s
    [t03] 154.561 ms  44412000 bytes  531572 matches  274.03 MB/s
    [t04] 161.351 ms  44412000 bytes  587781 matches  262.50 MB/s
    [t05] 162.851 ms  47187750 bytes  792657 matches  276.34 MB/s
    [t06] 158.749 ms  44412000 bytes  482546 matches  266.80 MB/s
    [t07] 158.819 ms  44412000 bytes  593213 matches  266.68 MB/s
    [t08] 162.483 ms  44412000 bytes  473819 matches  260.67 MB/s
    [t09] 155.648 ms  44412000 bytes  558309 matches  272.12 MB/s
    [t10] 162.310 ms  44412000 bytes  485786 matches  260.95 MB/s
    [t11] 160.756 ms  44412000 bytes  501692 matches  263.47 MB/s
    [t12] 162.987 ms  44412000 bytes  499483 matches  259.86 MB/s
    [t13] 158.622 ms  44412000 bytes  529200 matches  267.02 MB/s
    [t14] 162.523 ms  44412000 bytes  741917 matches  260.61 MB/s
    [t15] 155.086 ms  44412000 bytes  650625 matches  273.10 MB/s
    [t16] 156.442 ms  44412000 bytes  572597 matches  270.74 MB/s
    [t17] 158.835 ms  44412000 bytes  611979 matches  266.66 MB/s
    [t18] 154.010 ms  41636250 bytes  510692 matches  257.82 MB/s
    [t19] 155.435 ms  44412000 bytes  540184 matches  272.49 MB/s
    [t20] 164.083 ms  44412000 bytes  488828 matches  258.13 MB/s
    [t21] 158.491 ms  44412000 bytes  525274 matches  267.24 MB/s
    [t22] 163.178 ms  44412000 bytes  518898 matches  259.56 MB/s
    [t23] 158.807 ms  44412000 bytes  676014 matches  266.71 MB/s
    [t24] 163.155 ms  44412000 bytes  475266 matches  259.60 MB/s
    [t25] 156.925 ms  44412000 bytes  572926 matches  269.90 MB/s
    [t26] 159.622 ms  44412000 bytes  546838 matches  265.34 MB/s
    [t27] 155.689 ms  44412000 bytes  465583 matches  272.05 MB/s
    [t28] 162.980 ms  44412000 bytes  510292 matches  259.88 MB/s
    [t29] 158.843 ms  44412000 bytes  729304 matches  266.64 MB/s
    [t30] 163.743 ms  44412000 bytes  652932 matches  258.67 MB/s
    [t31] 156.189 ms  44412000 bytes  598980 matches  271.17 MB/s

# finished:        2026-06-30T17:54:44-03:00
# elapsed_seconds: 1
# exit_code:       0
