# command: build/aclab --patterns data/patterns_snort.txt --input data/enron_corpus.txt --searcher pthread_dynamic --threads 32 --warmup 1 --iters 3 --per-thread
# started: 2026-06-30T17:54:45-03:00
# phase:   G_granularity
# label:   patterns_snort__enron_corpus__pthread_dynamic__T32_tpt064_perthread

# Aho-Corasick laboratory
# git:        334311e
# patterns:   4188 (max len 470, min len 4)
# automaton:  55479 states, 55.23 MiB
# input:      1421183736 bytes (1355.35 MiB) via mmap
# build time: 27.813 ms
# warmup=1 iters=3 threads=32 tasks_per_thread=64

searcher                thr        bytes        min(ms)       mean(ms)        max(ms)         MB/s    matches     median(ms)      cv%       Gbps    wrk
pthread_dynamic          32   1421183736        180.257        181.098        182.581      7484.06   17853987        180.455     0.71    62.7809     32
#   iter_ms: 182.581 180.455 180.257
#   workers=32  median_MB/s=7510.70  ns/byte=0.1274  stdev_ms=1.288
    [t00] 160.568 ms  43718094 bytes  536195 matches  259.66 MB/s
    [t01] 159.206 ms  45105970 bytes  514167 matches  270.19 MB/s
    [t02] 160.845 ms  43718094 bytes  567275 matches  259.21 MB/s
    [t03] 159.396 ms  45105970 bytes  507513 matches  269.87 MB/s
    [t04] 160.469 ms  44412032 bytes  657924 matches  263.94 MB/s
    [t05] 160.555 ms  45799908 bytes  503593 matches  272.04 MB/s
    [t06] 160.917 ms  44412032 bytes  569845 matches  263.21 MB/s
    [t07] 158.909 ms  45105970 bytes  688835 matches  270.70 MB/s
    [t08] 158.868 ms  43718094 bytes  481304 matches  262.44 MB/s
    [t09] 159.731 ms  45105970 bytes  713517 matches  269.31 MB/s
    [t10] 158.900 ms  43024156 bytes  593335 matches  258.22 MB/s
    [t11] 159.912 ms  45105970 bytes  512379 matches  269.00 MB/s
    [t12] 159.021 ms  43024156 bytes  489014 matches  258.02 MB/s
    [t13] 159.262 ms  45105970 bytes  777239 matches  270.10 MB/s
    [t14] 158.847 ms  43024156 bytes  526624 matches  258.30 MB/s
    [t15] 160.350 ms  45799908 bytes  543389 matches  272.39 MB/s
    [t16] 160.499 ms  43718094 bytes  546257 matches  259.77 MB/s
    [t17] 159.683 ms  45105970 bytes  568708 matches  269.39 MB/s
    [t18] 158.859 ms  43024156 bytes  492831 matches  258.29 MB/s
    [t19] 159.171 ms  45105970 bytes  528162 matches  270.25 MB/s
    [t20] 158.863 ms  43718094 bytes  470989 matches  262.44 MB/s
    [t21] 159.171 ms  45105970 bytes  637902 matches  270.25 MB/s
    [t22] 159.379 ms  43024156 bytes  715684 matches  257.44 MB/s
    [t23] 159.502 ms  45799908 bytes  539615 matches  273.84 MB/s
    [t24] 159.395 ms  43718094 bytes  494756 matches  261.57 MB/s
    [t25] 159.793 ms  45105970 bytes  483869 matches  269.20 MB/s
    [t26] 160.050 ms  43718094 bytes  513137 matches  260.50 MB/s
    [t27] 159.797 ms  45105970 bytes  483697 matches  269.19 MB/s
    [t28] 158.979 ms  43024156 bytes  511742 matches  258.09 MB/s
    [t29] 159.484 ms  45105970 bytes  540058 matches  269.72 MB/s
    [t30] 158.784 ms  43718094 bytes  642189 matches  262.58 MB/s
    [t31] 160.084 ms  45799908 bytes  502243 matches  272.84 MB/s

# finished:        2026-06-30T17:54:46-03:00
# elapsed_seconds: 1
# exit_code:       0
