# command: build/aclab --patterns data/patterns_snort.txt --input data/enron_corpus.txt --searcher pthread_2d_sharded_chunked --threads 12 --warmup 1 --iters 3 --per-thread
# started: 2026-05-29T07:44:05-03:00
# phase:   D_per_thread
# label:   patterns_snort__enron_corpus__pthread_2d_sharded_chunked__T12_perthread

# Aho-Corasick laboratory
# git:        e3dc7d4
# patterns:   4188 (max len 470, min len 4)
# automaton:  55479 states, 55.23 MiB
# input:      1421183736 bytes (1355.35 MiB) via mmap
# build time: 51.335 ms
# warmup=1 iters=3 threads=12

searcher                thr        bytes        min(ms)       mean(ms)        max(ms)         MB/s    matches     median(ms)      cv%       Gbps    wrk
pthread_2d_sharded_chunked   12   1421183736       1315.338       1381.970       1457.378       980.74   17853987       1373.194     5.17     8.2270     12
#   iter_ms: 1457.378 1315.338 1373.194
#   workers=12  median_MB/s=987.00  ns/byte=0.9724  stdev_ms=71.425
    [t00] 1417.197 ms  236863956 bytes  1531917 matches  159.39 MB/s
    [t01] 1293.568 ms  236864425 bytes  1486355 matches  174.63 MB/s
    [t02] 1347.192 ms  236864425 bytes  1521089 matches  167.68 MB/s
    [t03] 1266.166 ms  236864425 bytes  1384342 matches  178.41 MB/s
    [t04] 1123.343 ms  236864425 bytes  1397765 matches  201.09 MB/s
    [t05] 1387.139 ms  236864425 bytes  1534361 matches  162.85 MB/s
    [t06] 1229.492 ms  236863956 bytes  1873726 matches  183.73 MB/s
    [t07] 879.137 ms  236864199 bytes  1841270 matches  256.95 MB/s
    [t08] 1117.395 ms  236864199 bytes  1259754 matches  202.16 MB/s
    [t09] 1338.764 ms  236864199 bytes  1321041 matches  168.73 MB/s
    [t10] 1212.155 ms  236864199 bytes  1306694 matches  186.36 MB/s
    [t11] 1428.996 ms  236864199 bytes  1395673 matches  158.08 MB/s

# finished:        2026-05-29T07:44:13-03:00
# elapsed_seconds: 8
# exit_code:       0
