# command: build/aclab --patterns data/patterns_snort.txt --input data/enron_corpus.txt --searcher pthread_dynamic_flat --threads 12 --warmup 1 --iters 3 --per-thread
# started: 2026-06-28T02:28:47-03:00
# phase:   G_granularity
# label:   patterns_snort__enron_corpus__pthread_dynamic_flat__T12_tpt016_perthread

# Aho-Corasick laboratory
# git:        71fb53a
# patterns:   4188 (max len 470, min len 4)
# automaton:  55479 states, 55.23 MiB
# input:      1421183736 bytes (1355.35 MiB) via mmap
# build time: 47.802 ms
# warmup=1 iters=3 threads=12 tasks_per_thread=16

searcher                thr        bytes        min(ms)       mean(ms)        max(ms)         MB/s    matches     median(ms)      cv%       Gbps    wrk
pthread_dynamic_flat     12   1421183736       1109.419       1163.771       1254.234      1164.62   17853987       1127.660     6.78     9.7695     12
#   iter_ms: 1109.419 1127.660 1254.234
#   workers=12  median_MB/s=1201.91  ns/byte=0.8189  stdev_ms=78.872
    [t00] 1251.541 ms  111029985 bytes  1640665 matches  84.60 MB/s
    [t01] 1251.932 ms  118431984 bytes  1361006 matches  90.22 MB/s
    [t02] 1251.948 ms  111029985 bytes  1244234 matches  84.58 MB/s
    [t03] 1264.215 ms  111029985 bytes  1259003 matches  83.76 MB/s
    [t04] 1306.746 ms  155441979 bytes  1797833 matches  113.44 MB/s
    [t05] 1301.126 ms  125833983 bytes  1376157 matches  92.23 MB/s
    [t06] 1249.741 ms  103627986 bytes  1342862 matches  79.08 MB/s
    [t07] 1305.641 ms  140637981 bytes  1606990 matches  102.73 MB/s
    [t08] 1247.017 ms  96225987 bytes  1060288 matches  73.59 MB/s
    [t09] 1287.482 ms  118431984 bytes  1786230 matches  87.73 MB/s
    [t10] 1314.387 ms  96225987 bytes  1506958 matches  69.82 MB/s
    [t11] 1263.416 ms  133235982 bytes  1871761 matches  100.57 MB/s

# finished:        2026-06-28T02:28:53-03:00
# elapsed_seconds: 6
# exit_code:       0
