# command: build/aclab --patterns data/patterns_snort.txt --input data/enron_corpus.txt --searcher pthread_dynamic --threads 12 --warmup 1 --iters 3 --per-thread
# started: 2026-06-28T02:27:44-03:00
# phase:   G_granularity
# label:   patterns_snort__enron_corpus__pthread_dynamic__T12_tpt064_perthread

# Aho-Corasick laboratory
# git:        71fb53a
# patterns:   4188 (max len 470, min len 4)
# automaton:  55479 states, 55.23 MiB
# input:      1421183736 bytes (1355.35 MiB) via mmap
# build time: 50.436 ms
# warmup=1 iters=3 threads=12 tasks_per_thread=64

searcher                thr        bytes        min(ms)       mean(ms)        max(ms)         MB/s    matches     median(ms)      cv%       Gbps    wrk
pthread_dynamic          12   1421183736       1119.062       1128.686       1137.981      1200.82   17853987       1129.015     0.84    10.0732     12
#   iter_ms: 1129.015 1119.062 1137.981
#   workers=12  median_MB/s=1200.47  ns/byte=0.7942  stdev_ms=9.464
    [t00] 1113.415 ms  109179500 bytes  1434256 matches  93.52 MB/s
    [t01] 1121.566 ms  112880500 bytes  1291247 matches  95.98 MB/s
    [t02] 1103.777 ms  111030000 bytes  1520508 matches  95.93 MB/s
    [t03] 1104.968 ms  109179500 bytes  1304200 matches  94.23 MB/s
    [t04] 1111.648 ms  138787500 bytes  1611375 matches  119.06 MB/s
    [t05] 1108.824 ms  109179500 bytes  1309422 matches  93.90 MB/s
    [t06] 1114.955 ms  111030000 bytes  1499931 matches  94.97 MB/s
    [t07] 1108.155 ms  138787500 bytes  1795877 matches  119.44 MB/s
    [t08] 1116.603 ms  138787500 bytes  1573288 matches  118.54 MB/s
    [t09] 1108.637 ms  111030000 bytes  1549394 matches  95.51 MB/s
    [t10] 1107.377 ms  111030000 bytes  1198861 matches  95.62 MB/s
    [t11] 1113.924 ms  120282500 bytes  1765628 matches  102.98 MB/s

# finished:        2026-06-28T02:27:50-03:00
# elapsed_seconds: 6
# exit_code:       0
