# command: build/aclab --patterns data/patterns_snort.txt --input data/enron_corpus.txt --searcher pthread_dynamic --threads 12 --warmup 1 --iters 3 --per-thread
# started: 2026-06-28T02:27:07-03:00
# phase:   G_granularity
# label:   patterns_snort__enron_corpus__pthread_dynamic__T12_tpt004_perthread

# Aho-Corasick laboratory
# git:        71fb53a
# patterns:   4188 (max len 470, min len 4)
# automaton:  55479 states, 55.23 MiB
# input:      1421183736 bytes (1355.35 MiB) via mmap
# build time: 99.299 ms
# warmup=1 iters=3 threads=12 tasks_per_thread=4

searcher                thr        bytes        min(ms)       mean(ms)        max(ms)         MB/s    matches     median(ms)      cv%       Gbps    wrk
pthread_dynamic          12   1421183736       1713.794       1730.715       1748.712       783.11   17853987       1729.639     1.01     6.5692     12
#   iter_ms: 1713.794 1729.639 1748.712
#   workers=12  median_MB/s=783.60  ns/byte=1.2178  stdev_ms=17.484
    [t00] 1616.753 ms  118431980 bytes  1407893 matches  69.86 MB/s
    [t01] 1625.964 ms  118431980 bytes  2121726 matches  69.46 MB/s
    [t02] 1608.314 ms  118431980 bytes  1249570 matches  70.23 MB/s
    [t03] 1645.373 ms  118431980 bytes  1291650 matches  68.64 MB/s
    [t04] 1403.067 ms  118431980 bytes  1604703 matches  80.50 MB/s
    [t05] 1634.628 ms  118431980 bytes  1408889 matches  69.10 MB/s
    [t06] 1638.755 ms  118431980 bytes  1515667 matches  68.92 MB/s
    [t07] 1408.618 ms  118431980 bytes  1480377 matches  80.18 MB/s
    [t08] 1434.696 ms  118431980 bytes  1426743 matches  78.72 MB/s
    [t09] 1599.124 ms  118431980 bytes  1375154 matches  70.63 MB/s
    [t10] 1637.330 ms  118431980 bytes  1388695 matches  68.98 MB/s
    [t11] 1418.075 ms  118431980 bytes  1582920 matches  79.65 MB/s

# finished:        2026-06-28T02:27:17-03:00
# elapsed_seconds: 10
# exit_code:       0
