# command: build/aclab --patterns data/patterns_snort.txt --input data/enron_corpus.txt --searcher pthread_dynamic_flat --threads 32 --warmup 1 --iters 3 --per-thread
# started: 2026-06-30T17:54:55-03:00
# phase:   G_granularity
# label:   patterns_snort__enron_corpus__pthread_dynamic_flat__T32_tpt016_perthread

# Aho-Corasick laboratory
# git:        334311e
# patterns:   4188 (max len 470, min len 4)
# automaton:  55479 states, 55.23 MiB
# input:      1421183736 bytes (1355.35 MiB) via mmap
# build time: 27.303 ms
# warmup=1 iters=3 threads=32 tasks_per_thread=16

searcher                thr        bytes        min(ms)       mean(ms)        max(ms)         MB/s    matches     median(ms)      cv%       Gbps    wrk
pthread_dynamic_flat     32   1421183736        176.949        178.422        180.844      7596.31   17853987        177.471     1.18    63.7225     32
#   iter_ms: 180.844 177.471 176.949
#   workers=32  median_MB/s=7636.99  ns/byte=0.1255  stdev_ms=2.114
    [t00] 157.401 ms  44412000 bytes  566948 matches  269.09 MB/s
    [t01] 148.564 ms  44412000 bytes  779696 matches  285.09 MB/s
    [t02] 152.993 ms  44412000 bytes  459682 matches  276.84 MB/s
    [t03] 155.456 ms  47187750 bytes  543922 matches  289.48 MB/s
    [t04] 155.538 ms  44412000 bytes  588891 matches  272.31 MB/s
    [t05] 153.358 ms  44412000 bytes  532100 matches  276.18 MB/s
    [t06] 154.972 ms  44412000 bytes  495160 matches  273.31 MB/s
    [t07] 151.246 ms  44412000 bytes  467308 matches  280.04 MB/s
    [t08] 156.745 ms  44412000 bytes  500948 matches  270.21 MB/s
    [t09] 149.237 ms  44412000 bytes  638261 matches  283.81 MB/s
    [t10] 157.172 ms  44412000 bytes  628492 matches  269.48 MB/s
    [t11] 152.709 ms  44412000 bytes  555513 matches  277.36 MB/s
    [t12] 156.720 ms  44412000 bytes  475586 matches  270.26 MB/s
    [t13] 150.124 ms  44412000 bytes  590859 matches  282.13 MB/s
    [t14] 157.280 ms  44412000 bytes  736320 matches  269.29 MB/s
    [t15] 152.158 ms  44412000 bytes  533042 matches  278.36 MB/s
    [t16] 153.321 ms  44412000 bytes  521130 matches  276.25 MB/s
    [t17] 150.412 ms  44412000 bytes  528266 matches  281.59 MB/s
    [t18] 153.319 ms  44412000 bytes  508077 matches  276.25 MB/s
    [t19] 149.494 ms  44412000 bytes  522463 matches  283.32 MB/s
    [t20] 156.439 ms  44412000 bytes  477341 matches  270.74 MB/s
    [t21] 153.065 ms  44412000 bytes  824998 matches  276.71 MB/s
    [t22] 150.255 ms  44412000 bytes  448489 matches  281.89 MB/s
    [t23] 152.605 ms  44412000 bytes  513069 matches  277.54 MB/s
    [t24] 147.885 ms  41636250 bytes  493659 matches  268.50 MB/s
    [t25] 152.055 ms  44412000 bytes  554205 matches  278.55 MB/s
    [t26] 155.602 ms  44412000 bytes  620324 matches  272.20 MB/s
    [t27] 152.324 ms  44412000 bytes  561686 matches  278.06 MB/s
    [t28] 155.545 ms  44412000 bytes  467661 matches  272.30 MB/s
    [t29] 149.580 ms  44412000 bytes  525166 matches  283.16 MB/s
    [t30] 155.936 ms  44412000 bytes  513577 matches  271.62 MB/s
    [t31] 150.890 ms  44412000 bytes  681148 matches  280.70 MB/s

# finished:        2026-06-30T17:54:56-03:00
# elapsed_seconds: 1
# exit_code:       0
