# command: build/aclab --patterns data/patterns_snort.txt --input data/enron_corpus.txt --searcher pthread_dynamic_flat --threads 32 --warmup 1 --iters 3 --per-thread
# started: 2026-06-30T17:54:57-03:00
# phase:   G_granularity
# label:   patterns_snort__enron_corpus__pthread_dynamic_flat__T32_tpt064_perthread

# Aho-Corasick laboratory
# git:        334311e
# patterns:   4188 (max len 470, min len 4)
# automaton:  55479 states, 55.23 MiB
# input:      1421183736 bytes (1355.35 MiB) via mmap
# build time: 27.528 ms
# warmup=1 iters=3 threads=32 tasks_per_thread=64

searcher                thr        bytes        min(ms)       mean(ms)        max(ms)         MB/s    matches     median(ms)      cv%       Gbps    wrk
pthread_dynamic_flat     32   1421183736        174.359        175.101        176.409      7740.37   17853987        174.535     0.65    64.9309     32
#   iter_ms: 176.409 174.535 174.359
#   workers=32  median_MB/s=7765.47  ns/byte=0.1232  stdev_ms=1.136
    [t00] 152.646 ms  43024156 bytes  583518 matches  268.80 MB/s
    [t01] 154.347 ms  45799908 bytes  502492 matches  282.99 MB/s
    [t02] 153.116 ms  43718094 bytes  626796 matches  272.30 MB/s
    [t03] 153.035 ms  45105970 bytes  526873 matches  281.09 MB/s
    [t04] 154.194 ms  44412032 bytes  468322 matches  274.68 MB/s
    [t05] 153.395 ms  45105970 bytes  816825 matches  280.43 MB/s
    [t06] 154.135 ms  44412032 bytes  560783 matches  274.79 MB/s
    [t07] 154.373 ms  45799908 bytes  499240 matches  282.94 MB/s
    [t08] 152.509 ms  43718094 bytes  533996 matches  273.38 MB/s
    [t09] 152.576 ms  45105970 bytes  652469 matches  281.93 MB/s
    [t10] 154.110 ms  44412032 bytes  521850 matches  274.83 MB/s
    [t11] 153.921 ms  45105970 bytes  512368 matches  279.47 MB/s
    [t12] 152.716 ms  43024156 bytes  471208 matches  268.68 MB/s
    [t13] 153.025 ms  45105970 bytes  507651 matches  281.11 MB/s
    [t14] 152.680 ms  43024156 bytes  465530 matches  268.74 MB/s
    [t15] 153.653 ms  45105970 bytes  576077 matches  279.96 MB/s
    [t16] 152.644 ms  43718094 bytes  468865 matches  273.14 MB/s
    [t17] 153.857 ms  45799908 bytes  710818 matches  283.89 MB/s
    [t18] 154.025 ms  43718094 bytes  591916 matches  270.69 MB/s
    [t19] 153.435 ms  45105970 bytes  556350 matches  280.36 MB/s
    [t20] 154.862 ms  43718094 bytes  495493 matches  269.23 MB/s
    [t21] 152.925 ms  45105970 bytes  523291 matches  281.29 MB/s
    [t22] 152.536 ms  43024156 bytes  809858 matches  268.99 MB/s
    [t23] 153.199 ms  45105970 bytes  506826 matches  280.79 MB/s
    [t24] 152.888 ms  43718094 bytes  535658 matches  272.70 MB/s
    [t25] 153.470 ms  45105970 bytes  481676 matches  280.29 MB/s
    [t26] 153.027 ms  43718094 bytes  490100 matches  272.45 MB/s
    [t27] 153.383 ms  45105970 bytes  508758 matches  280.45 MB/s
    [t28] 153.338 ms  43718094 bytes  498342 matches  271.90 MB/s
    [t29] 153.553 ms  45105970 bytes  673792 matches  280.14 MB/s
    [t30] 152.693 ms  43024156 bytes  628022 matches  268.72 MB/s
    [t31] 152.235 ms  44412032 bytes  548224 matches  278.22 MB/s

# finished:        2026-06-30T17:54:58-03:00
# elapsed_seconds: 1
# exit_code:       0
