# command: build/aclab --patterns data/patterns_snort.txt --input data/enron_corpus.txt --searcher pthread_dynamic_flat --threads 32 --warmup 1 --iters 3 --per-thread
# started: 2026-06-30T17:54:50-03:00
# phase:   G_granularity
# label:   patterns_snort__enron_corpus__pthread_dynamic_flat__T32_tpt001_perthread

# Aho-Corasick laboratory
# git:        334311e
# patterns:   4188 (max len 470, min len 4)
# automaton:  55479 states, 55.23 MiB
# input:      1421183736 bytes (1355.35 MiB) via mmap
# build time: 29.990 ms
# warmup=1 iters=3 threads=32 tasks_per_thread=1

searcher                thr        bytes        min(ms)       mean(ms)        max(ms)         MB/s    matches     median(ms)      cv%       Gbps    wrk
pthread_dynamic_flat     32   1421183736        181.678        182.663        184.041      7419.93   17853987        182.270     0.67    62.2429     32
#   iter_ms: 184.041 182.270 181.678
#   workers=32  median_MB/s=7435.92  ns/byte=0.1285  stdev_ms=1.230
    [t00] 153.768 ms  44411992 bytes  466299 matches  275.44 MB/s
    [t01] 152.876 ms  44411992 bytes  500638 matches  277.05 MB/s
    [t02] 154.988 ms  44411992 bytes  1238050 matches  273.28 MB/s
    [t03] 149.561 ms  44411992 bytes  520057 matches  283.19 MB/s
    [t04] 162.335 ms  44411992 bytes  607536 matches  260.91 MB/s
    [t05] 153.245 ms  44411992 bytes  603070 matches  276.39 MB/s
    [t06] 161.183 ms  44411992 bytes  470043 matches  262.77 MB/s
    [t07] 149.356 ms  44411992 bytes  487021 matches  283.58 MB/s
    [t08] 155.436 ms  44411992 bytes  566197 matches  272.49 MB/s
    [t09] 143.880 ms  44411992 bytes  485369 matches  294.38 MB/s
    [t10] 156.123 ms  44411992 bytes  535592 matches  271.29 MB/s
    [t11] 153.765 ms  44411992 bytes  551861 matches  275.45 MB/s
    [t12] 150.805 ms  44411992 bytes  441535 matches  280.86 MB/s
    [t13] 149.657 ms  44411992 bytes  556295 matches  283.01 MB/s
    [t14] 159.528 ms  44411992 bytes  650921 matches  265.50 MB/s
    [t15] 151.433 ms  44411992 bytes  550979 matches  279.69 MB/s
    [t16] 154.826 ms  44411992 bytes  505025 matches  273.56 MB/s
    [t17] 152.886 ms  44411992 bytes  457468 matches  277.03 MB/s
    [t18] 154.371 ms  44411992 bytes  530082 matches  274.37 MB/s
    [t19] 148.774 ms  44411992 bytes  465413 matches  284.69 MB/s
    [t20] 153.039 ms  44411992 bytes  421686 matches  276.76 MB/s
    [t21] 148.644 ms  44411992 bytes  548016 matches  284.94 MB/s
    [t22] 153.383 ms  44411992 bytes  522796 matches  276.14 MB/s
    [t23] 148.891 ms  44411992 bytes  495198 matches  284.47 MB/s
    [t24] 157.481 ms  44411992 bytes  550979 matches  268.95 MB/s
    [t25] 144.175 ms  44411992 bytes  453897 matches  293.77 MB/s
    [t26] 152.736 ms  44411992 bytes  491182 matches  277.31 MB/s
    [t27] 154.571 ms  44411992 bytes  429590 matches  274.01 MB/s
    [t28] 159.329 ms  44411992 bytes  413927 matches  265.83 MB/s
    [t29] 149.867 ms  44411992 bytes  735934 matches  282.61 MB/s
    [t30] 157.113 ms  44411992 bytes  1052401 matches  269.58 MB/s
    [t31] 148.413 ms  44411992 bytes  548930 matches  285.38 MB/s

# finished:        2026-06-30T17:54:51-03:00
# elapsed_seconds: 1
# exit_code:       0
