# command: build/aclab --patterns data/patterns_snort.txt --input data/enron_corpus.txt --searcher pthread_dynamic --threads 32 --warmup 1 --iters 3 --per-thread
# started: 2026-06-30T22:08:47-03:00
# phase:   G_granularity
# label:   patterns_snort__enron_corpus__pthread_dynamic__T32_tpt004_perthread

# Aho-Corasick laboratory
# git:        c19da78
# patterns:   4188 (max len 470, min len 4)
# automaton:  55479 states, 55.23 MiB
# input:      1421183736 bytes (1355.35 MiB) via mmap
# build time: 30.280 ms
# warmup=1 iters=3 threads=32 tasks_per_thread=4

searcher                thr        bytes        min(ms)       mean(ms)        max(ms)         MB/s    matches     median(ms)      cv%       Gbps    wrk
pthread_dynamic          32   1421183736        186.471        187.341        188.576      7234.64   17853987        186.976     0.59    60.6886     32
#   iter_ms: 188.576 186.976 186.471
#   workers=32  median_MB/s=7248.78  ns/byte=0.1318  stdev_ms=1.099
    [t00] 162.925 ms  44411992 bytes  521911 matches  259.96 MB/s
    [t01] 158.414 ms  44411992 bytes  492926 matches  267.37 MB/s
    [t02] 163.759 ms  44411992 bytes  487918 matches  258.64 MB/s
    [t03] 158.857 ms  44411992 bytes  560338 matches  266.62 MB/s
    [t04] 162.293 ms  44411992 bytes  442031 matches  260.98 MB/s
    [t05] 160.613 ms  44411992 bytes  470535 matches  263.71 MB/s
    [t06] 164.681 ms  44411992 bytes  617508 matches  257.19 MB/s
    [t07] 158.822 ms  44411992 bytes  514081 matches  266.68 MB/s
    [t08] 151.820 ms  44411992 bytes  936321 matches  278.98 MB/s
    [t09] 155.049 ms  44411992 bytes  723104 matches  273.17 MB/s
    [t10] 163.523 ms  44411992 bytes  567631 matches  259.01 MB/s
    [t11] 154.653 ms  44411992 bytes  543173 matches  273.87 MB/s
    [t12] 165.462 ms  44411992 bytes  690557 matches  255.98 MB/s
    [t13] 158.374 ms  44411992 bytes  494433 matches  267.43 MB/s
    [t14] 163.115 ms  44411992 bytes  575170 matches  259.66 MB/s
    [t15] 159.236 ms  44411992 bytes  510598 matches  265.99 MB/s
    [t16] 165.350 ms  44411992 bytes  552418 matches  256.15 MB/s
    [t17] 155.618 ms  44411992 bytes  482104 matches  272.17 MB/s
    [t18] 164.025 ms  44411992 bytes  887757 matches  258.22 MB/s
    [t19] 160.537 ms  44411992 bytes  515922 matches  263.83 MB/s
    [t20] 165.504 ms  44411992 bytes  556359 matches  255.91 MB/s
    [t21] 160.540 ms  44411992 bytes  486702 matches  263.83 MB/s
    [t22] 164.148 ms  44411992 bytes  504883 matches  258.03 MB/s
    [t23] 160.864 ms  44411992 bytes  565272 matches  263.29 MB/s
    [t24] 166.061 ms  44411992 bytes  501367 matches  255.05 MB/s
    [t25] 158.867 ms  44411992 bytes  473897 matches  266.60 MB/s
    [t26] 166.453 ms  44411992 bytes  742798 matches  254.45 MB/s
    [t27] 156.707 ms  44411992 bytes  461889 matches  270.28 MB/s
    [t28] 162.109 ms  44411992 bytes  552875 matches  261.27 MB/s
    [t29] 157.445 ms  44411992 bytes  430275 matches  269.01 MB/s
    [t30] 164.330 ms  44411992 bytes  460292 matches  257.74 MB/s
    [t31] 154.752 ms  44411992 bytes  530942 matches  273.69 MB/s

# finished:        2026-06-30T22:08:48-03:00
# elapsed_seconds: 1
# exit_code:       0
