# command: build/aclab --patterns data/patterns_snort.txt --input data/enron_corpus.txt --searcher pthread_2d_sharded_chunked --threads 32 --warmup 1 --iters 3 --per-thread
# started: 2026-06-29T20:35:50-03:00
# phase:   D_per_thread
# label:   patterns_snort__enron_corpus__pthread_2d_sharded_chunked__T32_perthread

# Aho-Corasick laboratory
# git:        82dc697
# patterns:   4188 (max len 470, min len 4)
# automaton:  55479 states, 55.23 MiB
# input:      1421183736 bytes (1355.35 MiB) via mmap
# build time: 27.400 ms
# warmup=1 iters=3 threads=32 tasks_per_thread=4

searcher                thr        bytes        min(ms)       mean(ms)        max(ms)         MB/s    matches     median(ms)      cv%       Gbps    wrk
pthread_2d_sharded_chunked   32   1421183736        245.430        246.611        247.476      5495.88   17853987        246.928     0.43    46.1028     32
#   iter_ms: 247.476 245.430 246.928
#   workers=32  median_MB/s=5488.82  ns/byte=0.1735  stdev_ms=1.059
    [t00] 220.539 ms  88823984 bytes  533447 matches  384.10 MB/s
    [t01] 208.662 ms  88824453 bytes  538319 matches  405.96 MB/s
    [t02] 225.421 ms  88824453 bytes  502013 matches  375.78 MB/s
    [t03] 214.623 ms  88824453 bytes  519913 matches  394.69 MB/s
    [t04] 217.865 ms  88824453 bytes  561982 matches  388.82 MB/s
    [t05] 215.969 ms  88824453 bytes  614141 matches  392.23 MB/s
    [t06] 218.462 ms  88824453 bytes  556356 matches  387.75 MB/s
    [t07] 217.002 ms  88824453 bytes  603816 matches  390.36 MB/s
    [t08] 222.379 ms  88824453 bytes  573949 matches  380.92 MB/s
    [t09] 212.641 ms  88824453 bytes  595636 matches  398.37 MB/s
    [t10] 220.290 ms  88824453 bytes  571675 matches  384.54 MB/s
    [t11] 210.871 ms  88824453 bytes  552028 matches  401.71 MB/s
    [t12] 220.146 ms  88824453 bytes  574927 matches  384.79 MB/s
    [t13] 213.680 ms  88824453 bytes  530656 matches  396.43 MB/s
    [t14] 222.812 ms  88824453 bytes  519341 matches  380.18 MB/s
    [t15] 211.210 ms  88824445 bytes  507630 matches  401.07 MB/s
    [t16] 217.293 ms  88823984 bytes  433490 matches  389.84 MB/s
    [t17] 210.505 ms  88824227 bytes  1219788 matches  402.41 MB/s
    [t18] 221.575 ms  88824227 bytes  708593 matches  382.31 MB/s
    [t19] 209.614 ms  88824227 bytes  437151 matches  404.12 MB/s
    [t20] 212.643 ms  88824227 bytes  489584 matches  398.37 MB/s
    [t21] 210.941 ms  88824227 bytes  473312 matches  401.58 MB/s
    [t22] 211.844 ms  88824227 bytes  441474 matches  399.87 MB/s
    [t23] 214.430 ms  88824227 bytes  598084 matches  395.05 MB/s
    [t24] 215.820 ms  88824227 bytes  388544 matches  392.50 MB/s
    [t25] 207.291 ms  88824227 bytes  399859 matches  408.65 MB/s
    [t26] 214.751 ms  88824227 bytes  398027 matches  394.45 MB/s
    [t27] 205.888 ms  88824227 bytes  465966 matches  411.44 MB/s
    [t28] 214.890 ms  88824227 bytes  429949 matches  394.20 MB/s
    [t29] 208.999 ms  88824227 bytes  390116 matches  405.31 MB/s
    [t30] 217.874 ms  88824227 bytes  630520 matches  388.80 MB/s
    [t31] 211.275 ms  88824219 bytes  1093701 matches  400.94 MB/s

# finished:        2026-06-29T20:35:51-03:00
# elapsed_seconds: 1
# exit_code:       0
