# command: build/aclab --patterns data/patterns_snort.txt --input data/enron_corpus.txt --searcher pthread_dynamic_flat --threads 32 --warmup 1 --iters 3 --per-thread
# started: 2026-06-30T17:54:35-03:00
# phase:   D_per_thread
# label:   patterns_snort__enron_corpus__pthread_dynamic_flat__T32_perthread

# Aho-Corasick laboratory
# git:        334311e
# patterns:   4188 (max len 470, min len 4)
# automaton:  55479 states, 55.23 MiB
# input:      1421183736 bytes (1355.35 MiB) via mmap
# build time: 29.245 ms
# warmup=1 iters=3 threads=32 tasks_per_thread=4

searcher                thr        bytes        min(ms)       mean(ms)        max(ms)         MB/s    matches     median(ms)      cv%       Gbps    wrk
pthread_dynamic_flat     32   1421183736        178.448        179.114        180.303      7566.95   17853987        178.591     0.58    63.4762     32
#   iter_ms: 180.303 178.591 178.448
#   workers=32  median_MB/s=7589.13  ns/byte=0.1260  stdev_ms=1.032
    [t00] 154.402 ms  44411992 bytes  485805 matches  274.31 MB/s
    [t01] 147.484 ms  44411992 bytes  530708 matches  287.18 MB/s
    [t02] 155.533 ms  44411992 bytes  587551 matches  272.32 MB/s
    [t03] 151.970 ms  44411992 bytes  527531 matches  278.70 MB/s
    [t04] 155.394 ms  44411992 bytes  457288 matches  272.56 MB/s
    [t05] 150.157 ms  44411992 bytes  515769 matches  282.07 MB/s
    [t06] 156.188 ms  44411992 bytes  716316 matches  271.18 MB/s
    [t07] 150.907 ms  44411992 bytes  530154 matches  280.67 MB/s
    [t08] 151.941 ms  44411992 bytes  974513 matches  278.76 MB/s
    [t09] 147.235 ms  44411992 bytes  723104 matches  287.67 MB/s
    [t10] 154.713 ms  44411992 bytes  449034 matches  273.76 MB/s
    [t11] 150.577 ms  44411992 bytes  511739 matches  281.28 MB/s
    [t12] 153.382 ms  44411992 bytes  503496 matches  276.14 MB/s
    [t13] 150.420 ms  44411992 bytes  488350 matches  281.58 MB/s
    [t14] 154.777 ms  44411992 bytes  598413 matches  273.65 MB/s
    [t15] 149.442 ms  44411992 bytes  497237 matches  283.42 MB/s
    [t16] 157.485 ms  44411992 bytes  499406 matches  268.94 MB/s
    [t17] 152.977 ms  44411992 bytes  428811 matches  276.87 MB/s
    [t18] 155.416 ms  44411992 bytes  887757 matches  272.52 MB/s
    [t19] 150.591 ms  44411992 bytes  487161 matches  281.26 MB/s
    [t20] 157.332 ms  44411992 bytes  548801 matches  269.21 MB/s
    [t21] 152.799 ms  44411992 bytes  476540 matches  277.19 MB/s
    [t22] 156.373 ms  44411992 bytes  555927 matches  270.86 MB/s
    [t23] 152.263 ms  44411992 bytes  659120 matches  278.17 MB/s
    [t24] 157.135 ms  44411992 bytes  734479 matches  269.54 MB/s
    [t25] 152.567 ms  44411992 bytes  558062 matches  277.61 MB/s
    [t26] 158.111 ms  44411992 bytes  519212 matches  267.88 MB/s
    [t27] 147.721 ms  44411992 bytes  491876 matches  286.72 MB/s
    [t28] 154.120 ms  44411992 bytes  511345 matches  274.82 MB/s
    [t29] 142.338 ms  44411992 bytes  396458 matches  297.56 MB/s
    [t30] 156.052 ms  44411992 bytes  471082 matches  271.41 MB/s
    [t31] 146.498 ms  44411992 bytes  530942 matches  289.11 MB/s

# finished:        2026-06-30T17:54:36-03:00
# elapsed_seconds: 1
# exit_code:       0
