# command: build/aclab --patterns data/patterns_snort.txt --input data/enron_corpus.txt --searcher pthread_2d_sharded_chunked --threads 12 --warmup 1 --iters 3 --per-thread
# started: 2026-06-28T02:24:09-03:00
# phase:   D_per_thread
# label:   patterns_snort__enron_corpus__pthread_2d_sharded_chunked__T12_perthread

# Aho-Corasick laboratory
# git:        71fb53a
# patterns:   4188 (max len 470, min len 4)
# automaton:  55479 states, 55.23 MiB
# input:      1421183736 bytes (1355.35 MiB) via mmap
# build time: 47.351 ms
# warmup=1 iters=3 threads=12 tasks_per_thread=4

searcher                thr        bytes        min(ms)       mean(ms)        max(ms)         MB/s    matches     median(ms)      cv%       Gbps    wrk
pthread_2d_sharded_chunked   12   1421183736       1274.008       1320.969       1407.073      1026.02   17853987       1281.826     5.65     8.6069     12
#   iter_ms: 1281.826 1274.008 1407.073
#   workers=12  median_MB/s=1057.36  ns/byte=0.9295  stdev_ms=74.671
    [t00] 1144.456 ms  236863956 bytes  1531917 matches  197.38 MB/s
    [t01] 1242.592 ms  236864425 bytes  1486355 matches  181.79 MB/s
    [t02] 1196.710 ms  236864425 bytes  1521089 matches  188.76 MB/s
    [t03] 1255.287 ms  236864425 bytes  1384342 matches  179.95 MB/s
    [t04] 1055.799 ms  236864425 bytes  1397765 matches  213.95 MB/s
    [t05] 1210.787 ms  236864425 bytes  1534361 matches  186.57 MB/s
    [t06] 1180.389 ms  236863956 bytes  1873726 matches  191.37 MB/s
    [t07] 955.580 ms  236864199 bytes  1841270 matches  236.39 MB/s
    [t08] 1081.607 ms  236864199 bytes  1259754 matches  208.85 MB/s
    [t09] 1226.050 ms  236864199 bytes  1321041 matches  184.24 MB/s
    [t10] 1165.720 ms  236864199 bytes  1306694 matches  193.78 MB/s
    [t11] 942.767 ms  236864199 bytes  1395673 matches  239.60 MB/s

# finished:        2026-06-28T02:24:15-03:00
# elapsed_seconds: 6
# exit_code:       0
