# command: build/aclab --patterns data/patterns_snort.txt --input data/enron_corpus.txt --searcher pattern_sharded_prefix --threads 12 --warmup 1 --iters 3 --per-thread
# started: 2026-06-28T02:24:16-03:00
# phase:   D_per_thread
# label:   patterns_snort__enron_corpus__pattern_sharded_prefix__T12_perthread

# Aho-Corasick laboratory
# git:        71fb53a
# patterns:   4188 (max len 470, min len 4)
# automaton:  55479 states, 55.23 MiB
# input:      1421183736 bytes (1355.35 MiB) via mmap
# build time: 43.859 ms
# warmup=1 iters=3 threads=12 tasks_per_thread=4

searcher                thr        bytes        min(ms)       mean(ms)        max(ms)         MB/s    matches     median(ms)      cv%       Gbps    wrk
pattern_sharded_prefix   12   1421183736       4662.040       5747.640       6941.228       235.81   17853987       5639.651    19.89     1.9781     12
#   iter_ms: 4662.040 5639.651 6941.228
#   workers=12  median_MB/s=240.32  ns/byte=4.0443  stdev_ms=1143.425
    [t00] 5853.989 ms  1421183736 bytes  295340 matches  231.53 MB/s
    [t01] 6127.874 ms  1421183736 bytes  1832682 matches  221.18 MB/s
    [t02] 5858.685 ms  1421183736 bytes  94289 matches  231.34 MB/s
    [t03] 5919.113 ms  1421183736 bytes  641014 matches  228.98 MB/s
    [t04] 6576.282 ms  1421183736 bytes  988154 matches  206.10 MB/s
    [t05] 5947.034 ms  1421183736 bytes  2370336 matches  227.90 MB/s
    [t06] 5963.194 ms  1421183736 bytes  976962 matches  227.29 MB/s
    [t07] 6659.090 ms  1421183736 bytes  3742268 matches  203.53 MB/s
    [t08] 6841.407 ms  1421183736 bytes  4789902 matches  198.11 MB/s
    [t09] 5894.666 ms  1421183736 bytes  99051 matches  229.93 MB/s
    [t10] 5970.705 ms  1421183736 bytes  1711182 matches  227.00 MB/s
    [t11] 6514.507 ms  1421183736 bytes  312807 matches  208.05 MB/s

# finished:        2026-06-28T02:24:44-03:00
# elapsed_seconds: 29
# exit_code:       0
