# command: build/aclab --patterns data/patterns_snort.txt --input data/enron_x8.txt --searcher pthread_chunked_v2 --threads 32 --warmup 1 --iters 3 --per-thread
# started: 2026-06-25T20:42:08-03:00
# phase:   D_per_thread
# label:   patterns_snort__enron_x8__pthread_chunked_v2__T32_perthread

# Aho-Corasick laboratory
# git:        4831be1
# patterns:   4188 (max len 470, min len 4)
# automaton:  55479 states, 55.23 MiB
# input:      11369469888 bytes (10842.77 MiB) via mmap
# build time: 30.955 ms
# warmup=1 iters=3 threads=32

searcher                thr        bytes        min(ms)       mean(ms)        max(ms)         MB/s    matches     median(ms)      cv%       Gbps    wrk
pthread_chunked_v2       32  11369469888       1544.038       1545.299       1547.029      7016.62  142831896       1544.832     0.10    58.8596     32
#   iter_ms: 1544.832 1544.038 1547.029
#   workers=32  median_MB/s=7018.74  ns/byte=0.1359  stdev_ms=1.549
    [t00] 1356.088 ms  355295934 bytes  4892714 matches  249.86 MB/s
    [t01] 1315.742 ms  355296403 bytes  4338749 matches  257.53 MB/s
    [t02] 1363.231 ms  355296403 bytes  3945684 matches  248.55 MB/s
    [t03] 1282.460 ms  355296403 bytes  4676840 matches  264.21 MB/s
    [t04] 1356.015 ms  355296403 bytes  4892714 matches  249.88 MB/s
    [t05] 1284.279 ms  355296403 bytes  4338749 matches  263.83 MB/s
    [t06] 1365.880 ms  355296403 bytes  3945684 matches  248.07 MB/s
    [t07] 1309.087 ms  355296403 bytes  4676840 matches  258.83 MB/s
    [t08] 1355.153 ms  355296403 bytes  4892714 matches  250.04 MB/s
    [t09] 1321.678 ms  355296403 bytes  4338749 matches  256.37 MB/s
    [t10] 1334.478 ms  355296403 bytes  3945684 matches  253.91 MB/s
    [t11] 1320.831 ms  355296403 bytes  4676840 matches  256.53 MB/s
    [t12] 1384.205 ms  355296403 bytes  4892714 matches  244.79 MB/s
    [t13] 1318.556 ms  355296403 bytes  4338749 matches  256.98 MB/s
    [t14] 1363.100 ms  355296403 bytes  3945684 matches  248.58 MB/s
    [t15] 1315.097 ms  355296403 bytes  4676840 matches  257.65 MB/s
    [t16] 1377.354 ms  355296403 bytes  4892714 matches  246.01 MB/s
    [t17] 1315.580 ms  355296403 bytes  4338749 matches  257.56 MB/s
    [t18] 1337.395 ms  355296403 bytes  3945684 matches  253.36 MB/s
    [t19] 1282.548 ms  355296403 bytes  4676840 matches  264.19 MB/s
    [t20] 1379.411 ms  355296403 bytes  4892714 matches  245.64 MB/s
    [t21] 1284.172 ms  355296403 bytes  4338749 matches  263.86 MB/s
    [t22] 1365.650 ms  355296403 bytes  3945684 matches  248.11 MB/s
    [t23] 1312.813 ms  355296403 bytes  4676840 matches  258.10 MB/s
    [t24] 1384.527 ms  355296403 bytes  4892714 matches  244.73 MB/s
    [t25] 1323.374 ms  355296403 bytes  4338749 matches  256.04 MB/s
    [t26] 1337.374 ms  355296403 bytes  3945684 matches  253.36 MB/s
    [t27] 1322.052 ms  355296403 bytes  4676840 matches  256.30 MB/s
    [t28] 1353.214 ms  355296403 bytes  4892714 matches  250.39 MB/s
    [t29] 1318.390 ms  355296403 bytes  4338749 matches  257.01 MB/s
    [t30] 1339.230 ms  355296403 bytes  3945684 matches  253.01 MB/s
    [t31] 1314.566 ms  355296403 bytes  4676840 matches  257.76 MB/s

# finished:        2026-06-25T20:42:17-03:00
# elapsed_seconds: 9
# exit_code:       0
