[2026-06-29 16:53:38] === Sweep iniciado ===
[2026-06-29 16:53:38] RUN_DIR=runs/idealab-X870E-AORUS-MASTER  MAX_T=32  PHASES=A B C D E
[2026-06-29 16:53:38] snapshot env -> runs/idealab-X870E-AORUS-MASTER/env/start.txt
[2026-06-29 16:53:38] ===== Fase A — speedup curves =====
[2026-06-29 16:53:38] RUN   A_speedup_curves/patterns_snort__enron_corpus__sequential__T0
[2026-06-29 16:54:08] OK    A_speedup_curves/patterns_snort__enron_corpus__sequential__T0 (30s)
[2026-06-29 16:54:08] RUN   A_speedup_curves/patterns_snort__enron_corpus__sequential_flat__T0
[2026-06-29 16:54:36] OK    A_speedup_curves/patterns_snort__enron_corpus__sequential_flat__T0 (28s)
[2026-06-29 16:54:36] RUN   A_speedup_curves/patterns_snort__enron_corpus__pthread_chunked__T1
[2026-06-29 16:55:05] OK    A_speedup_curves/patterns_snort__enron_corpus__pthread_chunked__T1 (29s)
[2026-06-29 16:55:05] RUN   A_speedup_curves/patterns_snort__enron_corpus__pthread_chunked_v2__T1
[2026-06-29 16:55:34] OK    A_speedup_curves/patterns_snort__enron_corpus__pthread_chunked_v2__T1 (29s)
[2026-06-29 16:55:34] RUN   A_speedup_curves/patterns_snort__enron_corpus__pthread_chunked_v3__T1
[2026-06-29 16:56:03] OK    A_speedup_curves/patterns_snort__enron_corpus__pthread_chunked_v3__T1 (29s)
[2026-06-29 16:56:03] RUN   A_speedup_curves/patterns_snort__enron_corpus__pthread_dynamic__T1
[2026-06-29 16:56:32] OK    A_speedup_curves/patterns_snort__enron_corpus__pthread_dynamic__T1 (29s)
[2026-06-29 16:56:32] RUN   A_speedup_curves/patterns_snort__enron_corpus__pthread_prefetch__T1
[2026-06-29 16:57:01] OK    A_speedup_curves/patterns_snort__enron_corpus__pthread_prefetch__T1 (29s)
[2026-06-29 16:57:01] RUN   A_speedup_curves/patterns_snort__enron_corpus__pthread_chunked_flat__T1
[2026-06-29 16:57:29] OK    A_speedup_curves/patterns_snort__enron_corpus__pthread_chunked_flat__T1 (28s)
[2026-06-29 16:57:29] RUN   A_speedup_curves/patterns_snort__enron_corpus__pthread_chunked_v3_flat__T1
[2026-06-29 16:57:56] OK    A_speedup_curves/patterns_snort__enron_corpus__pthread_chunked_v3_flat__T1 (27s)
[2026-06-29 16:57:56] RUN   A_speedup_curves/patterns_snort__enron_corpus__pthread_2d_sharded_chunked__T1
[2026-06-29 16:58:24] OK    A_speedup_curves/patterns_snort__enron_corpus__pthread_2d_sharded_chunked__T1 (28s)
[2026-06-29 16:58:24] RUN   A_speedup_curves/patterns_snort__enron_corpus__pattern_sharded_prefix__T1
[2026-06-29 16:58:52] OK    A_speedup_curves/patterns_snort__enron_corpus__pattern_sharded_prefix__T1 (28s)
[2026-06-29 16:58:52] RUN   A_speedup_curves/patterns_snort__enron_corpus__pthread_chunked__T2
[2026-06-29 16:59:07] OK    A_speedup_curves/patterns_snort__enron_corpus__pthread_chunked__T2 (15s)
[2026-06-29 16:59:07] RUN   A_speedup_curves/patterns_snort__enron_corpus__pthread_chunked_v2__T2
[2026-06-29 16:59:22] OK    A_speedup_curves/patterns_snort__enron_corpus__pthread_chunked_v2__T2 (15s)
[2026-06-29 16:59:22] RUN   A_speedup_curves/patterns_snort__enron_corpus__pthread_chunked_v3__T2
[2026-06-29 16:59:37] OK    A_speedup_curves/patterns_snort__enron_corpus__pthread_chunked_v3__T2 (15s)
[2026-06-29 16:59:37] RUN   A_speedup_curves/patterns_snort__enron_corpus__pthread_dynamic__T2
[2026-06-29 16:59:52] OK    A_speedup_curves/patterns_snort__enron_corpus__pthread_dynamic__T2 (15s)
[2026-06-29 16:59:52] RUN   A_speedup_curves/patterns_snort__enron_corpus__pthread_prefetch__T2
[2026-06-29 17:00:07] OK    A_speedup_curves/patterns_snort__enron_corpus__pthread_prefetch__T2 (15s)
[2026-06-29 17:00:07] RUN   A_speedup_curves/patterns_snort__enron_corpus__pthread_chunked_flat__T2
[2026-06-29 17:00:21] OK    A_speedup_curves/patterns_snort__enron_corpus__pthread_chunked_flat__T2 (14s)
[2026-06-29 17:00:21] RUN   A_speedup_curves/patterns_snort__enron_corpus__pthread_chunked_v3_flat__T2
[2026-06-29 17:00:35] OK    A_speedup_curves/patterns_snort__enron_corpus__pthread_chunked_v3_flat__T2 (14s)
[2026-06-29 17:00:35] RUN   A_speedup_curves/patterns_snort__enron_corpus__pthread_2d_sharded_chunked__T2
[2026-06-29 17:00:55] OK    A_speedup_curves/patterns_snort__enron_corpus__pthread_2d_sharded_chunked__T2 (20s)
[2026-06-29 17:00:55] RUN   A_speedup_curves/patterns_snort__enron_corpus__pattern_sharded_prefix__T2
[2026-06-29 17:01:15] OK    A_speedup_curves/patterns_snort__enron_corpus__pattern_sharded_prefix__T2 (20s)
[2026-06-29 17:01:15] RUN   A_speedup_curves/patterns_snort__enron_corpus__pthread_chunked__T4
[2026-06-29 17:01:23] OK    A_speedup_curves/patterns_snort__enron_corpus__pthread_chunked__T4 (8s)
[2026-06-29 17:01:23] RUN   A_speedup_curves/patterns_snort__enron_corpus__pthread_chunked_v2__T4
[2026-06-29 17:01:31] OK    A_speedup_curves/patterns_snort__enron_corpus__pthread_chunked_v2__T4 (8s)
[2026-06-29 17:01:31] RUN   A_speedup_curves/patterns_snort__enron_corpus__pthread_chunked_v3__T4
[2026-06-29 17:01:38] OK    A_speedup_curves/patterns_snort__enron_corpus__pthread_chunked_v3__T4 (7s)
[2026-06-29 17:01:38] RUN   A_speedup_curves/patterns_snort__enron_corpus__pthread_dynamic__T4
[2026-06-29 17:01:46] OK    A_speedup_curves/patterns_snort__enron_corpus__pthread_dynamic__T4 (8s)
[2026-06-29 17:01:46] RUN   A_speedup_curves/patterns_snort__enron_corpus__pthread_prefetch__T4
[2026-06-29 17:01:54] OK    A_speedup_curves/patterns_snort__enron_corpus__pthread_prefetch__T4 (8s)
[2026-06-29 17:01:54] RUN   A_speedup_curves/patterns_snort__enron_corpus__pthread_chunked_flat__T4
[2026-06-29 17:02:01] OK    A_speedup_curves/patterns_snort__enron_corpus__pthread_chunked_flat__T4 (7s)
[2026-06-29 17:02:01] RUN   A_speedup_curves/patterns_snort__enron_corpus__pthread_chunked_v3_flat__T4
[2026-06-29 17:02:08] OK    A_speedup_curves/patterns_snort__enron_corpus__pthread_chunked_v3_flat__T4 (7s)
[2026-06-29 17:02:08] RUN   A_speedup_curves/patterns_snort__enron_corpus__pthread_2d_sharded_chunked__T4
[2026-06-29 17:02:19] OK    A_speedup_curves/patterns_snort__enron_corpus__pthread_2d_sharded_chunked__T4 (11s)
[2026-06-29 17:02:19] RUN   A_speedup_curves/patterns_snort__enron_corpus__pattern_sharded_prefix__T4
[2026-06-29 17:02:35] OK    A_speedup_curves/patterns_snort__enron_corpus__pattern_sharded_prefix__T4 (16s)
[2026-06-29 17:02:35] RUN   A_speedup_curves/patterns_snort__enron_corpus__pthread_chunked__T6
[2026-06-29 17:02:41] OK    A_speedup_curves/patterns_snort__enron_corpus__pthread_chunked__T6 (6s)
[2026-06-29 17:02:41] RUN   A_speedup_curves/patterns_snort__enron_corpus__pthread_chunked_v2__T6
[2026-06-29 17:02:46] OK    A_speedup_curves/patterns_snort__enron_corpus__pthread_chunked_v2__T6 (5s)
[2026-06-29 17:02:46] RUN   A_speedup_curves/patterns_snort__enron_corpus__pthread_chunked_v3__T6
[2026-06-29 17:02:51] OK    A_speedup_curves/patterns_snort__enron_corpus__pthread_chunked_v3__T6 (5s)
[2026-06-29 17:02:51] RUN   A_speedup_curves/patterns_snort__enron_corpus__pthread_dynamic__T6
[2026-06-29 17:02:56] OK    A_speedup_curves/patterns_snort__enron_corpus__pthread_dynamic__T6 (5s)
[2026-06-29 17:02:56] RUN   A_speedup_curves/patterns_snort__enron_corpus__pthread_prefetch__T6
[2026-06-29 17:03:02] OK    A_speedup_curves/patterns_snort__enron_corpus__pthread_prefetch__T6 (6s)
[2026-06-29 17:03:02] RUN   A_speedup_curves/patterns_snort__enron_corpus__pthread_chunked_flat__T6
[2026-06-29 17:03:07] OK    A_speedup_curves/patterns_snort__enron_corpus__pthread_chunked_flat__T6 (5s)
[2026-06-29 17:03:07] RUN   A_speedup_curves/patterns_snort__enron_corpus__pthread_chunked_v3_flat__T6
[2026-06-29 17:03:12] OK    A_speedup_curves/patterns_snort__enron_corpus__pthread_chunked_v3_flat__T6 (5s)
[2026-06-29 17:03:12] RUN   A_speedup_curves/patterns_snort__enron_corpus__pthread_2d_sharded_chunked__T6
[2026-06-29 17:03:19] OK    A_speedup_curves/patterns_snort__enron_corpus__pthread_2d_sharded_chunked__T6 (7s)
[2026-06-29 17:03:19] RUN   A_speedup_curves/patterns_snort__enron_corpus__pattern_sharded_prefix__T6
[2026-06-29 17:03:34] OK    A_speedup_curves/patterns_snort__enron_corpus__pattern_sharded_prefix__T6 (15s)
[2026-06-29 17:03:34] RUN   A_speedup_curves/patterns_snort__enron_corpus__pthread_chunked__T8
[2026-06-29 17:03:39] OK    A_speedup_curves/patterns_snort__enron_corpus__pthread_chunked__T8 (5s)
[2026-06-29 17:03:39] RUN   A_speedup_curves/patterns_snort__enron_corpus__pthread_chunked_v2__T8
[2026-06-29 17:03:43] OK    A_speedup_curves/patterns_snort__enron_corpus__pthread_chunked_v2__T8 (4s)
[2026-06-29 17:03:43] RUN   A_speedup_curves/patterns_snort__enron_corpus__pthread_chunked_v3__T8
[2026-06-29 17:03:47] OK    A_speedup_curves/patterns_snort__enron_corpus__pthread_chunked_v3__T8 (4s)
[2026-06-29 17:03:47] RUN   A_speedup_curves/patterns_snort__enron_corpus__pthread_dynamic__T8
[2026-06-29 17:03:51] OK    A_speedup_curves/patterns_snort__enron_corpus__pthread_dynamic__T8 (4s)
[2026-06-29 17:03:51] RUN   A_speedup_curves/patterns_snort__enron_corpus__pthread_prefetch__T8
[2026-06-29 17:03:55] OK    A_speedup_curves/patterns_snort__enron_corpus__pthread_prefetch__T8 (4s)
[2026-06-29 17:03:55] RUN   A_speedup_curves/patterns_snort__enron_corpus__pthread_chunked_flat__T8
[2026-06-29 17:03:59] OK    A_speedup_curves/patterns_snort__enron_corpus__pthread_chunked_flat__T8 (4s)
[2026-06-29 17:03:59] RUN   A_speedup_curves/patterns_snort__enron_corpus__pthread_chunked_v3_flat__T8
[2026-06-29 17:04:03] OK    A_speedup_curves/patterns_snort__enron_corpus__pthread_chunked_v3_flat__T8 (4s)
[2026-06-29 17:04:03] RUN   A_speedup_curves/patterns_snort__enron_corpus__pthread_2d_sharded_chunked__T8
[2026-06-29 17:04:08] OK    A_speedup_curves/patterns_snort__enron_corpus__pthread_2d_sharded_chunked__T8 (5s)
[2026-06-29 17:04:08] RUN   A_speedup_curves/patterns_snort__enron_corpus__pattern_sharded_prefix__T8
[2026-06-29 17:04:24] OK    A_speedup_curves/patterns_snort__enron_corpus__pattern_sharded_prefix__T8 (16s)
[2026-06-29 17:04:24] RUN   A_speedup_curves/patterns_snort__enron_corpus__pthread_chunked__T10
[2026-06-29 17:04:27] OK    A_speedup_curves/patterns_snort__enron_corpus__pthread_chunked__T10 (3s)
[2026-06-29 17:04:27] RUN   A_speedup_curves/patterns_snort__enron_corpus__pthread_chunked_v2__T10
[2026-06-29 17:04:30] OK    A_speedup_curves/patterns_snort__enron_corpus__pthread_chunked_v2__T10 (3s)
[2026-06-29 17:04:30] RUN   A_speedup_curves/patterns_snort__enron_corpus__pthread_chunked_v3__T10
[2026-06-29 17:04:34] OK    A_speedup_curves/patterns_snort__enron_corpus__pthread_chunked_v3__T10 (4s)
[2026-06-29 17:04:34] RUN   A_speedup_curves/patterns_snort__enron_corpus__pthread_dynamic__T10
[2026-06-29 17:04:37] OK    A_speedup_curves/patterns_snort__enron_corpus__pthread_dynamic__T10 (3s)
[2026-06-29 17:04:37] RUN   A_speedup_curves/patterns_snort__enron_corpus__pthread_prefetch__T10
[2026-06-29 17:04:40] OK    A_speedup_curves/patterns_snort__enron_corpus__pthread_prefetch__T10 (3s)
[2026-06-29 17:04:40] RUN   A_speedup_curves/patterns_snort__enron_corpus__pthread_chunked_flat__T10
[2026-06-29 17:04:44] OK    A_speedup_curves/patterns_snort__enron_corpus__pthread_chunked_flat__T10 (4s)
[2026-06-29 17:04:44] RUN   A_speedup_curves/patterns_snort__enron_corpus__pthread_chunked_v3_flat__T10
[2026-06-29 17:04:47] OK    A_speedup_curves/patterns_snort__enron_corpus__pthread_chunked_v3_flat__T10 (3s)
[2026-06-29 17:04:47] RUN   A_speedup_curves/patterns_snort__enron_corpus__pthread_2d_sharded_chunked__T10
[2026-06-29 17:04:51] OK    A_speedup_curves/patterns_snort__enron_corpus__pthread_2d_sharded_chunked__T10 (4s)
[2026-06-29 17:04:51] RUN   A_speedup_curves/patterns_snort__enron_corpus__pattern_sharded_prefix__T10
[2026-06-29 17:05:07] OK    A_speedup_curves/patterns_snort__enron_corpus__pattern_sharded_prefix__T10 (16s)
[2026-06-29 17:05:07] RUN   A_speedup_curves/patterns_snort__enron_corpus__pthread_chunked__T12
[2026-06-29 17:05:10] OK    A_speedup_curves/patterns_snort__enron_corpus__pthread_chunked__T12 (3s)
[2026-06-29 17:05:10] RUN   A_speedup_curves/patterns_snort__enron_corpus__pthread_chunked_v2__T12
[2026-06-29 17:05:12] OK    A_speedup_curves/patterns_snort__enron_corpus__pthread_chunked_v2__T12 (2s)
[2026-06-29 17:05:12] RUN   A_speedup_curves/patterns_snort__enron_corpus__pthread_chunked_v3__T12
[2026-06-29 17:05:15] OK    A_speedup_curves/patterns_snort__enron_corpus__pthread_chunked_v3__T12 (3s)
[2026-06-29 17:05:15] RUN   A_speedup_curves/patterns_snort__enron_corpus__pthread_dynamic__T12
[2026-06-29 17:05:18] OK    A_speedup_curves/patterns_snort__enron_corpus__pthread_dynamic__T12 (3s)
[2026-06-29 17:05:18] RUN   A_speedup_curves/patterns_snort__enron_corpus__pthread_prefetch__T12
[2026-06-29 17:05:21] OK    A_speedup_curves/patterns_snort__enron_corpus__pthread_prefetch__T12 (3s)
[2026-06-29 17:05:21] RUN   A_speedup_curves/patterns_snort__enron_corpus__pthread_chunked_flat__T12
[2026-06-29 17:05:24] OK    A_speedup_curves/patterns_snort__enron_corpus__pthread_chunked_flat__T12 (3s)
[2026-06-29 17:05:24] RUN   A_speedup_curves/patterns_snort__enron_corpus__pthread_chunked_v3_flat__T12
[2026-06-29 17:05:27] OK    A_speedup_curves/patterns_snort__enron_corpus__pthread_chunked_v3_flat__T12 (3s)
[2026-06-29 17:05:27] RUN   A_speedup_curves/patterns_snort__enron_corpus__pthread_2d_sharded_chunked__T12
[2026-06-29 17:05:30] OK    A_speedup_curves/patterns_snort__enron_corpus__pthread_2d_sharded_chunked__T12 (3s)
[2026-06-29 17:05:30] RUN   A_speedup_curves/patterns_snort__enron_corpus__pattern_sharded_prefix__T12
[2026-06-29 17:05:46] OK    A_speedup_curves/patterns_snort__enron_corpus__pattern_sharded_prefix__T12 (16s)
[2026-06-29 17:05:46] RUN   A_speedup_curves/patterns_snort__enron_corpus__pthread_chunked__T14
[2026-06-29 17:05:49] OK    A_speedup_curves/patterns_snort__enron_corpus__pthread_chunked__T14 (3s)
[2026-06-29 17:05:49] RUN   A_speedup_curves/patterns_snort__enron_corpus__pthread_chunked_v2__T14
[2026-06-29 17:05:51] OK    A_speedup_curves/patterns_snort__enron_corpus__pthread_chunked_v2__T14 (2s)
[2026-06-29 17:05:51] RUN   A_speedup_curves/patterns_snort__enron_corpus__pthread_chunked_v3__T14
[2026-06-29 17:05:54] OK    A_speedup_curves/patterns_snort__enron_corpus__pthread_chunked_v3__T14 (3s)
[2026-06-29 17:05:54] RUN   A_speedup_curves/patterns_snort__enron_corpus__pthread_dynamic__T14
[2026-06-29 17:05:56] OK    A_speedup_curves/patterns_snort__enron_corpus__pthread_dynamic__T14 (2s)
[2026-06-29 17:05:56] RUN   A_speedup_curves/patterns_snort__enron_corpus__pthread_prefetch__T14
[2026-06-29 17:05:59] OK    A_speedup_curves/patterns_snort__enron_corpus__pthread_prefetch__T14 (3s)
[2026-06-29 17:05:59] RUN   A_speedup_curves/patterns_snort__enron_corpus__pthread_chunked_flat__T14
[2026-06-29 17:06:01] OK    A_speedup_curves/patterns_snort__enron_corpus__pthread_chunked_flat__T14 (2s)
[2026-06-29 17:06:01] RUN   A_speedup_curves/patterns_snort__enron_corpus__pthread_chunked_v3_flat__T14
[2026-06-29 17:06:04] OK    A_speedup_curves/patterns_snort__enron_corpus__pthread_chunked_v3_flat__T14 (3s)
[2026-06-29 17:06:04] RUN   A_speedup_curves/patterns_snort__enron_corpus__pthread_2d_sharded_chunked__T14
[2026-06-29 17:06:07] OK    A_speedup_curves/patterns_snort__enron_corpus__pthread_2d_sharded_chunked__T14 (3s)
[2026-06-29 17:06:07] RUN   A_speedup_curves/patterns_snort__enron_corpus__pattern_sharded_prefix__T14
[2026-06-29 17:06:23] OK    A_speedup_curves/patterns_snort__enron_corpus__pattern_sharded_prefix__T14 (16s)
[2026-06-29 17:06:23] RUN   A_speedup_curves/patterns_snort__enron_corpus__pthread_chunked__T16
[2026-06-29 17:06:25] OK    A_speedup_curves/patterns_snort__enron_corpus__pthread_chunked__T16 (2s)
[2026-06-29 17:06:25] RUN   A_speedup_curves/patterns_snort__enron_corpus__pthread_chunked_v2__T16
[2026-06-29 17:06:28] OK    A_speedup_curves/patterns_snort__enron_corpus__pthread_chunked_v2__T16 (3s)
[2026-06-29 17:06:28] RUN   A_speedup_curves/patterns_snort__enron_corpus__pthread_chunked_v3__T16
[2026-06-29 17:06:30] OK    A_speedup_curves/patterns_snort__enron_corpus__pthread_chunked_v3__T16 (2s)
[2026-06-29 17:06:30] RUN   A_speedup_curves/patterns_snort__enron_corpus__pthread_dynamic__T16
[2026-06-29 17:06:32] OK    A_speedup_curves/patterns_snort__enron_corpus__pthread_dynamic__T16 (2s)
[2026-06-29 17:06:32] RUN   A_speedup_curves/patterns_snort__enron_corpus__pthread_prefetch__T16
[2026-06-29 17:06:34] OK    A_speedup_curves/patterns_snort__enron_corpus__pthread_prefetch__T16 (2s)
[2026-06-29 17:06:34] RUN   A_speedup_curves/patterns_snort__enron_corpus__pthread_chunked_flat__T16
[2026-06-29 17:06:37] OK    A_speedup_curves/patterns_snort__enron_corpus__pthread_chunked_flat__T16 (2s)
[2026-06-29 17:06:37] RUN   A_speedup_curves/patterns_snort__enron_corpus__pthread_chunked_v3_flat__T16
[2026-06-29 17:06:39] OK    A_speedup_curves/patterns_snort__enron_corpus__pthread_chunked_v3_flat__T16 (2s)
[2026-06-29 17:06:39] RUN   A_speedup_curves/patterns_snort__enron_corpus__pthread_2d_sharded_chunked__T16
[2026-06-29 17:06:42] OK    A_speedup_curves/patterns_snort__enron_corpus__pthread_2d_sharded_chunked__T16 (3s)
[2026-06-29 17:06:42] RUN   A_speedup_curves/patterns_snort__enron_corpus__pattern_sharded_prefix__T16
[2026-06-29 17:06:57] OK    A_speedup_curves/patterns_snort__enron_corpus__pattern_sharded_prefix__T16 (15s)
[2026-06-29 17:06:57] RUN   A_speedup_curves/patterns_snort__enron_corpus__pthread_chunked__T18
[2026-06-29 17:07:00] OK    A_speedup_curves/patterns_snort__enron_corpus__pthread_chunked__T18 (3s)
[2026-06-29 17:07:00] RUN   A_speedup_curves/patterns_snort__enron_corpus__pthread_chunked_v2__T18
[2026-06-29 17:07:02] OK    A_speedup_curves/patterns_snort__enron_corpus__pthread_chunked_v2__T18 (2s)
[2026-06-29 17:07:02] RUN   A_speedup_curves/patterns_snort__enron_corpus__pthread_chunked_v3__T18
[2026-06-29 17:07:04] OK    A_speedup_curves/patterns_snort__enron_corpus__pthread_chunked_v3__T18 (2s)
[2026-06-29 17:07:04] RUN   A_speedup_curves/patterns_snort__enron_corpus__pthread_dynamic__T18
[2026-06-29 17:07:06] OK    A_speedup_curves/patterns_snort__enron_corpus__pthread_dynamic__T18 (2s)
[2026-06-29 17:07:06] RUN   A_speedup_curves/patterns_snort__enron_corpus__pthread_prefetch__T18
[2026-06-29 17:07:09] OK    A_speedup_curves/patterns_snort__enron_corpus__pthread_prefetch__T18 (3s)
[2026-06-29 17:07:09] RUN   A_speedup_curves/patterns_snort__enron_corpus__pthread_chunked_flat__T18
[2026-06-29 17:07:11] OK    A_speedup_curves/patterns_snort__enron_corpus__pthread_chunked_flat__T18 (2s)
[2026-06-29 17:07:11] RUN   A_speedup_curves/patterns_snort__enron_corpus__pthread_chunked_v3_flat__T18
[2026-06-29 17:07:13] OK    A_speedup_curves/patterns_snort__enron_corpus__pthread_chunked_v3_flat__T18 (2s)
[2026-06-29 17:07:13] RUN   A_speedup_curves/patterns_snort__enron_corpus__pthread_2d_sharded_chunked__T18
[2026-06-29 17:07:16] OK    A_speedup_curves/patterns_snort__enron_corpus__pthread_2d_sharded_chunked__T18 (3s)
[2026-06-29 17:07:16] RUN   A_speedup_curves/patterns_snort__enron_corpus__pattern_sharded_prefix__T18
[2026-06-29 17:07:32] OK    A_speedup_curves/patterns_snort__enron_corpus__pattern_sharded_prefix__T18 (16s)
[2026-06-29 17:07:32] RUN   A_speedup_curves/patterns_snort__enron_corpus__pthread_chunked__T20
[2026-06-29 17:07:34] OK    A_speedup_curves/patterns_snort__enron_corpus__pthread_chunked__T20 (2s)
[2026-06-29 17:07:34] RUN   A_speedup_curves/patterns_snort__enron_corpus__pthread_chunked_v2__T20
[2026-06-29 17:07:36] OK    A_speedup_curves/patterns_snort__enron_corpus__pthread_chunked_v2__T20 (2s)
[2026-06-29 17:07:36] RUN   A_speedup_curves/patterns_snort__enron_corpus__pthread_chunked_v3__T20
[2026-06-29 17:07:38] OK    A_speedup_curves/patterns_snort__enron_corpus__pthread_chunked_v3__T20 (2s)
[2026-06-29 17:07:38] RUN   A_speedup_curves/patterns_snort__enron_corpus__pthread_dynamic__T20
[2026-06-29 17:07:40] OK    A_speedup_curves/patterns_snort__enron_corpus__pthread_dynamic__T20 (2s)
[2026-06-29 17:07:40] RUN   A_speedup_curves/patterns_snort__enron_corpus__pthread_prefetch__T20
[2026-06-29 17:07:42] OK    A_speedup_curves/patterns_snort__enron_corpus__pthread_prefetch__T20 (2s)
[2026-06-29 17:07:42] RUN   A_speedup_curves/patterns_snort__enron_corpus__pthread_chunked_flat__T20
[2026-06-29 17:07:44] OK    A_speedup_curves/patterns_snort__enron_corpus__pthread_chunked_flat__T20 (2s)
[2026-06-29 17:07:44] RUN   A_speedup_curves/patterns_snort__enron_corpus__pthread_chunked_v3_flat__T20
[2026-06-29 17:07:46] OK    A_speedup_curves/patterns_snort__enron_corpus__pthread_chunked_v3_flat__T20 (2s)
[2026-06-29 17:07:46] RUN   A_speedup_curves/patterns_snort__enron_corpus__pthread_2d_sharded_chunked__T20
[2026-06-29 17:07:49] OK    A_speedup_curves/patterns_snort__enron_corpus__pthread_2d_sharded_chunked__T20 (3s)
[2026-06-29 17:07:49] RUN   A_speedup_curves/patterns_snort__enron_corpus__pattern_sharded_prefix__T20
[2026-06-29 17:08:05] OK    A_speedup_curves/patterns_snort__enron_corpus__pattern_sharded_prefix__T20 (16s)
[2026-06-29 17:08:05] RUN   A_speedup_curves/patterns_snort__enron_corpus__pthread_chunked__T22
[2026-06-29 17:08:07] OK    A_speedup_curves/patterns_snort__enron_corpus__pthread_chunked__T22 (2s)
[2026-06-29 17:08:07] RUN   A_speedup_curves/patterns_snort__enron_corpus__pthread_chunked_v2__T22
[2026-06-29 17:08:09] OK    A_speedup_curves/patterns_snort__enron_corpus__pthread_chunked_v2__T22 (1s)
[2026-06-29 17:08:09] RUN   A_speedup_curves/patterns_snort__enron_corpus__pthread_chunked_v3__T22
[2026-06-29 17:08:10] OK    A_speedup_curves/patterns_snort__enron_corpus__pthread_chunked_v3__T22 (1s)
[2026-06-29 17:08:10] RUN   A_speedup_curves/patterns_snort__enron_corpus__pthread_dynamic__T22
[2026-06-29 17:08:12] OK    A_speedup_curves/patterns_snort__enron_corpus__pthread_dynamic__T22 (2s)
[2026-06-29 17:08:12] RUN   A_speedup_curves/patterns_snort__enron_corpus__pthread_prefetch__T22
[2026-06-29 17:08:14] OK    A_speedup_curves/patterns_snort__enron_corpus__pthread_prefetch__T22 (2s)
[2026-06-29 17:08:14] RUN   A_speedup_curves/patterns_snort__enron_corpus__pthread_chunked_flat__T22
[2026-06-29 17:08:16] OK    A_speedup_curves/patterns_snort__enron_corpus__pthread_chunked_flat__T22 (2s)
[2026-06-29 17:08:16] RUN   A_speedup_curves/patterns_snort__enron_corpus__pthread_chunked_v3_flat__T22
[2026-06-29 17:08:18] OK    A_speedup_curves/patterns_snort__enron_corpus__pthread_chunked_v3_flat__T22 (2s)
[2026-06-29 17:08:18] RUN   A_speedup_curves/patterns_snort__enron_corpus__pthread_2d_sharded_chunked__T22
[2026-06-29 17:08:20] OK    A_speedup_curves/patterns_snort__enron_corpus__pthread_2d_sharded_chunked__T22 (2s)
[2026-06-29 17:08:20] RUN   A_speedup_curves/patterns_snort__enron_corpus__pattern_sharded_prefix__T22
[2026-06-29 17:08:36] OK    A_speedup_curves/patterns_snort__enron_corpus__pattern_sharded_prefix__T22 (16s)
[2026-06-29 17:08:36] RUN   A_speedup_curves/patterns_snort__enron_corpus__pthread_chunked__T24
[2026-06-29 17:08:38] OK    A_speedup_curves/patterns_snort__enron_corpus__pthread_chunked__T24 (2s)
[2026-06-29 17:08:38] RUN   A_speedup_curves/patterns_snort__enron_corpus__pthread_chunked_v2__T24
[2026-06-29 17:08:40] OK    A_speedup_curves/patterns_snort__enron_corpus__pthread_chunked_v2__T24 (2s)
[2026-06-29 17:08:40] RUN   A_speedup_curves/patterns_snort__enron_corpus__pthread_chunked_v3__T24
[2026-06-29 17:08:42] OK    A_speedup_curves/patterns_snort__enron_corpus__pthread_chunked_v3__T24 (2s)
[2026-06-29 17:08:42] RUN   A_speedup_curves/patterns_snort__enron_corpus__pthread_dynamic__T24
[2026-06-29 17:08:44] OK    A_speedup_curves/patterns_snort__enron_corpus__pthread_dynamic__T24 (2s)
[2026-06-29 17:08:44] RUN   A_speedup_curves/patterns_snort__enron_corpus__pthread_prefetch__T24
[2026-06-29 17:08:45] OK    A_speedup_curves/patterns_snort__enron_corpus__pthread_prefetch__T24 (1s)
[2026-06-29 17:08:45] RUN   A_speedup_curves/patterns_snort__enron_corpus__pthread_chunked_flat__T24
[2026-06-29 17:08:47] OK    A_speedup_curves/patterns_snort__enron_corpus__pthread_chunked_flat__T24 (2s)
[2026-06-29 17:08:47] RUN   A_speedup_curves/patterns_snort__enron_corpus__pthread_chunked_v3_flat__T24
[2026-06-29 17:08:49] OK    A_speedup_curves/patterns_snort__enron_corpus__pthread_chunked_v3_flat__T24 (2s)
[2026-06-29 17:08:49] RUN   A_speedup_curves/patterns_snort__enron_corpus__pthread_2d_sharded_chunked__T24
[2026-06-29 17:08:51] OK    A_speedup_curves/patterns_snort__enron_corpus__pthread_2d_sharded_chunked__T24 (2s)
[2026-06-29 17:08:51] RUN   A_speedup_curves/patterns_snort__enron_corpus__pattern_sharded_prefix__T24
[2026-06-29 17:09:07] OK    A_speedup_curves/patterns_snort__enron_corpus__pattern_sharded_prefix__T24 (16s)
[2026-06-29 17:09:07] RUN   A_speedup_curves/patterns_snort__enron_corpus__pthread_chunked__T26
[2026-06-29 17:09:09] OK    A_speedup_curves/patterns_snort__enron_corpus__pthread_chunked__T26 (2s)
[2026-06-29 17:09:09] RUN   A_speedup_curves/patterns_snort__enron_corpus__pthread_chunked_v2__T26
[2026-06-29 17:09:11] OK    A_speedup_curves/patterns_snort__enron_corpus__pthread_chunked_v2__T26 (2s)
[2026-06-29 17:09:11] RUN   A_speedup_curves/patterns_snort__enron_corpus__pthread_chunked_v3__T26
[2026-06-29 17:09:12] OK    A_speedup_curves/patterns_snort__enron_corpus__pthread_chunked_v3__T26 (1s)
[2026-06-29 17:09:12] RUN   A_speedup_curves/patterns_snort__enron_corpus__pthread_dynamic__T26
[2026-06-29 17:09:14] OK    A_speedup_curves/patterns_snort__enron_corpus__pthread_dynamic__T26 (2s)
[2026-06-29 17:09:14] RUN   A_speedup_curves/patterns_snort__enron_corpus__pthread_prefetch__T26
[2026-06-29 17:09:16] OK    A_speedup_curves/patterns_snort__enron_corpus__pthread_prefetch__T26 (2s)
[2026-06-29 17:09:16] RUN   A_speedup_curves/patterns_snort__enron_corpus__pthread_chunked_flat__T26
[2026-06-29 17:09:17] OK    A_speedup_curves/patterns_snort__enron_corpus__pthread_chunked_flat__T26 (1s)
[2026-06-29 17:09:17] RUN   A_speedup_curves/patterns_snort__enron_corpus__pthread_chunked_v3_flat__T26
[2026-06-29 17:09:19] OK    A_speedup_curves/patterns_snort__enron_corpus__pthread_chunked_v3_flat__T26 (2s)
[2026-06-29 17:09:19] RUN   A_speedup_curves/patterns_snort__enron_corpus__pthread_2d_sharded_chunked__T26
[2026-06-29 17:09:21] OK    A_speedup_curves/patterns_snort__enron_corpus__pthread_2d_sharded_chunked__T26 (2s)
[2026-06-29 17:09:21] RUN   A_speedup_curves/patterns_snort__enron_corpus__pattern_sharded_prefix__T26
[2026-06-29 17:09:37] OK    A_speedup_curves/patterns_snort__enron_corpus__pattern_sharded_prefix__T26 (16s)
[2026-06-29 17:09:37] RUN   A_speedup_curves/patterns_snort__enron_corpus__pthread_chunked__T28
[2026-06-29 17:09:39] OK    A_speedup_curves/patterns_snort__enron_corpus__pthread_chunked__T28 (2s)
[2026-06-29 17:09:39] RUN   A_speedup_curves/patterns_snort__enron_corpus__pthread_chunked_v2__T28
[2026-06-29 17:09:40] OK    A_speedup_curves/patterns_snort__enron_corpus__pthread_chunked_v2__T28 (1s)
[2026-06-29 17:09:40] RUN   A_speedup_curves/patterns_snort__enron_corpus__pthread_chunked_v3__T28
[2026-06-29 17:09:42] OK    A_speedup_curves/patterns_snort__enron_corpus__pthread_chunked_v3__T28 (2s)
[2026-06-29 17:09:42] RUN   A_speedup_curves/patterns_snort__enron_corpus__pthread_dynamic__T28
[2026-06-29 17:09:44] OK    A_speedup_curves/patterns_snort__enron_corpus__pthread_dynamic__T28 (2s)
[2026-06-29 17:09:44] RUN   A_speedup_curves/patterns_snort__enron_corpus__pthread_prefetch__T28
[2026-06-29 17:09:45] OK    A_speedup_curves/patterns_snort__enron_corpus__pthread_prefetch__T28 (1s)
[2026-06-29 17:09:45] RUN   A_speedup_curves/patterns_snort__enron_corpus__pthread_chunked_flat__T28
[2026-06-29 17:09:47] OK    A_speedup_curves/patterns_snort__enron_corpus__pthread_chunked_flat__T28 (2s)
[2026-06-29 17:09:47] RUN   A_speedup_curves/patterns_snort__enron_corpus__pthread_chunked_v3_flat__T28
[2026-06-29 17:09:48] OK    A_speedup_curves/patterns_snort__enron_corpus__pthread_chunked_v3_flat__T28 (1s)
[2026-06-29 17:09:48] RUN   A_speedup_curves/patterns_snort__enron_corpus__pthread_2d_sharded_chunked__T28
[2026-06-29 17:09:50] OK    A_speedup_curves/patterns_snort__enron_corpus__pthread_2d_sharded_chunked__T28 (2s)
[2026-06-29 17:09:50] RUN   A_speedup_curves/patterns_snort__enron_corpus__pattern_sharded_prefix__T28
[2026-06-29 17:10:07] OK    A_speedup_curves/patterns_snort__enron_corpus__pattern_sharded_prefix__T28 (17s)
[2026-06-29 17:10:07] RUN   A_speedup_curves/patterns_snort__enron_corpus__pthread_chunked__T30
[2026-06-29 17:10:08] OK    A_speedup_curves/patterns_snort__enron_corpus__pthread_chunked__T30 (1s)
[2026-06-29 17:10:08] RUN   A_speedup_curves/patterns_snort__enron_corpus__pthread_chunked_v2__T30
[2026-06-29 17:10:10] OK    A_speedup_curves/patterns_snort__enron_corpus__pthread_chunked_v2__T30 (2s)
[2026-06-29 17:10:10] RUN   A_speedup_curves/patterns_snort__enron_corpus__pthread_chunked_v3__T30
[2026-06-29 17:10:11] OK    A_speedup_curves/patterns_snort__enron_corpus__pthread_chunked_v3__T30 (1s)
[2026-06-29 17:10:11] RUN   A_speedup_curves/patterns_snort__enron_corpus__pthread_dynamic__T30
[2026-06-29 17:10:13] OK    A_speedup_curves/patterns_snort__enron_corpus__pthread_dynamic__T30 (2s)
[2026-06-29 17:10:13] RUN   A_speedup_curves/patterns_snort__enron_corpus__pthread_prefetch__T30
[2026-06-29 17:10:14] OK    A_speedup_curves/patterns_snort__enron_corpus__pthread_prefetch__T30 (1s)
[2026-06-29 17:10:14] RUN   A_speedup_curves/patterns_snort__enron_corpus__pthread_chunked_flat__T30
[2026-06-29 17:10:16] OK    A_speedup_curves/patterns_snort__enron_corpus__pthread_chunked_flat__T30 (2s)
[2026-06-29 17:10:16] RUN   A_speedup_curves/patterns_snort__enron_corpus__pthread_chunked_v3_flat__T30
[2026-06-29 17:10:17] OK    A_speedup_curves/patterns_snort__enron_corpus__pthread_chunked_v3_flat__T30 (1s)
[2026-06-29 17:10:17] RUN   A_speedup_curves/patterns_snort__enron_corpus__pthread_2d_sharded_chunked__T30
[2026-06-29 17:10:19] OK    A_speedup_curves/patterns_snort__enron_corpus__pthread_2d_sharded_chunked__T30 (2s)
[2026-06-29 17:10:19] RUN   A_speedup_curves/patterns_snort__enron_corpus__pattern_sharded_prefix__T30
[2026-06-29 17:10:36] OK    A_speedup_curves/patterns_snort__enron_corpus__pattern_sharded_prefix__T30 (17s)
[2026-06-29 17:10:36] RUN   A_speedup_curves/patterns_snort__enron_corpus__pthread_chunked__T32
[2026-06-29 17:10:37] OK    A_speedup_curves/patterns_snort__enron_corpus__pthread_chunked__T32 (1s)
[2026-06-29 17:10:37] RUN   A_speedup_curves/patterns_snort__enron_corpus__pthread_chunked_v2__T32
[2026-06-29 17:10:38] OK    A_speedup_curves/patterns_snort__enron_corpus__pthread_chunked_v2__T32 (1s)
[2026-06-29 17:10:38] RUN   A_speedup_curves/patterns_snort__enron_corpus__pthread_chunked_v3__T32
[2026-06-29 17:10:40] OK    A_speedup_curves/patterns_snort__enron_corpus__pthread_chunked_v3__T32 (2s)
[2026-06-29 17:10:40] RUN   A_speedup_curves/patterns_snort__enron_corpus__pthread_dynamic__T32
[2026-06-29 17:10:41] OK    A_speedup_curves/patterns_snort__enron_corpus__pthread_dynamic__T32 (1s)
[2026-06-29 17:10:41] RUN   A_speedup_curves/patterns_snort__enron_corpus__pthread_prefetch__T32
[2026-06-29 17:10:43] OK    A_speedup_curves/patterns_snort__enron_corpus__pthread_prefetch__T32 (2s)
[2026-06-29 17:10:43] RUN   A_speedup_curves/patterns_snort__enron_corpus__pthread_chunked_flat__T32
[2026-06-29 17:10:44] OK    A_speedup_curves/patterns_snort__enron_corpus__pthread_chunked_flat__T32 (1s)
[2026-06-29 17:10:44] RUN   A_speedup_curves/patterns_snort__enron_corpus__pthread_chunked_v3_flat__T32
[2026-06-29 17:10:46] OK    A_speedup_curves/patterns_snort__enron_corpus__pthread_chunked_v3_flat__T32 (2s)
[2026-06-29 17:10:46] RUN   A_speedup_curves/patterns_snort__enron_corpus__pthread_2d_sharded_chunked__T32
[2026-06-29 17:10:47] OK    A_speedup_curves/patterns_snort__enron_corpus__pthread_2d_sharded_chunked__T32 (1s)
[2026-06-29 17:10:47] RUN   A_speedup_curves/patterns_snort__enron_corpus__pattern_sharded_prefix__T32
[2026-06-29 17:11:04] OK    A_speedup_curves/patterns_snort__enron_corpus__pattern_sharded_prefix__T32 (17s)
[2026-06-29 17:11:04] RUN   A_speedup_curves/patterns_et_32__enron_corpus__sequential__T0
[2026-06-29 17:11:50] OK    A_speedup_curves/patterns_et_32__enron_corpus__sequential__T0 (46s)
[2026-06-29 17:11:50] RUN   A_speedup_curves/patterns_et_32__enron_corpus__sequential_flat__T0
[2026-06-29 17:12:32] OK    A_speedup_curves/patterns_et_32__enron_corpus__sequential_flat__T0 (42s)
[2026-06-29 17:12:32] RUN   A_speedup_curves/patterns_et_32__enron_corpus__pthread_chunked__T1
[2026-06-29 17:13:18] OK    A_speedup_curves/patterns_et_32__enron_corpus__pthread_chunked__T1 (46s)
[2026-06-29 17:13:18] RUN   A_speedup_curves/patterns_et_32__enron_corpus__pthread_chunked_v2__T1
[2026-06-29 17:14:04] OK    A_speedup_curves/patterns_et_32__enron_corpus__pthread_chunked_v2__T1 (46s)
[2026-06-29 17:14:04] RUN   A_speedup_curves/patterns_et_32__enron_corpus__pthread_chunked_v3__T1
[2026-06-29 17:14:50] OK    A_speedup_curves/patterns_et_32__enron_corpus__pthread_chunked_v3__T1 (45s)
[2026-06-29 17:14:50] RUN   A_speedup_curves/patterns_et_32__enron_corpus__pthread_dynamic__T1
[2026-06-29 17:15:35] OK    A_speedup_curves/patterns_et_32__enron_corpus__pthread_dynamic__T1 (45s)
[2026-06-29 17:15:35] RUN   A_speedup_curves/patterns_et_32__enron_corpus__pthread_prefetch__T1
[2026-06-29 17:16:20] OK    A_speedup_curves/patterns_et_32__enron_corpus__pthread_prefetch__T1 (45s)
[2026-06-29 17:16:20] RUN   A_speedup_curves/patterns_et_32__enron_corpus__pthread_chunked_flat__T1
[2026-06-29 17:17:02] OK    A_speedup_curves/patterns_et_32__enron_corpus__pthread_chunked_flat__T1 (42s)
[2026-06-29 17:17:02] RUN   A_speedup_curves/patterns_et_32__enron_corpus__pthread_chunked_v3_flat__T1
[2026-06-29 17:17:45] OK    A_speedup_curves/patterns_et_32__enron_corpus__pthread_chunked_v3_flat__T1 (43s)
[2026-06-29 17:17:45] RUN   A_speedup_curves/patterns_et_32__enron_corpus__pthread_2d_sharded_chunked__T1
[2026-06-29 17:18:28] OK    A_speedup_curves/patterns_et_32__enron_corpus__pthread_2d_sharded_chunked__T1 (43s)
[2026-06-29 17:18:28] RUN   A_speedup_curves/patterns_et_32__enron_corpus__pattern_sharded_prefix__T1
[2026-06-29 17:19:11] OK    A_speedup_curves/patterns_et_32__enron_corpus__pattern_sharded_prefix__T1 (43s)
[2026-06-29 17:19:11] RUN   A_speedup_curves/patterns_et_32__enron_corpus__pthread_chunked__T2
[2026-06-29 17:19:35] OK    A_speedup_curves/patterns_et_32__enron_corpus__pthread_chunked__T2 (24s)
[2026-06-29 17:19:35] RUN   A_speedup_curves/patterns_et_32__enron_corpus__pthread_chunked_v2__T2
[2026-06-29 17:19:59] OK    A_speedup_curves/patterns_et_32__enron_corpus__pthread_chunked_v2__T2 (24s)
[2026-06-29 17:19:59] RUN   A_speedup_curves/patterns_et_32__enron_corpus__pthread_chunked_v3__T2
[2026-06-29 17:20:24] OK    A_speedup_curves/patterns_et_32__enron_corpus__pthread_chunked_v3__T2 (25s)
[2026-06-29 17:20:24] RUN   A_speedup_curves/patterns_et_32__enron_corpus__pthread_dynamic__T2
[2026-06-29 17:20:48] OK    A_speedup_curves/patterns_et_32__enron_corpus__pthread_dynamic__T2 (24s)
[2026-06-29 17:20:48] RUN   A_speedup_curves/patterns_et_32__enron_corpus__pthread_prefetch__T2
[2026-06-29 17:21:12] OK    A_speedup_curves/patterns_et_32__enron_corpus__pthread_prefetch__T2 (24s)
[2026-06-29 17:21:12] RUN   A_speedup_curves/patterns_et_32__enron_corpus__pthread_chunked_flat__T2
[2026-06-29 17:21:35] OK    A_speedup_curves/patterns_et_32__enron_corpus__pthread_chunked_flat__T2 (23s)
[2026-06-29 17:21:35] RUN   A_speedup_curves/patterns_et_32__enron_corpus__pthread_chunked_v3_flat__T2
[2026-06-29 17:21:58] OK    A_speedup_curves/patterns_et_32__enron_corpus__pthread_chunked_v3_flat__T2 (23s)
[2026-06-29 17:21:58] RUN   A_speedup_curves/patterns_et_32__enron_corpus__pthread_2d_sharded_chunked__T2
[2026-06-29 17:22:28] OK    A_speedup_curves/patterns_et_32__enron_corpus__pthread_2d_sharded_chunked__T2 (30s)
[2026-06-29 17:22:28] RUN   A_speedup_curves/patterns_et_32__enron_corpus__pattern_sharded_prefix__T2
[2026-06-29 17:22:57] OK    A_speedup_curves/patterns_et_32__enron_corpus__pattern_sharded_prefix__T2 (29s)
[2026-06-29 17:22:57] RUN   A_speedup_curves/patterns_et_32__enron_corpus__pthread_chunked__T4
[2026-06-29 17:23:10] OK    A_speedup_curves/patterns_et_32__enron_corpus__pthread_chunked__T4 (13s)
[2026-06-29 17:23:10] RUN   A_speedup_curves/patterns_et_32__enron_corpus__pthread_chunked_v2__T4
[2026-06-29 17:23:23] OK    A_speedup_curves/patterns_et_32__enron_corpus__pthread_chunked_v2__T4 (13s)
[2026-06-29 17:23:23] RUN   A_speedup_curves/patterns_et_32__enron_corpus__pthread_chunked_v3__T4
[2026-06-29 17:23:36] OK    A_speedup_curves/patterns_et_32__enron_corpus__pthread_chunked_v3__T4 (13s)
[2026-06-29 17:23:36] RUN   A_speedup_curves/patterns_et_32__enron_corpus__pthread_dynamic__T4
[2026-06-29 17:23:49] OK    A_speedup_curves/patterns_et_32__enron_corpus__pthread_dynamic__T4 (13s)
[2026-06-29 17:23:49] RUN   A_speedup_curves/patterns_et_32__enron_corpus__pthread_prefetch__T4
[2026-06-29 17:24:02] OK    A_speedup_curves/patterns_et_32__enron_corpus__pthread_prefetch__T4 (13s)
[2026-06-29 17:24:02] RUN   A_speedup_curves/patterns_et_32__enron_corpus__pthread_chunked_flat__T4
[2026-06-29 17:24:15] OK    A_speedup_curves/patterns_et_32__enron_corpus__pthread_chunked_flat__T4 (13s)
[2026-06-29 17:24:15] RUN   A_speedup_curves/patterns_et_32__enron_corpus__pthread_chunked_v3_flat__T4
[2026-06-29 17:24:27] OK    A_speedup_curves/patterns_et_32__enron_corpus__pthread_chunked_v3_flat__T4 (12s)
[2026-06-29 17:24:27] RUN   A_speedup_curves/patterns_et_32__enron_corpus__pthread_2d_sharded_chunked__T4
[2026-06-29 17:24:43] OK    A_speedup_curves/patterns_et_32__enron_corpus__pthread_2d_sharded_chunked__T4 (16s)
[2026-06-29 17:24:43] RUN   A_speedup_curves/patterns_et_32__enron_corpus__pattern_sharded_prefix__T4
[2026-06-29 17:25:05] OK    A_speedup_curves/patterns_et_32__enron_corpus__pattern_sharded_prefix__T4 (22s)
[2026-06-29 17:25:05] RUN   A_speedup_curves/patterns_et_32__enron_corpus__pthread_chunked__T6
[2026-06-29 17:25:14] OK    A_speedup_curves/patterns_et_32__enron_corpus__pthread_chunked__T6 (9s)
[2026-06-29 17:25:14] RUN   A_speedup_curves/patterns_et_32__enron_corpus__pthread_chunked_v2__T6
[2026-06-29 17:25:23] OK    A_speedup_curves/patterns_et_32__enron_corpus__pthread_chunked_v2__T6 (9s)
[2026-06-29 17:25:23] RUN   A_speedup_curves/patterns_et_32__enron_corpus__pthread_chunked_v3__T6
[2026-06-29 17:25:33] OK    A_speedup_curves/patterns_et_32__enron_corpus__pthread_chunked_v3__T6 (10s)
[2026-06-29 17:25:33] RUN   A_speedup_curves/patterns_et_32__enron_corpus__pthread_dynamic__T6
[2026-06-29 17:25:42] OK    A_speedup_curves/patterns_et_32__enron_corpus__pthread_dynamic__T6 (9s)
[2026-06-29 17:25:42] RUN   A_speedup_curves/patterns_et_32__enron_corpus__pthread_prefetch__T6
[2026-06-29 17:25:51] OK    A_speedup_curves/patterns_et_32__enron_corpus__pthread_prefetch__T6 (9s)
[2026-06-29 17:25:51] RUN   A_speedup_curves/patterns_et_32__enron_corpus__pthread_chunked_flat__T6
[2026-06-29 17:25:59] OK    A_speedup_curves/patterns_et_32__enron_corpus__pthread_chunked_flat__T6 (8s)
[2026-06-29 17:25:59] RUN   A_speedup_curves/patterns_et_32__enron_corpus__pthread_chunked_v3_flat__T6
[2026-06-29 17:26:08] OK    A_speedup_curves/patterns_et_32__enron_corpus__pthread_chunked_v3_flat__T6 (9s)
[2026-06-29 17:26:08] RUN   A_speedup_curves/patterns_et_32__enron_corpus__pthread_2d_sharded_chunked__T6
[2026-06-29 17:26:19] OK    A_speedup_curves/patterns_et_32__enron_corpus__pthread_2d_sharded_chunked__T6 (11s)
[2026-06-29 17:26:19] RUN   A_speedup_curves/patterns_et_32__enron_corpus__pattern_sharded_prefix__T6
[2026-06-29 17:26:40] OK    A_speedup_curves/patterns_et_32__enron_corpus__pattern_sharded_prefix__T6 (21s)
[2026-06-29 17:26:40] RUN   A_speedup_curves/patterns_et_32__enron_corpus__pthread_chunked__T8
[2026-06-29 17:26:47] OK    A_speedup_curves/patterns_et_32__enron_corpus__pthread_chunked__T8 (7s)
[2026-06-29 17:26:47] RUN   A_speedup_curves/patterns_et_32__enron_corpus__pthread_chunked_v2__T8
[2026-06-29 17:26:55] OK    A_speedup_curves/patterns_et_32__enron_corpus__pthread_chunked_v2__T8 (8s)
[2026-06-29 17:26:55] RUN   A_speedup_curves/patterns_et_32__enron_corpus__pthread_chunked_v3__T8
[2026-06-29 17:27:02] OK    A_speedup_curves/patterns_et_32__enron_corpus__pthread_chunked_v3__T8 (7s)
[2026-06-29 17:27:02] RUN   A_speedup_curves/patterns_et_32__enron_corpus__pthread_dynamic__T8
[2026-06-29 17:27:09] OK    A_speedup_curves/patterns_et_32__enron_corpus__pthread_dynamic__T8 (7s)
[2026-06-29 17:27:09] RUN   A_speedup_curves/patterns_et_32__enron_corpus__pthread_prefetch__T8
[2026-06-29 17:27:17] OK    A_speedup_curves/patterns_et_32__enron_corpus__pthread_prefetch__T8 (8s)
[2026-06-29 17:27:17] RUN   A_speedup_curves/patterns_et_32__enron_corpus__pthread_chunked_flat__T8
[2026-06-29 17:27:23] OK    A_speedup_curves/patterns_et_32__enron_corpus__pthread_chunked_flat__T8 (6s)
[2026-06-29 17:27:23] RUN   A_speedup_curves/patterns_et_32__enron_corpus__pthread_chunked_v3_flat__T8
[2026-06-29 17:27:30] OK    A_speedup_curves/patterns_et_32__enron_corpus__pthread_chunked_v3_flat__T8 (7s)
[2026-06-29 17:27:30] RUN   A_speedup_curves/patterns_et_32__enron_corpus__pthread_2d_sharded_chunked__T8
[2026-06-29 17:27:39] OK    A_speedup_curves/patterns_et_32__enron_corpus__pthread_2d_sharded_chunked__T8 (9s)
[2026-06-29 17:27:39] RUN   A_speedup_curves/patterns_et_32__enron_corpus__pattern_sharded_prefix__T8
[2026-06-29 17:27:58] OK    A_speedup_curves/patterns_et_32__enron_corpus__pattern_sharded_prefix__T8 (19s)
[2026-06-29 17:27:58] RUN   A_speedup_curves/patterns_et_32__enron_corpus__pthread_chunked__T10
[2026-06-29 17:28:04] OK    A_speedup_curves/patterns_et_32__enron_corpus__pthread_chunked__T10 (6s)
[2026-06-29 17:28:04] RUN   A_speedup_curves/patterns_et_32__enron_corpus__pthread_chunked_v2__T10
[2026-06-29 17:28:10] OK    A_speedup_curves/patterns_et_32__enron_corpus__pthread_chunked_v2__T10 (6s)
[2026-06-29 17:28:10] RUN   A_speedup_curves/patterns_et_32__enron_corpus__pthread_chunked_v3__T10
[2026-06-29 17:28:16] OK    A_speedup_curves/patterns_et_32__enron_corpus__pthread_chunked_v3__T10 (6s)
[2026-06-29 17:28:16] RUN   A_speedup_curves/patterns_et_32__enron_corpus__pthread_dynamic__T10
[2026-06-29 17:28:22] OK    A_speedup_curves/patterns_et_32__enron_corpus__pthread_dynamic__T10 (6s)
[2026-06-29 17:28:22] RUN   A_speedup_curves/patterns_et_32__enron_corpus__pthread_prefetch__T10
[2026-06-29 17:28:28] OK    A_speedup_curves/patterns_et_32__enron_corpus__pthread_prefetch__T10 (6s)
[2026-06-29 17:28:28] RUN   A_speedup_curves/patterns_et_32__enron_corpus__pthread_chunked_flat__T10
[2026-06-29 17:28:34] OK    A_speedup_curves/patterns_et_32__enron_corpus__pthread_chunked_flat__T10 (6s)
[2026-06-29 17:28:34] RUN   A_speedup_curves/patterns_et_32__enron_corpus__pthread_chunked_v3_flat__T10
[2026-06-29 17:28:40] OK    A_speedup_curves/patterns_et_32__enron_corpus__pthread_chunked_v3_flat__T10 (6s)
[2026-06-29 17:28:40] RUN   A_speedup_curves/patterns_et_32__enron_corpus__pthread_2d_sharded_chunked__T10
[2026-06-29 17:28:47] OK    A_speedup_curves/patterns_et_32__enron_corpus__pthread_2d_sharded_chunked__T10 (7s)
[2026-06-29 17:28:47] RUN   A_speedup_curves/patterns_et_32__enron_corpus__pattern_sharded_prefix__T10
[2026-06-29 17:29:05] OK    A_speedup_curves/patterns_et_32__enron_corpus__pattern_sharded_prefix__T10 (18s)
[2026-06-29 17:29:05] RUN   A_speedup_curves/patterns_et_32__enron_corpus__pthread_chunked__T12
[2026-06-29 17:29:11] OK    A_speedup_curves/patterns_et_32__enron_corpus__pthread_chunked__T12 (6s)
[2026-06-29 17:29:11] RUN   A_speedup_curves/patterns_et_32__enron_corpus__pthread_chunked_v2__T12
[2026-06-29 17:29:16] OK    A_speedup_curves/patterns_et_32__enron_corpus__pthread_chunked_v2__T12 (5s)
[2026-06-29 17:29:16] RUN   A_speedup_curves/patterns_et_32__enron_corpus__pthread_chunked_v3__T12
[2026-06-29 17:29:21] OK    A_speedup_curves/patterns_et_32__enron_corpus__pthread_chunked_v3__T12 (5s)
[2026-06-29 17:29:21] RUN   A_speedup_curves/patterns_et_32__enron_corpus__pthread_dynamic__T12
[2026-06-29 17:29:26] OK    A_speedup_curves/patterns_et_32__enron_corpus__pthread_dynamic__T12 (5s)
[2026-06-29 17:29:26] RUN   A_speedup_curves/patterns_et_32__enron_corpus__pthread_prefetch__T12
[2026-06-29 17:29:32] OK    A_speedup_curves/patterns_et_32__enron_corpus__pthread_prefetch__T12 (6s)
[2026-06-29 17:29:32] RUN   A_speedup_curves/patterns_et_32__enron_corpus__pthread_chunked_flat__T12
[2026-06-29 17:29:37] OK    A_speedup_curves/patterns_et_32__enron_corpus__pthread_chunked_flat__T12 (5s)
[2026-06-29 17:29:37] RUN   A_speedup_curves/patterns_et_32__enron_corpus__pthread_chunked_v3_flat__T12
[2026-06-29 17:29:42] OK    A_speedup_curves/patterns_et_32__enron_corpus__pthread_chunked_v3_flat__T12 (5s)
[2026-06-29 17:29:42] RUN   A_speedup_curves/patterns_et_32__enron_corpus__pthread_2d_sharded_chunked__T12
[2026-06-29 17:29:48] OK    A_speedup_curves/patterns_et_32__enron_corpus__pthread_2d_sharded_chunked__T12 (6s)
[2026-06-29 17:29:48] RUN   A_speedup_curves/patterns_et_32__enron_corpus__pattern_sharded_prefix__T12
[2026-06-29 17:30:08] OK    A_speedup_curves/patterns_et_32__enron_corpus__pattern_sharded_prefix__T12 (20s)
[2026-06-29 17:30:08] RUN   A_speedup_curves/patterns_et_32__enron_corpus__pthread_chunked__T14
[2026-06-29 17:30:13] OK    A_speedup_curves/patterns_et_32__enron_corpus__pthread_chunked__T14 (5s)
[2026-06-29 17:30:13] RUN   A_speedup_curves/patterns_et_32__enron_corpus__pthread_chunked_v2__T14
[2026-06-29 17:30:17] OK    A_speedup_curves/patterns_et_32__enron_corpus__pthread_chunked_v2__T14 (4s)
[2026-06-29 17:30:17] RUN   A_speedup_curves/patterns_et_32__enron_corpus__pthread_chunked_v3__T14
[2026-06-29 17:30:22] OK    A_speedup_curves/patterns_et_32__enron_corpus__pthread_chunked_v3__T14 (5s)
[2026-06-29 17:30:22] RUN   A_speedup_curves/patterns_et_32__enron_corpus__pthread_dynamic__T14
[2026-06-29 17:30:27] OK    A_speedup_curves/patterns_et_32__enron_corpus__pthread_dynamic__T14 (5s)
[2026-06-29 17:30:27] RUN   A_speedup_curves/patterns_et_32__enron_corpus__pthread_prefetch__T14
[2026-06-29 17:30:32] OK    A_speedup_curves/patterns_et_32__enron_corpus__pthread_prefetch__T14 (5s)
[2026-06-29 17:30:32] RUN   A_speedup_curves/patterns_et_32__enron_corpus__pthread_chunked_flat__T14
[2026-06-29 17:30:36] OK    A_speedup_curves/patterns_et_32__enron_corpus__pthread_chunked_flat__T14 (4s)
[2026-06-29 17:30:36] RUN   A_speedup_curves/patterns_et_32__enron_corpus__pthread_chunked_v3_flat__T14
[2026-06-29 17:30:41] OK    A_speedup_curves/patterns_et_32__enron_corpus__pthread_chunked_v3_flat__T14 (5s)
[2026-06-29 17:30:41] RUN   A_speedup_curves/patterns_et_32__enron_corpus__pthread_2d_sharded_chunked__T14
[2026-06-29 17:30:46] OK    A_speedup_curves/patterns_et_32__enron_corpus__pthread_2d_sharded_chunked__T14 (5s)
[2026-06-29 17:30:46] RUN   A_speedup_curves/patterns_et_32__enron_corpus__pattern_sharded_prefix__T14
[2026-06-29 17:31:06] OK    A_speedup_curves/patterns_et_32__enron_corpus__pattern_sharded_prefix__T14 (20s)
[2026-06-29 17:31:06] RUN   A_speedup_curves/patterns_et_32__enron_corpus__pthread_chunked__T16
[2026-06-29 17:31:11] OK    A_speedup_curves/patterns_et_32__enron_corpus__pthread_chunked__T16 (5s)
[2026-06-29 17:31:11] RUN   A_speedup_curves/patterns_et_32__enron_corpus__pthread_chunked_v2__T16
[2026-06-29 17:31:15] OK    A_speedup_curves/patterns_et_32__enron_corpus__pthread_chunked_v2__T16 (4s)
[2026-06-29 17:31:15] RUN   A_speedup_curves/patterns_et_32__enron_corpus__pthread_chunked_v3__T16
[2026-06-29 17:31:19] OK    A_speedup_curves/patterns_et_32__enron_corpus__pthread_chunked_v3__T16 (4s)
[2026-06-29 17:31:19] RUN   A_speedup_curves/patterns_et_32__enron_corpus__pthread_dynamic__T16
[2026-06-29 17:31:24] OK    A_speedup_curves/patterns_et_32__enron_corpus__pthread_dynamic__T16 (5s)
[2026-06-29 17:31:24] RUN   A_speedup_curves/patterns_et_32__enron_corpus__pthread_prefetch__T16
[2026-06-29 17:31:28] OK    A_speedup_curves/patterns_et_32__enron_corpus__pthread_prefetch__T16 (4s)
[2026-06-29 17:31:28] RUN   A_speedup_curves/patterns_et_32__enron_corpus__pthread_chunked_flat__T16
[2026-06-29 17:31:32] OK    A_speedup_curves/patterns_et_32__enron_corpus__pthread_chunked_flat__T16 (4s)
[2026-06-29 17:31:32] RUN   A_speedup_curves/patterns_et_32__enron_corpus__pthread_chunked_v3_flat__T16
[2026-06-29 17:31:36] OK    A_speedup_curves/patterns_et_32__enron_corpus__pthread_chunked_v3_flat__T16 (4s)
[2026-06-29 17:31:36] RUN   A_speedup_curves/patterns_et_32__enron_corpus__pthread_2d_sharded_chunked__T16
[2026-06-29 17:31:41] OK    A_speedup_curves/patterns_et_32__enron_corpus__pthread_2d_sharded_chunked__T16 (5s)
[2026-06-29 17:31:41] RUN   A_speedup_curves/patterns_et_32__enron_corpus__pattern_sharded_prefix__T16
[2026-06-29 17:32:00] OK    A_speedup_curves/patterns_et_32__enron_corpus__pattern_sharded_prefix__T16 (19s)
[2026-06-29 17:32:00] RUN   A_speedup_curves/patterns_et_32__enron_corpus__pthread_chunked__T18
[2026-06-29 17:32:04] OK    A_speedup_curves/patterns_et_32__enron_corpus__pthread_chunked__T18 (4s)
[2026-06-29 17:32:04] RUN   A_speedup_curves/patterns_et_32__enron_corpus__pthread_chunked_v2__T18
[2026-06-29 17:32:08] OK    A_speedup_curves/patterns_et_32__enron_corpus__pthread_chunked_v2__T18 (4s)
[2026-06-29 17:32:08] RUN   A_speedup_curves/patterns_et_32__enron_corpus__pthread_chunked_v3__T18
[2026-06-29 17:32:13] OK    A_speedup_curves/patterns_et_32__enron_corpus__pthread_chunked_v3__T18 (5s)
[2026-06-29 17:32:13] RUN   A_speedup_curves/patterns_et_32__enron_corpus__pthread_dynamic__T18
[2026-06-29 17:32:17] OK    A_speedup_curves/patterns_et_32__enron_corpus__pthread_dynamic__T18 (4s)
[2026-06-29 17:32:17] RUN   A_speedup_curves/patterns_et_32__enron_corpus__pthread_prefetch__T18
[2026-06-29 17:32:21] OK    A_speedup_curves/patterns_et_32__enron_corpus__pthread_prefetch__T18 (4s)
[2026-06-29 17:32:21] RUN   A_speedup_curves/patterns_et_32__enron_corpus__pthread_chunked_flat__T18
[2026-06-29 17:32:25] OK    A_speedup_curves/patterns_et_32__enron_corpus__pthread_chunked_flat__T18 (4s)
[2026-06-29 17:32:25] RUN   A_speedup_curves/patterns_et_32__enron_corpus__pthread_chunked_v3_flat__T18
[2026-06-29 17:32:29] OK    A_speedup_curves/patterns_et_32__enron_corpus__pthread_chunked_v3_flat__T18 (4s)
[2026-06-29 17:32:29] RUN   A_speedup_curves/patterns_et_32__enron_corpus__pthread_2d_sharded_chunked__T18
[2026-06-29 17:32:35] OK    A_speedup_curves/patterns_et_32__enron_corpus__pthread_2d_sharded_chunked__T18 (6s)
[2026-06-29 17:32:35] RUN   A_speedup_curves/patterns_et_32__enron_corpus__pattern_sharded_prefix__T18
[2026-06-29 17:32:53] OK    A_speedup_curves/patterns_et_32__enron_corpus__pattern_sharded_prefix__T18 (18s)
[2026-06-29 17:32:53] RUN   A_speedup_curves/patterns_et_32__enron_corpus__pthread_chunked__T20
[2026-06-29 17:32:57] OK    A_speedup_curves/patterns_et_32__enron_corpus__pthread_chunked__T20 (4s)
[2026-06-29 17:32:57] RUN   A_speedup_curves/patterns_et_32__enron_corpus__pthread_chunked_v2__T20
[2026-06-29 17:33:01] OK    A_speedup_curves/patterns_et_32__enron_corpus__pthread_chunked_v2__T20 (4s)
[2026-06-29 17:33:01] RUN   A_speedup_curves/patterns_et_32__enron_corpus__pthread_chunked_v3__T20
[2026-06-29 17:33:05] OK    A_speedup_curves/patterns_et_32__enron_corpus__pthread_chunked_v3__T20 (4s)
[2026-06-29 17:33:05] RUN   A_speedup_curves/patterns_et_32__enron_corpus__pthread_dynamic__T20
[2026-06-29 17:33:09] OK    A_speedup_curves/patterns_et_32__enron_corpus__pthread_dynamic__T20 (4s)
[2026-06-29 17:33:09] RUN   A_speedup_curves/patterns_et_32__enron_corpus__pthread_prefetch__T20
[2026-06-29 17:33:13] OK    A_speedup_curves/patterns_et_32__enron_corpus__pthread_prefetch__T20 (4s)
[2026-06-29 17:33:13] RUN   A_speedup_curves/patterns_et_32__enron_corpus__pthread_chunked_flat__T20
[2026-06-29 17:33:17] OK    A_speedup_curves/patterns_et_32__enron_corpus__pthread_chunked_flat__T20 (4s)
[2026-06-29 17:33:17] RUN   A_speedup_curves/patterns_et_32__enron_corpus__pthread_chunked_v3_flat__T20
[2026-06-29 17:33:21] OK    A_speedup_curves/patterns_et_32__enron_corpus__pthread_chunked_v3_flat__T20 (4s)
[2026-06-29 17:33:21] RUN   A_speedup_curves/patterns_et_32__enron_corpus__pthread_2d_sharded_chunked__T20
[2026-06-29 17:33:26] OK    A_speedup_curves/patterns_et_32__enron_corpus__pthread_2d_sharded_chunked__T20 (5s)
[2026-06-29 17:33:26] RUN   A_speedup_curves/patterns_et_32__enron_corpus__pattern_sharded_prefix__T20
[2026-06-29 17:33:44] OK    A_speedup_curves/patterns_et_32__enron_corpus__pattern_sharded_prefix__T20 (18s)
[2026-06-29 17:33:44] RUN   A_speedup_curves/patterns_et_32__enron_corpus__pthread_chunked__T22
[2026-06-29 17:33:48] OK    A_speedup_curves/patterns_et_32__enron_corpus__pthread_chunked__T22 (4s)
[2026-06-29 17:33:48] RUN   A_speedup_curves/patterns_et_32__enron_corpus__pthread_chunked_v2__T22
[2026-06-29 17:33:52] OK    A_speedup_curves/patterns_et_32__enron_corpus__pthread_chunked_v2__T22 (4s)
[2026-06-29 17:33:52] RUN   A_speedup_curves/patterns_et_32__enron_corpus__pthread_chunked_v3__T22
[2026-06-29 17:33:56] OK    A_speedup_curves/patterns_et_32__enron_corpus__pthread_chunked_v3__T22 (4s)
[2026-06-29 17:33:56] RUN   A_speedup_curves/patterns_et_32__enron_corpus__pthread_dynamic__T22
[2026-06-29 17:34:00] OK    A_speedup_curves/patterns_et_32__enron_corpus__pthread_dynamic__T22 (4s)
[2026-06-29 17:34:00] RUN   A_speedup_curves/patterns_et_32__enron_corpus__pthread_prefetch__T22
[2026-06-29 17:34:03] OK    A_speedup_curves/patterns_et_32__enron_corpus__pthread_prefetch__T22 (3s)
[2026-06-29 17:34:03] RUN   A_speedup_curves/patterns_et_32__enron_corpus__pthread_chunked_flat__T22
[2026-06-29 17:34:07] OK    A_speedup_curves/patterns_et_32__enron_corpus__pthread_chunked_flat__T22 (4s)
[2026-06-29 17:34:07] RUN   A_speedup_curves/patterns_et_32__enron_corpus__pthread_chunked_v3_flat__T22
[2026-06-29 17:34:11] OK    A_speedup_curves/patterns_et_32__enron_corpus__pthread_chunked_v3_flat__T22 (4s)
[2026-06-29 17:34:11] RUN   A_speedup_curves/patterns_et_32__enron_corpus__pthread_2d_sharded_chunked__T22
[2026-06-29 17:34:15] OK    A_speedup_curves/patterns_et_32__enron_corpus__pthread_2d_sharded_chunked__T22 (4s)
[2026-06-29 17:34:15] RUN   A_speedup_curves/patterns_et_32__enron_corpus__pattern_sharded_prefix__T22
[2026-06-29 17:34:34] OK    A_speedup_curves/patterns_et_32__enron_corpus__pattern_sharded_prefix__T22 (19s)
[2026-06-29 17:34:34] RUN   A_speedup_curves/patterns_et_32__enron_corpus__pthread_chunked__T24
[2026-06-29 17:34:37] OK    A_speedup_curves/patterns_et_32__enron_corpus__pthread_chunked__T24 (3s)
[2026-06-29 17:34:37] RUN   A_speedup_curves/patterns_et_32__enron_corpus__pthread_chunked_v2__T24
[2026-06-29 17:34:41] OK    A_speedup_curves/patterns_et_32__enron_corpus__pthread_chunked_v2__T24 (4s)
[2026-06-29 17:34:41] RUN   A_speedup_curves/patterns_et_32__enron_corpus__pthread_chunked_v3__T24
[2026-06-29 17:34:45] OK    A_speedup_curves/patterns_et_32__enron_corpus__pthread_chunked_v3__T24 (4s)
[2026-06-29 17:34:45] RUN   A_speedup_curves/patterns_et_32__enron_corpus__pthread_dynamic__T24
[2026-06-29 17:34:48] OK    A_speedup_curves/patterns_et_32__enron_corpus__pthread_dynamic__T24 (3s)
[2026-06-29 17:34:48] RUN   A_speedup_curves/patterns_et_32__enron_corpus__pthread_prefetch__T24
[2026-06-29 17:34:52] OK    A_speedup_curves/patterns_et_32__enron_corpus__pthread_prefetch__T24 (4s)
[2026-06-29 17:34:52] RUN   A_speedup_curves/patterns_et_32__enron_corpus__pthread_chunked_flat__T24
[2026-06-29 17:34:56] OK    A_speedup_curves/patterns_et_32__enron_corpus__pthread_chunked_flat__T24 (4s)
[2026-06-29 17:34:56] RUN   A_speedup_curves/patterns_et_32__enron_corpus__pthread_chunked_v3_flat__T24
[2026-06-29 17:34:59] OK    A_speedup_curves/patterns_et_32__enron_corpus__pthread_chunked_v3_flat__T24 (3s)
[2026-06-29 17:34:59] RUN   A_speedup_curves/patterns_et_32__enron_corpus__pthread_2d_sharded_chunked__T24
[2026-06-29 17:35:04] OK    A_speedup_curves/patterns_et_32__enron_corpus__pthread_2d_sharded_chunked__T24 (5s)
[2026-06-29 17:35:04] RUN   A_speedup_curves/patterns_et_32__enron_corpus__pattern_sharded_prefix__T24
[2026-06-29 17:35:22] OK    A_speedup_curves/patterns_et_32__enron_corpus__pattern_sharded_prefix__T24 (18s)
[2026-06-29 17:35:22] RUN   A_speedup_curves/patterns_et_32__enron_corpus__pthread_chunked__T26
[2026-06-29 17:35:25] OK    A_speedup_curves/patterns_et_32__enron_corpus__pthread_chunked__T26 (3s)
[2026-06-29 17:35:25] RUN   A_speedup_curves/patterns_et_32__enron_corpus__pthread_chunked_v2__T26
[2026-06-29 17:35:29] OK    A_speedup_curves/patterns_et_32__enron_corpus__pthread_chunked_v2__T26 (4s)
[2026-06-29 17:35:29] RUN   A_speedup_curves/patterns_et_32__enron_corpus__pthread_chunked_v3__T26
[2026-06-29 17:35:32] OK    A_speedup_curves/patterns_et_32__enron_corpus__pthread_chunked_v3__T26 (3s)
[2026-06-29 17:35:32] RUN   A_speedup_curves/patterns_et_32__enron_corpus__pthread_dynamic__T26
[2026-06-29 17:35:36] OK    A_speedup_curves/patterns_et_32__enron_corpus__pthread_dynamic__T26 (4s)
[2026-06-29 17:35:36] RUN   A_speedup_curves/patterns_et_32__enron_corpus__pthread_prefetch__T26
[2026-06-29 17:35:39] OK    A_speedup_curves/patterns_et_32__enron_corpus__pthread_prefetch__T26 (3s)
[2026-06-29 17:35:39] RUN   A_speedup_curves/patterns_et_32__enron_corpus__pthread_chunked_flat__T26
[2026-06-29 17:35:43] OK    A_speedup_curves/patterns_et_32__enron_corpus__pthread_chunked_flat__T26 (4s)
[2026-06-29 17:35:43] RUN   A_speedup_curves/patterns_et_32__enron_corpus__pthread_chunked_v3_flat__T26
[2026-06-29 17:35:46] OK    A_speedup_curves/patterns_et_32__enron_corpus__pthread_chunked_v3_flat__T26 (3s)
[2026-06-29 17:35:46] RUN   A_speedup_curves/patterns_et_32__enron_corpus__pthread_2d_sharded_chunked__T26
[2026-06-29 17:35:50] OK    A_speedup_curves/patterns_et_32__enron_corpus__pthread_2d_sharded_chunked__T26 (4s)
[2026-06-29 17:35:50] RUN   A_speedup_curves/patterns_et_32__enron_corpus__pattern_sharded_prefix__T26
[2026-06-29 17:36:09] OK    A_speedup_curves/patterns_et_32__enron_corpus__pattern_sharded_prefix__T26 (19s)
[2026-06-29 17:36:09] RUN   A_speedup_curves/patterns_et_32__enron_corpus__pthread_chunked__T28
[2026-06-29 17:36:13] OK    A_speedup_curves/patterns_et_32__enron_corpus__pthread_chunked__T28 (4s)
[2026-06-29 17:36:13] RUN   A_speedup_curves/patterns_et_32__enron_corpus__pthread_chunked_v2__T28
[2026-06-29 17:36:16] OK    A_speedup_curves/patterns_et_32__enron_corpus__pthread_chunked_v2__T28 (3s)
[2026-06-29 17:36:16] RUN   A_speedup_curves/patterns_et_32__enron_corpus__pthread_chunked_v3__T28
[2026-06-29 17:36:19] OK    A_speedup_curves/patterns_et_32__enron_corpus__pthread_chunked_v3__T28 (3s)
[2026-06-29 17:36:19] RUN   A_speedup_curves/patterns_et_32__enron_corpus__pthread_dynamic__T28
[2026-06-29 17:36:23] OK    A_speedup_curves/patterns_et_32__enron_corpus__pthread_dynamic__T28 (4s)
[2026-06-29 17:36:23] RUN   A_speedup_curves/patterns_et_32__enron_corpus__pthread_prefetch__T28
[2026-06-29 17:36:26] OK    A_speedup_curves/patterns_et_32__enron_corpus__pthread_prefetch__T28 (3s)
[2026-06-29 17:36:26] RUN   A_speedup_curves/patterns_et_32__enron_corpus__pthread_chunked_flat__T28
[2026-06-29 17:36:29] OK    A_speedup_curves/patterns_et_32__enron_corpus__pthread_chunked_flat__T28 (3s)
[2026-06-29 17:36:29] RUN   A_speedup_curves/patterns_et_32__enron_corpus__pthread_chunked_v3_flat__T28
[2026-06-29 17:36:32] OK    A_speedup_curves/patterns_et_32__enron_corpus__pthread_chunked_v3_flat__T28 (3s)
[2026-06-29 17:36:32] RUN   A_speedup_curves/patterns_et_32__enron_corpus__pthread_2d_sharded_chunked__T28
[2026-06-29 17:36:36] OK    A_speedup_curves/patterns_et_32__enron_corpus__pthread_2d_sharded_chunked__T28 (4s)
[2026-06-29 17:36:36] RUN   A_speedup_curves/patterns_et_32__enron_corpus__pattern_sharded_prefix__T28
[2026-06-29 17:36:56] OK    A_speedup_curves/patterns_et_32__enron_corpus__pattern_sharded_prefix__T28 (20s)
[2026-06-29 17:36:56] RUN   A_speedup_curves/patterns_et_32__enron_corpus__pthread_chunked__T30
[2026-06-29 17:36:59] OK    A_speedup_curves/patterns_et_32__enron_corpus__pthread_chunked__T30 (3s)
[2026-06-29 17:36:59] RUN   A_speedup_curves/patterns_et_32__enron_corpus__pthread_chunked_v2__T30
[2026-06-29 17:37:02] OK    A_speedup_curves/patterns_et_32__enron_corpus__pthread_chunked_v2__T30 (3s)
[2026-06-29 17:37:02] RUN   A_speedup_curves/patterns_et_32__enron_corpus__pthread_chunked_v3__T30
[2026-06-29 17:37:05] OK    A_speedup_curves/patterns_et_32__enron_corpus__pthread_chunked_v3__T30 (3s)
[2026-06-29 17:37:05] RUN   A_speedup_curves/patterns_et_32__enron_corpus__pthread_dynamic__T30
[2026-06-29 17:37:08] OK    A_speedup_curves/patterns_et_32__enron_corpus__pthread_dynamic__T30 (3s)
[2026-06-29 17:37:08] RUN   A_speedup_curves/patterns_et_32__enron_corpus__pthread_prefetch__T30
[2026-06-29 17:37:12] OK    A_speedup_curves/patterns_et_32__enron_corpus__pthread_prefetch__T30 (4s)
[2026-06-29 17:37:12] RUN   A_speedup_curves/patterns_et_32__enron_corpus__pthread_chunked_flat__T30
[2026-06-29 17:37:15] OK    A_speedup_curves/patterns_et_32__enron_corpus__pthread_chunked_flat__T30 (3s)
[2026-06-29 17:37:15] RUN   A_speedup_curves/patterns_et_32__enron_corpus__pthread_chunked_v3_flat__T30
[2026-06-29 17:37:18] OK    A_speedup_curves/patterns_et_32__enron_corpus__pthread_chunked_v3_flat__T30 (3s)
[2026-06-29 17:37:18] RUN   A_speedup_curves/patterns_et_32__enron_corpus__pthread_2d_sharded_chunked__T30
[2026-06-29 17:37:22] OK    A_speedup_curves/patterns_et_32__enron_corpus__pthread_2d_sharded_chunked__T30 (4s)
[2026-06-29 17:37:22] RUN   A_speedup_curves/patterns_et_32__enron_corpus__pattern_sharded_prefix__T30
[2026-06-29 17:37:40] OK    A_speedup_curves/patterns_et_32__enron_corpus__pattern_sharded_prefix__T30 (18s)
[2026-06-29 17:37:40] RUN   A_speedup_curves/patterns_et_32__enron_corpus__pthread_chunked__T32
[2026-06-29 17:37:43] OK    A_speedup_curves/patterns_et_32__enron_corpus__pthread_chunked__T32 (3s)
[2026-06-29 17:37:43] RUN   A_speedup_curves/patterns_et_32__enron_corpus__pthread_chunked_v2__T32
[2026-06-29 17:37:46] OK    A_speedup_curves/patterns_et_32__enron_corpus__pthread_chunked_v2__T32 (3s)
[2026-06-29 17:37:46] RUN   A_speedup_curves/patterns_et_32__enron_corpus__pthread_chunked_v3__T32
[2026-06-29 17:37:49] OK    A_speedup_curves/patterns_et_32__enron_corpus__pthread_chunked_v3__T32 (3s)
[2026-06-29 17:37:49] RUN   A_speedup_curves/patterns_et_32__enron_corpus__pthread_dynamic__T32
[2026-06-29 17:37:52] OK    A_speedup_curves/patterns_et_32__enron_corpus__pthread_dynamic__T32 (3s)
[2026-06-29 17:37:52] RUN   A_speedup_curves/patterns_et_32__enron_corpus__pthread_prefetch__T32
[2026-06-29 17:37:56] OK    A_speedup_curves/patterns_et_32__enron_corpus__pthread_prefetch__T32 (4s)
[2026-06-29 17:37:56] RUN   A_speedup_curves/patterns_et_32__enron_corpus__pthread_chunked_flat__T32
[2026-06-29 17:37:58] OK    A_speedup_curves/patterns_et_32__enron_corpus__pthread_chunked_flat__T32 (2s)
[2026-06-29 17:37:58] RUN   A_speedup_curves/patterns_et_32__enron_corpus__pthread_chunked_v3_flat__T32
[2026-06-29 17:38:01] OK    A_speedup_curves/patterns_et_32__enron_corpus__pthread_chunked_v3_flat__T32 (3s)
[2026-06-29 17:38:01] RUN   A_speedup_curves/patterns_et_32__enron_corpus__pthread_2d_sharded_chunked__T32
[2026-06-29 17:38:05] OK    A_speedup_curves/patterns_et_32__enron_corpus__pthread_2d_sharded_chunked__T32 (4s)
[2026-06-29 17:38:05] RUN   A_speedup_curves/patterns_et_32__enron_corpus__pattern_sharded_prefix__T32
[2026-06-29 17:38:24] OK    A_speedup_curves/patterns_et_32__enron_corpus__pattern_sharded_prefix__T32 (19s)
[2026-06-29 17:38:24] RUN   A_speedup_curves/patterns_snort__enron_x8__sequential__T0
[2026-06-29 17:42:22] OK    A_speedup_curves/patterns_snort__enron_x8__sequential__T0 (238s)
[2026-06-29 17:42:22] RUN   A_speedup_curves/patterns_snort__enron_x8__sequential_flat__T0
[2026-06-29 17:46:04] OK    A_speedup_curves/patterns_snort__enron_x8__sequential_flat__T0 (222s)
[2026-06-29 17:46:04] RUN   A_speedup_curves/patterns_snort__enron_x8__pthread_chunked__T1
[2026-06-29 17:49:55] OK    A_speedup_curves/patterns_snort__enron_x8__pthread_chunked__T1 (231s)
[2026-06-29 17:49:55] RUN   A_speedup_curves/patterns_snort__enron_x8__pthread_chunked_v2__T1
[2026-06-29 17:53:46] OK    A_speedup_curves/patterns_snort__enron_x8__pthread_chunked_v2__T1 (231s)
[2026-06-29 17:53:46] RUN   A_speedup_curves/patterns_snort__enron_x8__pthread_chunked_v3__T1
[2026-06-29 17:57:39] OK    A_speedup_curves/patterns_snort__enron_x8__pthread_chunked_v3__T1 (233s)
[2026-06-29 17:57:39] RUN   A_speedup_curves/patterns_snort__enron_x8__pthread_dynamic__T1
[2026-06-29 18:01:30] OK    A_speedup_curves/patterns_snort__enron_x8__pthread_dynamic__T1 (231s)
[2026-06-29 18:01:30] RUN   A_speedup_curves/patterns_snort__enron_x8__pthread_prefetch__T1
[2026-06-29 18:05:22] OK    A_speedup_curves/patterns_snort__enron_x8__pthread_prefetch__T1 (232s)
[2026-06-29 18:05:22] RUN   A_speedup_curves/patterns_snort__enron_x8__pthread_chunked_flat__T1
[2026-06-29 18:09:04] OK    A_speedup_curves/patterns_snort__enron_x8__pthread_chunked_flat__T1 (222s)
[2026-06-29 18:09:04] RUN   A_speedup_curves/patterns_snort__enron_x8__pthread_chunked_v3_flat__T1
[2026-06-29 18:12:46] OK    A_speedup_curves/patterns_snort__enron_x8__pthread_chunked_v3_flat__T1 (222s)
[2026-06-29 18:12:46] RUN   A_speedup_curves/patterns_snort__enron_x8__pthread_2d_sharded_chunked__T1
[2026-06-29 18:16:28] OK    A_speedup_curves/patterns_snort__enron_x8__pthread_2d_sharded_chunked__T1 (222s)
[2026-06-29 18:16:28] RUN   A_speedup_curves/patterns_snort__enron_x8__pattern_sharded_prefix__T1
[2026-06-29 18:20:10] OK    A_speedup_curves/patterns_snort__enron_x8__pattern_sharded_prefix__T1 (222s)
[2026-06-29 18:20:10] RUN   A_speedup_curves/patterns_snort__enron_x8__pthread_chunked__T4
[2026-06-29 18:21:11] OK    A_speedup_curves/patterns_snort__enron_x8__pthread_chunked__T4 (61s)
[2026-06-29 18:21:11] RUN   A_speedup_curves/patterns_snort__enron_x8__pthread_chunked_v2__T4
[2026-06-29 18:22:12] OK    A_speedup_curves/patterns_snort__enron_x8__pthread_chunked_v2__T4 (61s)
[2026-06-29 18:22:12] RUN   A_speedup_curves/patterns_snort__enron_x8__pthread_chunked_v3__T4
[2026-06-29 18:23:12] OK    A_speedup_curves/patterns_snort__enron_x8__pthread_chunked_v3__T4 (60s)
[2026-06-29 18:23:12] RUN   A_speedup_curves/patterns_snort__enron_x8__pthread_dynamic__T4
[2026-06-29 18:24:13] OK    A_speedup_curves/patterns_snort__enron_x8__pthread_dynamic__T4 (61s)
[2026-06-29 18:24:13] RUN   A_speedup_curves/patterns_snort__enron_x8__pthread_prefetch__T4
[2026-06-29 18:25:14] OK    A_speedup_curves/patterns_snort__enron_x8__pthread_prefetch__T4 (61s)
[2026-06-29 18:25:14] RUN   A_speedup_curves/patterns_snort__enron_x8__pthread_chunked_flat__T4
[2026-06-29 18:26:12] OK    A_speedup_curves/patterns_snort__enron_x8__pthread_chunked_flat__T4 (58s)
[2026-06-29 18:26:12] RUN   A_speedup_curves/patterns_snort__enron_x8__pthread_chunked_v3_flat__T4
[2026-06-29 18:27:10] OK    A_speedup_curves/patterns_snort__enron_x8__pthread_chunked_v3_flat__T4 (58s)
[2026-06-29 18:27:10] RUN   A_speedup_curves/patterns_snort__enron_x8__pthread_2d_sharded_chunked__T4
[2026-06-29 18:28:30] OK    A_speedup_curves/patterns_snort__enron_x8__pthread_2d_sharded_chunked__T4 (80s)
[2026-06-29 18:28:30] RUN   A_speedup_curves/patterns_snort__enron_x8__pattern_sharded_prefix__T4
[2026-06-29 18:30:44] OK    A_speedup_curves/patterns_snort__enron_x8__pattern_sharded_prefix__T4 (134s)
[2026-06-29 18:30:44] RUN   A_speedup_curves/patterns_snort__enron_x8__pthread_chunked__T8
[2026-06-29 18:31:16] OK    A_speedup_curves/patterns_snort__enron_x8__pthread_chunked__T8 (32s)
[2026-06-29 18:31:16] RUN   A_speedup_curves/patterns_snort__enron_x8__pthread_chunked_v2__T8
[2026-06-29 18:31:47] OK    A_speedup_curves/patterns_snort__enron_x8__pthread_chunked_v2__T8 (31s)
[2026-06-29 18:31:47] RUN   A_speedup_curves/patterns_snort__enron_x8__pthread_chunked_v3__T8
[2026-06-29 18:32:19] OK    A_speedup_curves/patterns_snort__enron_x8__pthread_chunked_v3__T8 (32s)
[2026-06-29 18:32:19] RUN   A_speedup_curves/patterns_snort__enron_x8__pthread_dynamic__T8
[2026-06-29 18:32:50] OK    A_speedup_curves/patterns_snort__enron_x8__pthread_dynamic__T8 (31s)
[2026-06-29 18:32:50] RUN   A_speedup_curves/patterns_snort__enron_x8__pthread_prefetch__T8
[2026-06-29 18:33:22] OK    A_speedup_curves/patterns_snort__enron_x8__pthread_prefetch__T8 (32s)
[2026-06-29 18:33:22] RUN   A_speedup_curves/patterns_snort__enron_x8__pthread_chunked_flat__T8
[2026-06-29 18:33:52] OK    A_speedup_curves/patterns_snort__enron_x8__pthread_chunked_flat__T8 (30s)
[2026-06-29 18:33:52] RUN   A_speedup_curves/patterns_snort__enron_x8__pthread_chunked_v3_flat__T8
[2026-06-29 18:34:23] OK    A_speedup_curves/patterns_snort__enron_x8__pthread_chunked_v3_flat__T8 (31s)
[2026-06-29 18:34:23] RUN   A_speedup_curves/patterns_snort__enron_x8__pthread_2d_sharded_chunked__T8
[2026-06-29 18:35:04] OK    A_speedup_curves/patterns_snort__enron_x8__pthread_2d_sharded_chunked__T8 (41s)
[2026-06-29 18:35:04] RUN   A_speedup_curves/patterns_snort__enron_x8__pattern_sharded_prefix__T8
[2026-06-29 18:37:07] OK    A_speedup_curves/patterns_snort__enron_x8__pattern_sharded_prefix__T8 (123s)
[2026-06-29 18:37:07] RUN   A_speedup_curves/patterns_snort__enron_x8__pthread_chunked__T16
[2026-06-29 18:37:25] OK    A_speedup_curves/patterns_snort__enron_x8__pthread_chunked__T16 (18s)
[2026-06-29 18:37:25] RUN   A_speedup_curves/patterns_snort__enron_x8__pthread_chunked_v2__T16
[2026-06-29 18:37:42] OK    A_speedup_curves/patterns_snort__enron_x8__pthread_chunked_v2__T16 (17s)
[2026-06-29 18:37:42] RUN   A_speedup_curves/patterns_snort__enron_x8__pthread_chunked_v3__T16
[2026-06-29 18:38:00] OK    A_speedup_curves/patterns_snort__enron_x8__pthread_chunked_v3__T16 (18s)
[2026-06-29 18:38:00] RUN   A_speedup_curves/patterns_snort__enron_x8__pthread_dynamic__T16
[2026-06-29 18:38:17] OK    A_speedup_curves/patterns_snort__enron_x8__pthread_dynamic__T16 (17s)
[2026-06-29 18:38:17] RUN   A_speedup_curves/patterns_snort__enron_x8__pthread_prefetch__T16
[2026-06-29 18:38:34] OK    A_speedup_curves/patterns_snort__enron_x8__pthread_prefetch__T16 (17s)
[2026-06-29 18:38:34] RUN   A_speedup_curves/patterns_snort__enron_x8__pthread_chunked_flat__T16
[2026-06-29 18:38:51] OK    A_speedup_curves/patterns_snort__enron_x8__pthread_chunked_flat__T16 (17s)
[2026-06-29 18:38:51] RUN   A_speedup_curves/patterns_snort__enron_x8__pthread_chunked_v3_flat__T16
[2026-06-29 18:39:08] OK    A_speedup_curves/patterns_snort__enron_x8__pthread_chunked_v3_flat__T16 (17s)
[2026-06-29 18:39:08] RUN   A_speedup_curves/patterns_snort__enron_x8__pthread_2d_sharded_chunked__T16
[2026-06-29 18:39:30] OK    A_speedup_curves/patterns_snort__enron_x8__pthread_2d_sharded_chunked__T16 (22s)
[2026-06-29 18:39:30] RUN   A_speedup_curves/patterns_snort__enron_x8__pattern_sharded_prefix__T16
[2026-06-29 18:41:36] OK    A_speedup_curves/patterns_snort__enron_x8__pattern_sharded_prefix__T16 (126s)
[2026-06-29 18:41:36] RUN   A_speedup_curves/patterns_snort__enron_x8__pthread_chunked__T32
[2026-06-29 18:41:48] OK    A_speedup_curves/patterns_snort__enron_x8__pthread_chunked__T32 (12s)
[2026-06-29 18:41:48] RUN   A_speedup_curves/patterns_snort__enron_x8__pthread_chunked_v2__T32
[2026-06-29 18:41:59] OK    A_speedup_curves/patterns_snort__enron_x8__pthread_chunked_v2__T32 (11s)
[2026-06-29 18:41:59] RUN   A_speedup_curves/patterns_snort__enron_x8__pthread_chunked_v3__T32
[2026-06-29 18:42:11] OK    A_speedup_curves/patterns_snort__enron_x8__pthread_chunked_v3__T32 (12s)
[2026-06-29 18:42:11] RUN   A_speedup_curves/patterns_snort__enron_x8__pthread_dynamic__T32
[2026-06-29 18:42:22] OK    A_speedup_curves/patterns_snort__enron_x8__pthread_dynamic__T32 (11s)
[2026-06-29 18:42:22] RUN   A_speedup_curves/patterns_snort__enron_x8__pthread_prefetch__T32
[2026-06-29 18:42:33] OK    A_speedup_curves/patterns_snort__enron_x8__pthread_prefetch__T32 (11s)
[2026-06-29 18:42:33] RUN   A_speedup_curves/patterns_snort__enron_x8__pthread_chunked_flat__T32
[2026-06-29 18:42:44] OK    A_speedup_curves/patterns_snort__enron_x8__pthread_chunked_flat__T32 (11s)
[2026-06-29 18:42:44] RUN   A_speedup_curves/patterns_snort__enron_x8__pthread_chunked_v3_flat__T32
[2026-06-29 18:42:55] OK    A_speedup_curves/patterns_snort__enron_x8__pthread_chunked_v3_flat__T32 (11s)
[2026-06-29 18:42:55] RUN   A_speedup_curves/patterns_snort__enron_x8__pthread_2d_sharded_chunked__T32
[2026-06-29 18:43:09] OK    A_speedup_curves/patterns_snort__enron_x8__pthread_2d_sharded_chunked__T32 (14s)
[2026-06-29 18:43:09] RUN   A_speedup_curves/patterns_snort__enron_x8__pattern_sharded_prefix__T32
[2026-06-29 18:45:19] OK    A_speedup_curves/patterns_snort__enron_x8__pattern_sharded_prefix__T32 (130s)
[2026-06-29 18:45:19] RUN   A_speedup_curves/patterns_et_32__enron_x8__sequential__T0
[2026-06-29 18:51:16] OK    A_speedup_curves/patterns_et_32__enron_x8__sequential__T0 (357s)
[2026-06-29 18:51:16] RUN   A_speedup_curves/patterns_et_32__enron_x8__sequential_flat__T0
[2026-06-29 18:56:54] OK    A_speedup_curves/patterns_et_32__enron_x8__sequential_flat__T0 (338s)
[2026-06-29 18:56:54] RUN   A_speedup_curves/patterns_et_32__enron_x8__pthread_chunked__T1
[2026-06-29 19:02:55] OK    A_speedup_curves/patterns_et_32__enron_x8__pthread_chunked__T1 (360s)
[2026-06-29 19:02:55] RUN   A_speedup_curves/patterns_et_32__enron_x8__pthread_chunked_v2__T1
[2026-06-29 19:08:57] OK    A_speedup_curves/patterns_et_32__enron_x8__pthread_chunked_v2__T1 (362s)
[2026-06-29 19:08:57] RUN   A_speedup_curves/patterns_et_32__enron_x8__pthread_chunked_v3__T1
[2026-06-29 19:15:00] OK    A_speedup_curves/patterns_et_32__enron_x8__pthread_chunked_v3__T1 (363s)
[2026-06-29 19:15:00] RUN   A_speedup_curves/patterns_et_32__enron_x8__pthread_dynamic__T1
[2026-06-29 19:21:03] OK    A_speedup_curves/patterns_et_32__enron_x8__pthread_dynamic__T1 (363s)
[2026-06-29 19:21:03] RUN   A_speedup_curves/patterns_et_32__enron_x8__pthread_prefetch__T1
[2026-06-29 19:27:02] OK    A_speedup_curves/patterns_et_32__enron_x8__pthread_prefetch__T1 (359s)
[2026-06-29 19:27:02] RUN   A_speedup_curves/patterns_et_32__enron_x8__pthread_chunked_flat__T1
[2026-06-29 19:32:41] OK    A_speedup_curves/patterns_et_32__enron_x8__pthread_chunked_flat__T1 (339s)
[2026-06-29 19:32:41] RUN   A_speedup_curves/patterns_et_32__enron_x8__pthread_chunked_v3_flat__T1
[2026-06-29 19:38:22] OK    A_speedup_curves/patterns_et_32__enron_x8__pthread_chunked_v3_flat__T1 (341s)
[2026-06-29 19:38:22] RUN   A_speedup_curves/patterns_et_32__enron_x8__pthread_2d_sharded_chunked__T1
[2026-06-29 19:44:02] OK    A_speedup_curves/patterns_et_32__enron_x8__pthread_2d_sharded_chunked__T1 (340s)
[2026-06-29 19:44:02] RUN   A_speedup_curves/patterns_et_32__enron_x8__pattern_sharded_prefix__T1
[2026-06-29 19:49:36] OK    A_speedup_curves/patterns_et_32__enron_x8__pattern_sharded_prefix__T1 (334s)
[2026-06-29 19:49:36] RUN   A_speedup_curves/patterns_et_32__enron_x8__pthread_chunked__T4
[2026-06-29 19:51:19] OK    A_speedup_curves/patterns_et_32__enron_x8__pthread_chunked__T4 (103s)
[2026-06-29 19:51:19] RUN   A_speedup_curves/patterns_et_32__enron_x8__pthread_chunked_v2__T4
[2026-06-29 19:53:00] OK    A_speedup_curves/patterns_et_32__enron_x8__pthread_chunked_v2__T4 (101s)
[2026-06-29 19:53:00] RUN   A_speedup_curves/patterns_et_32__enron_x8__pthread_chunked_v3__T4
[2026-06-29 19:54:40] OK    A_speedup_curves/patterns_et_32__enron_x8__pthread_chunked_v3__T4 (100s)
[2026-06-29 19:54:40] RUN   A_speedup_curves/patterns_et_32__enron_x8__pthread_dynamic__T4
[2026-06-29 19:56:21] OK    A_speedup_curves/patterns_et_32__enron_x8__pthread_dynamic__T4 (101s)
[2026-06-29 19:56:21] RUN   A_speedup_curves/patterns_et_32__enron_x8__pthread_prefetch__T4
[2026-06-29 19:58:02] OK    A_speedup_curves/patterns_et_32__enron_x8__pthread_prefetch__T4 (101s)
[2026-06-29 19:58:02] RUN   A_speedup_curves/patterns_et_32__enron_x8__pthread_chunked_flat__T4
[2026-06-29 19:59:36] OK    A_speedup_curves/patterns_et_32__enron_x8__pthread_chunked_flat__T4 (94s)
[2026-06-29 19:59:36] RUN   A_speedup_curves/patterns_et_32__enron_x8__pthread_chunked_v3_flat__T4
[2026-06-29 20:01:11] OK    A_speedup_curves/patterns_et_32__enron_x8__pthread_chunked_v3_flat__T4 (95s)
[2026-06-29 20:01:11] RUN   A_speedup_curves/patterns_et_32__enron_x8__pthread_2d_sharded_chunked__T4
[2026-06-29 20:03:09] OK    A_speedup_curves/patterns_et_32__enron_x8__pthread_2d_sharded_chunked__T4 (118s)
[2026-06-29 20:03:09] RUN   A_speedup_curves/patterns_et_32__enron_x8__pattern_sharded_prefix__T4
[2026-06-29 20:06:03] OK    A_speedup_curves/patterns_et_32__enron_x8__pattern_sharded_prefix__T4 (174s)
[2026-06-29 20:06:03] RUN   A_speedup_curves/patterns_et_32__enron_x8__pthread_chunked__T8
[2026-06-29 20:06:57] OK    A_speedup_curves/patterns_et_32__enron_x8__pthread_chunked__T8 (54s)
[2026-06-29 20:06:57] RUN   A_speedup_curves/patterns_et_32__enron_x8__pthread_chunked_v2__T8
[2026-06-29 20:07:51] OK    A_speedup_curves/patterns_et_32__enron_x8__pthread_chunked_v2__T8 (54s)
[2026-06-29 20:07:51] RUN   A_speedup_curves/patterns_et_32__enron_x8__pthread_chunked_v3__T8
[2026-06-29 20:08:45] OK    A_speedup_curves/patterns_et_32__enron_x8__pthread_chunked_v3__T8 (54s)
[2026-06-29 20:08:45] RUN   A_speedup_curves/patterns_et_32__enron_x8__pthread_dynamic__T8
[2026-06-29 20:09:39] OK    A_speedup_curves/patterns_et_32__enron_x8__pthread_dynamic__T8 (54s)
[2026-06-29 20:09:39] RUN   A_speedup_curves/patterns_et_32__enron_x8__pthread_prefetch__T8
[2026-06-29 20:10:33] OK    A_speedup_curves/patterns_et_32__enron_x8__pthread_prefetch__T8 (54s)
[2026-06-29 20:10:33] RUN   A_speedup_curves/patterns_et_32__enron_x8__pthread_chunked_flat__T8
[2026-06-29 20:11:23] OK    A_speedup_curves/patterns_et_32__enron_x8__pthread_chunked_flat__T8 (50s)
[2026-06-29 20:11:23] RUN   A_speedup_curves/patterns_et_32__enron_x8__pthread_chunked_v3_flat__T8
[2026-06-29 20:12:14] OK    A_speedup_curves/patterns_et_32__enron_x8__pthread_chunked_v3_flat__T8 (51s)
[2026-06-29 20:12:14] RUN   A_speedup_curves/patterns_et_32__enron_x8__pthread_2d_sharded_chunked__T8
[2026-06-29 20:13:17] OK    A_speedup_curves/patterns_et_32__enron_x8__pthread_2d_sharded_chunked__T8 (63s)
[2026-06-29 20:13:17] RUN   A_speedup_curves/patterns_et_32__enron_x8__pattern_sharded_prefix__T8
[2026-06-29 20:15:39] OK    A_speedup_curves/patterns_et_32__enron_x8__pattern_sharded_prefix__T8 (142s)
[2026-06-29 20:15:39] RUN   A_speedup_curves/patterns_et_32__enron_x8__pthread_chunked__T16
[2026-06-29 20:16:10] OK    A_speedup_curves/patterns_et_32__enron_x8__pthread_chunked__T16 (31s)
[2026-06-29 20:16:10] RUN   A_speedup_curves/patterns_et_32__enron_x8__pthread_chunked_v2__T16
[2026-06-29 20:16:41] OK    A_speedup_curves/patterns_et_32__enron_x8__pthread_chunked_v2__T16 (31s)
[2026-06-29 20:16:41] RUN   A_speedup_curves/patterns_et_32__enron_x8__pthread_chunked_v3__T16
[2026-06-29 20:17:11] OK    A_speedup_curves/patterns_et_32__enron_x8__pthread_chunked_v3__T16 (30s)
[2026-06-29 20:17:11] RUN   A_speedup_curves/patterns_et_32__enron_x8__pthread_dynamic__T16
[2026-06-29 20:17:42] OK    A_speedup_curves/patterns_et_32__enron_x8__pthread_dynamic__T16 (31s)
[2026-06-29 20:17:42] RUN   A_speedup_curves/patterns_et_32__enron_x8__pthread_prefetch__T16
[2026-06-29 20:18:13] OK    A_speedup_curves/patterns_et_32__enron_x8__pthread_prefetch__T16 (31s)
[2026-06-29 20:18:13] RUN   A_speedup_curves/patterns_et_32__enron_x8__pthread_chunked_flat__T16
[2026-06-29 20:18:41] OK    A_speedup_curves/patterns_et_32__enron_x8__pthread_chunked_flat__T16 (28s)
[2026-06-29 20:18:41] RUN   A_speedup_curves/patterns_et_32__enron_x8__pthread_chunked_v3_flat__T16
[2026-06-29 20:19:11] OK    A_speedup_curves/patterns_et_32__enron_x8__pthread_chunked_v3_flat__T16 (30s)
[2026-06-29 20:19:11] RUN   A_speedup_curves/patterns_et_32__enron_x8__pthread_2d_sharded_chunked__T16
[2026-06-29 20:19:46] OK    A_speedup_curves/patterns_et_32__enron_x8__pthread_2d_sharded_chunked__T16 (35s)
[2026-06-29 20:19:46] RUN   A_speedup_curves/patterns_et_32__enron_x8__pattern_sharded_prefix__T16
[2026-06-29 20:22:07] OK    A_speedup_curves/patterns_et_32__enron_x8__pattern_sharded_prefix__T16 (141s)
[2026-06-29 20:22:07] RUN   A_speedup_curves/patterns_et_32__enron_x8__pthread_chunked__T32
[2026-06-29 20:22:28] OK    A_speedup_curves/patterns_et_32__enron_x8__pthread_chunked__T32 (21s)
[2026-06-29 20:22:28] RUN   A_speedup_curves/patterns_et_32__enron_x8__pthread_chunked_v2__T32
[2026-06-29 20:22:49] OK    A_speedup_curves/patterns_et_32__enron_x8__pthread_chunked_v2__T32 (21s)
[2026-06-29 20:22:49] RUN   A_speedup_curves/patterns_et_32__enron_x8__pthread_chunked_v3__T32
[2026-06-29 20:23:10] OK    A_speedup_curves/patterns_et_32__enron_x8__pthread_chunked_v3__T32 (21s)
[2026-06-29 20:23:10] RUN   A_speedup_curves/patterns_et_32__enron_x8__pthread_dynamic__T32
[2026-06-29 20:23:31] OK    A_speedup_curves/patterns_et_32__enron_x8__pthread_dynamic__T32 (21s)
[2026-06-29 20:23:31] RUN   A_speedup_curves/patterns_et_32__enron_x8__pthread_prefetch__T32
[2026-06-29 20:23:52] OK    A_speedup_curves/patterns_et_32__enron_x8__pthread_prefetch__T32 (21s)
[2026-06-29 20:23:52] RUN   A_speedup_curves/patterns_et_32__enron_x8__pthread_chunked_flat__T32
[2026-06-29 20:24:12] OK    A_speedup_curves/patterns_et_32__enron_x8__pthread_chunked_flat__T32 (20s)
[2026-06-29 20:24:12] RUN   A_speedup_curves/patterns_et_32__enron_x8__pthread_chunked_v3_flat__T32
[2026-06-29 20:24:32] OK    A_speedup_curves/patterns_et_32__enron_x8__pthread_chunked_v3_flat__T32 (20s)
[2026-06-29 20:24:32] RUN   A_speedup_curves/patterns_et_32__enron_x8__pthread_2d_sharded_chunked__T32
[2026-06-29 20:24:57] OK    A_speedup_curves/patterns_et_32__enron_x8__pthread_2d_sharded_chunked__T32 (25s)
[2026-06-29 20:24:57] RUN   A_speedup_curves/patterns_et_32__enron_x8__pattern_sharded_prefix__T32
[2026-06-29 20:27:20] OK    A_speedup_curves/patterns_et_32__enron_x8__pattern_sharded_prefix__T32 (143s)
[2026-06-29 20:27:20] ===== Fase B — footprint sweep =====
[2026-06-29 20:27:20] RUN   B_footprint/patterns_snort_100__enron_corpus__sequential__T0
[2026-06-29 20:27:34] OK    B_footprint/patterns_snort_100__enron_corpus__sequential__T0 (14s)
[2026-06-29 20:27:34] RUN   B_footprint/patterns_snort_100__enron_corpus__sequential_flat__T0
[2026-06-29 20:27:49] OK    B_footprint/patterns_snort_100__enron_corpus__sequential_flat__T0 (15s)
[2026-06-29 20:27:49] RUN   B_footprint/patterns_snort_100__enron_corpus__pthread_chunked_v3__T1
[2026-06-29 20:28:04] OK    B_footprint/patterns_snort_100__enron_corpus__pthread_chunked_v3__T1 (15s)
[2026-06-29 20:28:04] RUN   B_footprint/patterns_snort_100__enron_corpus__pthread_chunked_v3__T32
[2026-06-29 20:28:04] OK    B_footprint/patterns_snort_100__enron_corpus__pthread_chunked_v3__T32 (0s)
[2026-06-29 20:28:04] RUN   B_footprint/patterns_snort_100__enron_corpus__pthread_chunked_flat__T1
[2026-06-29 20:28:19] OK    B_footprint/patterns_snort_100__enron_corpus__pthread_chunked_flat__T1 (15s)
[2026-06-29 20:28:19] RUN   B_footprint/patterns_snort_100__enron_corpus__pthread_chunked_flat__T32
[2026-06-29 20:28:20] OK    B_footprint/patterns_snort_100__enron_corpus__pthread_chunked_flat__T32 (1s)
[2026-06-29 20:28:20] RUN   B_footprint/patterns_snort_1k__enron_corpus__sequential__T0
[2026-06-29 20:28:41] OK    B_footprint/patterns_snort_1k__enron_corpus__sequential__T0 (21s)
[2026-06-29 20:28:41] RUN   B_footprint/patterns_snort_1k__enron_corpus__sequential_flat__T0
[2026-06-29 20:29:01] OK    B_footprint/patterns_snort_1k__enron_corpus__sequential_flat__T0 (20s)
[2026-06-29 20:29:01] RUN   B_footprint/patterns_snort_1k__enron_corpus__pthread_chunked_v3__T1
[2026-06-29 20:29:22] OK    B_footprint/patterns_snort_1k__enron_corpus__pthread_chunked_v3__T1 (21s)
[2026-06-29 20:29:22] RUN   B_footprint/patterns_snort_1k__enron_corpus__pthread_chunked_v3__T32
[2026-06-29 20:29:23] OK    B_footprint/patterns_snort_1k__enron_corpus__pthread_chunked_v3__T32 (1s)
[2026-06-29 20:29:23] RUN   B_footprint/patterns_snort_1k__enron_corpus__pthread_chunked_flat__T1
[2026-06-29 20:29:43] OK    B_footprint/patterns_snort_1k__enron_corpus__pthread_chunked_flat__T1 (20s)
[2026-06-29 20:29:43] RUN   B_footprint/patterns_snort_1k__enron_corpus__pthread_chunked_flat__T32
[2026-06-29 20:29:44] OK    B_footprint/patterns_snort_1k__enron_corpus__pthread_chunked_flat__T32 (1s)
[2026-06-29 20:29:44] RUN   B_footprint/patterns_snort__enron_corpus__sequential__T0
[2026-06-29 20:30:13] OK    B_footprint/patterns_snort__enron_corpus__sequential__T0 (29s)
[2026-06-29 20:30:13] RUN   B_footprint/patterns_snort__enron_corpus__sequential_flat__T0
[2026-06-29 20:30:41] OK    B_footprint/patterns_snort__enron_corpus__sequential_flat__T0 (28s)
[2026-06-29 20:30:41] RUN   B_footprint/patterns_snort__enron_corpus__pthread_chunked_v3__T1
[2026-06-29 20:31:10] OK    B_footprint/patterns_snort__enron_corpus__pthread_chunked_v3__T1 (29s)
[2026-06-29 20:31:10] RUN   B_footprint/patterns_snort__enron_corpus__pthread_chunked_v3__T32
[2026-06-29 20:31:12] OK    B_footprint/patterns_snort__enron_corpus__pthread_chunked_v3__T32 (2s)
[2026-06-29 20:31:12] RUN   B_footprint/patterns_snort__enron_corpus__pthread_chunked_flat__T1
[2026-06-29 20:31:39] OK    B_footprint/patterns_snort__enron_corpus__pthread_chunked_flat__T1 (27s)
[2026-06-29 20:31:39] RUN   B_footprint/patterns_snort__enron_corpus__pthread_chunked_flat__T32
[2026-06-29 20:31:41] OK    B_footprint/patterns_snort__enron_corpus__pthread_chunked_flat__T32 (2s)
[2026-06-29 20:31:41] RUN   B_footprint/patterns_et_32__enron_corpus__sequential__T0
[2026-06-29 20:32:26] OK    B_footprint/patterns_et_32__enron_corpus__sequential__T0 (45s)
[2026-06-29 20:32:26] RUN   B_footprint/patterns_et_32__enron_corpus__sequential_flat__T0
[2026-06-29 20:33:09] OK    B_footprint/patterns_et_32__enron_corpus__sequential_flat__T0 (43s)
[2026-06-29 20:33:09] RUN   B_footprint/patterns_et_32__enron_corpus__pthread_chunked_v3__T1
[2026-06-29 20:33:54] OK    B_footprint/patterns_et_32__enron_corpus__pthread_chunked_v3__T1 (45s)
[2026-06-29 20:33:54] RUN   B_footprint/patterns_et_32__enron_corpus__pthread_chunked_v3__T32
[2026-06-29 20:33:57] OK    B_footprint/patterns_et_32__enron_corpus__pthread_chunked_v3__T32 (3s)
[2026-06-29 20:33:57] RUN   B_footprint/patterns_et_32__enron_corpus__pthread_chunked_flat__T1
[2026-06-29 20:34:40] OK    B_footprint/patterns_et_32__enron_corpus__pthread_chunked_flat__T1 (43s)
[2026-06-29 20:34:40] RUN   B_footprint/patterns_et_32__enron_corpus__pthread_chunked_flat__T32
[2026-06-29 20:34:43] OK    B_footprint/patterns_et_32__enron_corpus__pthread_chunked_flat__T32 (3s)
[2026-06-29 20:34:43] ===== Fase C — cross-corpus =====
[2026-06-29 20:34:43] FAIL  C_cross_corpus/patterns_snort__simplewiki__sequential__T0 (corpus ausente: data/simplewiki.txt)
[2026-06-29 20:34:43] FAIL  C_cross_corpus/patterns_snort__simplewiki__pthread_chunked_v3__T1 (corpus ausente: data/simplewiki.txt)
[2026-06-29 20:34:43] FAIL  C_cross_corpus/patterns_snort__simplewiki__pthread_chunked_v3__T32 (corpus ausente: data/simplewiki.txt)
[2026-06-29 20:34:43] RUN   C_cross_corpus/patterns_snort__enron_corpus__sequential__T0
[2026-06-29 20:35:12] OK    C_cross_corpus/patterns_snort__enron_corpus__sequential__T0 (29s)
[2026-06-29 20:35:12] RUN   C_cross_corpus/patterns_snort__enron_corpus__pthread_chunked_v3__T1
[2026-06-29 20:35:41] OK    C_cross_corpus/patterns_snort__enron_corpus__pthread_chunked_v3__T1 (29s)
[2026-06-29 20:35:41] RUN   C_cross_corpus/patterns_snort__enron_corpus__pthread_chunked_v3__T32
[2026-06-29 20:35:42] OK    C_cross_corpus/patterns_snort__enron_corpus__pthread_chunked_v3__T32 (1s)
[2026-06-29 20:35:42] ===== Fase D — per-thread (T=32) =====
[2026-06-29 20:35:42] RUN   D_per_thread/patterns_snort__enron_corpus__pthread_chunked__T32_perthread
[2026-06-29 20:35:43] OK    D_per_thread/patterns_snort__enron_corpus__pthread_chunked__T32_perthread (1s)
[2026-06-29 20:35:43] RUN   D_per_thread/patterns_snort__enron_corpus__pthread_chunked_v2__T32_perthread
[2026-06-29 20:35:45] OK    D_per_thread/patterns_snort__enron_corpus__pthread_chunked_v2__T32_perthread (2s)
[2026-06-29 20:35:45] RUN   D_per_thread/patterns_snort__enron_corpus__pthread_chunked_v3__T32_perthread
[2026-06-29 20:35:46] OK    D_per_thread/patterns_snort__enron_corpus__pthread_chunked_v3__T32_perthread (1s)
[2026-06-29 20:35:46] RUN   D_per_thread/patterns_snort__enron_corpus__pthread_dynamic__T32_perthread
[2026-06-29 20:35:47] OK    D_per_thread/patterns_snort__enron_corpus__pthread_dynamic__T32_perthread (1s)
[2026-06-29 20:35:47] RUN   D_per_thread/patterns_snort__enron_corpus__pthread_prefetch__T32_perthread
[2026-06-29 20:35:48] OK    D_per_thread/patterns_snort__enron_corpus__pthread_prefetch__T32_perthread (1s)
[2026-06-29 20:35:48] RUN   D_per_thread/patterns_snort__enron_corpus__pthread_chunked_flat__T32_perthread
[2026-06-29 20:35:49] OK    D_per_thread/patterns_snort__enron_corpus__pthread_chunked_flat__T32_perthread (1s)
[2026-06-29 20:35:49] RUN   D_per_thread/patterns_snort__enron_corpus__pthread_chunked_v3_flat__T32_perthread
[2026-06-29 20:35:50] OK    D_per_thread/patterns_snort__enron_corpus__pthread_chunked_v3_flat__T32_perthread (1s)
[2026-06-29 20:35:50] RUN   D_per_thread/patterns_snort__enron_corpus__pthread_2d_sharded_chunked__T32_perthread
[2026-06-29 20:35:51] OK    D_per_thread/patterns_snort__enron_corpus__pthread_2d_sharded_chunked__T32_perthread (1s)
[2026-06-29 20:35:51] RUN   D_per_thread/patterns_snort__enron_corpus__pattern_sharded_prefix__T32_perthread
[2026-06-29 20:36:03] OK    D_per_thread/patterns_snort__enron_corpus__pattern_sharded_prefix__T32_perthread (12s)
[2026-06-29 20:36:03] ===== Fase E — build-time paralelo vs. sequencial (idea 4) =====
[2026-06-29 20:36:03] RUN   E_build_par/patterns_snort_100__enron_corpus__sequential__T0_buildseq
[2026-06-29 20:36:05] OK    E_build_par/patterns_snort_100__enron_corpus__sequential__T0_buildseq (2s)
[2026-06-29 20:36:05] RUN   E_build_par/patterns_snort_100__enron_corpus__sequential__T0_buildpar_T2
[2026-06-29 20:36:07] OK    E_build_par/patterns_snort_100__enron_corpus__sequential__T0_buildpar_T2 (2s)
[2026-06-29 20:36:07] RUN   E_build_par/patterns_snort_100__enron_corpus__sequential__T0_buildpar_T4
[2026-06-29 20:36:09] OK    E_build_par/patterns_snort_100__enron_corpus__sequential__T0_buildpar_T4 (2s)
[2026-06-29 20:36:09] RUN   E_build_par/patterns_snort_100__enron_corpus__sequential__T0_buildpar_T8
[2026-06-29 20:36:11] OK    E_build_par/patterns_snort_100__enron_corpus__sequential__T0_buildpar_T8 (2s)
[2026-06-29 20:36:11] RUN   E_build_par/patterns_snort_100__enron_corpus__sequential__T0_buildpar_T16
[2026-06-29 20:36:14] OK    E_build_par/patterns_snort_100__enron_corpus__sequential__T0_buildpar_T16 (3s)
[2026-06-29 20:36:14] RUN   E_build_par/patterns_snort_100__enron_corpus__sequential__T0_buildpar_T32
[2026-06-29 20:36:16] OK    E_build_par/patterns_snort_100__enron_corpus__sequential__T0_buildpar_T32 (2s)
[2026-06-29 20:36:16] RUN   E_build_par/patterns_snort_1k__enron_corpus__sequential__T0_buildseq
[2026-06-29 20:36:19] OK    E_build_par/patterns_snort_1k__enron_corpus__sequential__T0_buildseq (3s)
[2026-06-29 20:36:19] RUN   E_build_par/patterns_snort_1k__enron_corpus__sequential__T0_buildpar_T2
[2026-06-29 20:36:22] OK    E_build_par/patterns_snort_1k__enron_corpus__sequential__T0_buildpar_T2 (3s)
[2026-06-29 20:36:22] RUN   E_build_par/patterns_snort_1k__enron_corpus__sequential__T0_buildpar_T4
[2026-06-29 20:36:25] OK    E_build_par/patterns_snort_1k__enron_corpus__sequential__T0_buildpar_T4 (3s)
[2026-06-29 20:36:25] RUN   E_build_par/patterns_snort_1k__enron_corpus__sequential__T0_buildpar_T8
[2026-06-29 20:36:28] OK    E_build_par/patterns_snort_1k__enron_corpus__sequential__T0_buildpar_T8 (3s)
[2026-06-29 20:36:28] RUN   E_build_par/patterns_snort_1k__enron_corpus__sequential__T0_buildpar_T16
[2026-06-29 20:36:31] OK    E_build_par/patterns_snort_1k__enron_corpus__sequential__T0_buildpar_T16 (3s)
[2026-06-29 20:36:31] RUN   E_build_par/patterns_snort_1k__enron_corpus__sequential__T0_buildpar_T32
[2026-06-29 20:36:34] OK    E_build_par/patterns_snort_1k__enron_corpus__sequential__T0_buildpar_T32 (3s)
[2026-06-29 20:36:34] RUN   E_build_par/patterns_snort__enron_corpus__sequential__T0_buildseq
[2026-06-29 20:36:38] OK    E_build_par/patterns_snort__enron_corpus__sequential__T0_buildseq (4s)
[2026-06-29 20:36:38] RUN   E_build_par/patterns_snort__enron_corpus__sequential__T0_buildpar_T2
[2026-06-29 20:36:43] OK    E_build_par/patterns_snort__enron_corpus__sequential__T0_buildpar_T2 (5s)
[2026-06-29 20:36:43] RUN   E_build_par/patterns_snort__enron_corpus__sequential__T0_buildpar_T4
[2026-06-29 20:36:47] OK    E_build_par/patterns_snort__enron_corpus__sequential__T0_buildpar_T4 (4s)
[2026-06-29 20:36:47] RUN   E_build_par/patterns_snort__enron_corpus__sequential__T0_buildpar_T8
[2026-06-29 20:36:51] OK    E_build_par/patterns_snort__enron_corpus__sequential__T0_buildpar_T8 (4s)
[2026-06-29 20:36:51] RUN   E_build_par/patterns_snort__enron_corpus__sequential__T0_buildpar_T16
[2026-06-29 20:36:55] OK    E_build_par/patterns_snort__enron_corpus__sequential__T0_buildpar_T16 (4s)
[2026-06-29 20:36:55] RUN   E_build_par/patterns_snort__enron_corpus__sequential__T0_buildpar_T32
[2026-06-29 20:36:59] OK    E_build_par/patterns_snort__enron_corpus__sequential__T0_buildpar_T32 (4s)
[2026-06-29 20:36:59] RUN   E_build_par/patterns_et_32__enron_corpus__sequential__T0_buildseq
[2026-06-29 20:37:06] OK    E_build_par/patterns_et_32__enron_corpus__sequential__T0_buildseq (7s)
[2026-06-29 20:37:06] RUN   E_build_par/patterns_et_32__enron_corpus__sequential__T0_buildpar_T2
[2026-06-29 20:37:13] OK    E_build_par/patterns_et_32__enron_corpus__sequential__T0_buildpar_T2 (7s)
[2026-06-29 20:37:13] RUN   E_build_par/patterns_et_32__enron_corpus__sequential__T0_buildpar_T4
[2026-06-29 20:37:20] OK    E_build_par/patterns_et_32__enron_corpus__sequential__T0_buildpar_T4 (7s)
[2026-06-29 20:37:20] RUN   E_build_par/patterns_et_32__enron_corpus__sequential__T0_buildpar_T8
[2026-06-29 20:37:27] OK    E_build_par/patterns_et_32__enron_corpus__sequential__T0_buildpar_T8 (7s)
[2026-06-29 20:37:27] RUN   E_build_par/patterns_et_32__enron_corpus__sequential__T0_buildpar_T16
[2026-06-29 20:37:34] OK    E_build_par/patterns_et_32__enron_corpus__sequential__T0_buildpar_T16 (7s)
[2026-06-29 20:37:34] RUN   E_build_par/patterns_et_32__enron_corpus__sequential__T0_buildpar_T32
[2026-06-29 20:37:40] OK    E_build_par/patterns_et_32__enron_corpus__sequential__T0_buildpar_T32 (6s)
[2026-06-29 20:37:40] snapshot env -> runs/idealab-X870E-AORUS-MASTER/env/end.txt
[2026-06-29 20:37:40] === Sweep concluído ===
[2026-06-29 20:37:40] Resumo: ok=444 skipped=0 failed=3  duração=3h44m
